mode: set
gofree5gc/lib/nas/nasType/NAS_DNN.go:8.26,11.2 2 0
gofree5gc/lib/nas/nasType/NAS_PDUSESSIONAUTHENTICATIONCOMMANDMessageIdentity.go:9.155,12.2 2 0
gofree5gc/lib/nas/nasType/NAS_PDUSESSIONAUTHENTICATIONCOMMANDMessageIdentity.go:16.95,18.2 1 0
gofree5gc/lib/nas/nasType/NAS_PDUSESSIONAUTHENTICATIONCOMMANDMessageIdentity.go:22.92,24.2 1 0
gofree5gc/lib/nas/nasType/NAS_RegistrationCompleteMessageIdentity.go:9.122,12.2 2 0
gofree5gc/lib/nas/nasType/NAS_RegistrationCompleteMessageIdentity.go:16.84,18.2 1 0
gofree5gc/lib/nas/nasType/NAS_RegistrationCompleteMessageIdentity.go:22.81,24.2 1 0
gofree5gc/lib/nas/nasType/NAS_Additional5GSecurityInformation.go:12.119,16.2 3 0
gofree5gc/lib/nas/nasType/NAS_Additional5GSecurityInformation.go:20.64,22.2 1 0
gofree5gc/lib/nas/nasType/NAS_Additional5GSecurityInformation.go:26.61,28.2 1 0
gofree5gc/lib/nas/nasType/NAS_Additional5GSecurityInformation.go:32.64,34.2 1 0
gofree5gc/lib/nas/nasType/NAS_Additional5GSecurityInformation.go:38.61,40.2 1 0
gofree5gc/lib/nas/nasType/NAS_Additional5GSecurityInformation.go:44.68,46.2 1 0
gofree5gc/lib/nas/nasType/NAS_Additional5GSecurityInformation.go:50.65,52.2 1 0
gofree5gc/lib/nas/nasType/NAS_Additional5GSecurityInformation.go:56.64,58.2 1 0
gofree5gc/lib/nas/nasType/NAS_Additional5GSecurityInformation.go:62.61,64.2 1 0
gofree5gc/lib/nas/nasType/NAS_MobileIdentity5GS.go:11.77,15.2 3 0
gofree5gc/lib/nas/nasType/NAS_MobileIdentity5GS.go:19.50,21.2 1 0
gofree5gc/lib/nas/nasType/NAS_MobileIdentity5GS.go:25.47,27.2 1 0
gofree5gc/lib/nas/nasType/NAS_MobileIdentity5GS.go:31.51,33.2 1 0
gofree5gc/lib/nas/nasType/NAS_MobileIdentity5GS.go:37.48,40.2 2 0
gofree5gc/lib/nas/nasType/NAS_MobileIdentity5GS.go:44.96,48.2 3 0
gofree5gc/lib/nas/nasType/NAS_MobileIdentity5GS.go:52.93,54.2 1 0
gofree5gc/lib/nas/nasType/NAS_NotificationResponseMessageIdentity.go:9.122,12.2 2 0
gofree5gc/lib/nas/nasType/NAS_NotificationResponseMessageIdentity.go:16.84,18.2 1 0
gofree5gc/lib/nas/nasType/NAS_NotificationResponseMessageIdentity.go:22.81,24.2 1 0
gofree5gc/lib/nas/nasType/NAS_PDUSessionReactivationResult.go:27.110,31.2 3 0
gofree5gc/lib/nas/nasType/NAS_PDUSessionReactivationResult.go:35.61,37.2 1 0
gofree5gc/lib/nas/nasType/NAS_PDUSessionReactivationResult.go:41.58,43.2 1 0
gofree5gc/lib/nas/nasType/NAS_PDUSessionReactivationResult.go:47.61,49.2 1 0
gofree5gc/lib/nas/nasType/NAS_PDUSessionReactivationResult.go:53.58,56.2 2 0
gofree5gc/lib/nas/nasType/NAS_PDUSessionReactivationResult.go:60.63,62.2 1 0
gofree5gc/lib/nas/nasType/NAS_PDUSessionReactivationResult.go:66.60,68.2 1 0
gofree5gc/lib/nas/nasType/NAS_PDUSessionReactivationResult.go:72.63,74.2 1 0
gofree5gc/lib/nas/nasType/NAS_PDUSessionReactivationResult.go:78.60,80.2 1 0
gofree5gc/lib/nas/nasType/NAS_PDUSessionReactivationResult.go:84.63,86.2 1 0
gofree5gc/lib/nas/nasType/NAS_PDUSessionReactivationResult.go:90.60,92.2 1 0
gofree5gc/lib/nas/nasType/NAS_PDUSessionReactivationResult.go:96.63,98.2 1 0
gofree5gc/lib/nas/nasType/NAS_PDUSessionReactivationResult.go:102.60,104.2 1 0
gofree5gc/lib/nas/nasType/NAS_PDUSessionReactivationResult.go:108.63,110.2 1 0
gofree5gc/lib/nas/nasType/NAS_PDUSessionReactivationResult.go:114.60,116.2 1 0
gofree5gc/lib/nas/nasType/NAS_PDUSessionReactivationResult.go:120.63,122.2 1 0
gofree5gc/lib/nas/nasType/NAS_PDUSessionReactivationResult.go:126.60,128.2 1 0
gofree5gc/lib/nas/nasType/NAS_PDUSessionReactivationResult.go:132.63,134.2 1 0
gofree5gc/lib/nas/nasType/NAS_PDUSessionReactivationResult.go:138.60,140.2 1 0
gofree5gc/lib/nas/nasType/NAS_PDUSessionReactivationResult.go:144.63,146.2 1 0
gofree5gc/lib/nas/nasType/NAS_PDUSessionReactivationResult.go:150.60,152.2 1 0
gofree5gc/lib/nas/nasType/NAS_PDUSessionReactivationResult.go:156.65,158.2 1 0
gofree5gc/lib/nas/nasType/NAS_PDUSessionReactivationResult.go:162.62,164.2 1 0
gofree5gc/lib/nas/nasType/NAS_PDUSessionReactivationResult.go:168.65,170.2 1 0
gofree5gc/lib/nas/nasType/NAS_PDUSessionReactivationResult.go:174.62,176.2 1 0
gofree5gc/lib/nas/nasType/NAS_PDUSessionReactivationResult.go:180.65,182.2 1 0
gofree5gc/lib/nas/nasType/NAS_PDUSessionReactivationResult.go:186.62,188.2 1 0
gofree5gc/lib/nas/nasType/NAS_PDUSessionReactivationResult.go:192.65,194.2 1 0
gofree5gc/lib/nas/nasType/NAS_PDUSessionReactivationResult.go:198.62,200.2 1 0
gofree5gc/lib/nas/nasType/NAS_PDUSessionReactivationResult.go:204.65,206.2 1 0
gofree5gc/lib/nas/nasType/NAS_PDUSessionReactivationResult.go:210.62,212.2 1 0
gofree5gc/lib/nas/nasType/NAS_PDUSessionReactivationResult.go:216.65,218.2 1 0
gofree5gc/lib/nas/nasType/NAS_PDUSessionReactivationResult.go:222.62,224.2 1 0
gofree5gc/lib/nas/nasType/NAS_PDUSessionReactivationResult.go:228.63,230.2 1 0
gofree5gc/lib/nas/nasType/NAS_PDUSessionReactivationResult.go:234.60,236.2 1 0
gofree5gc/lib/nas/nasType/NAS_PDUSessionReactivationResult.go:240.63,242.2 1 0
gofree5gc/lib/nas/nasType/NAS_PDUSessionReactivationResult.go:246.60,248.2 1 0
gofree5gc/lib/nas/nasType/NAS_PDUSessionReactivationResult.go:252.67,256.2 3 0
gofree5gc/lib/nas/nasType/NAS_PDUSessionReactivationResult.go:260.64,262.2 1 0
gofree5gc/lib/nas/nasType/NAS_SecurityModeCommandMessageIdentity.go:9.119,12.2 2 0
gofree5gc/lib/nas/nasType/NAS_SecurityModeCommandMessageIdentity.go:16.83,18.2 1 0
gofree5gc/lib/nas/nasType/NAS_SecurityModeCommandMessageIdentity.go:22.80,24.2 1 0
gofree5gc/lib/nas/nasType/NAS_ShortNameForNetwork.go:15.83,19.2 3 0
gofree5gc/lib/nas/nasType/NAS_ShortNameForNetwork.go:23.52,25.2 1 0
gofree5gc/lib/nas/nasType/NAS_ShortNameForNetwork.go:29.49,31.2 1 0
gofree5gc/lib/nas/nasType/NAS_ShortNameForNetwork.go:35.52,37.2 1 0
gofree5gc/lib/nas/nasType/NAS_ShortNameForNetwork.go:41.49,44.2 2 0
gofree5gc/lib/nas/nasType/NAS_ShortNameForNetwork.go:48.52,50.2 1 0
gofree5gc/lib/nas/nasType/NAS_ShortNameForNetwork.go:54.49,56.2 1 0
gofree5gc/lib/nas/nasType/NAS_ShortNameForNetwork.go:60.70,62.2 1 0
gofree5gc/lib/nas/nasType/NAS_ShortNameForNetwork.go:66.67,68.2 1 0
gofree5gc/lib/nas/nasType/NAS_ShortNameForNetwork.go:72.56,74.2 1 0
gofree5gc/lib/nas/nasType/NAS_ShortNameForNetwork.go:78.53,80.2 1 0
gofree5gc/lib/nas/nasType/NAS_ShortNameForNetwork.go:84.102,86.2 1 0
gofree5gc/lib/nas/nasType/NAS_ShortNameForNetwork.go:90.99,92.2 1 0
gofree5gc/lib/nas/nasType/NAS_ShortNameForNetwork.go:96.68,100.2 3 0
gofree5gc/lib/nas/nasType/NAS_ShortNameForNetwork.go:104.65,106.2 1 0
gofree5gc/lib/nas/nasType/NAS_AllowedPDUSessionStatus.go:27.95,31.2 3 0
gofree5gc/lib/nas/nasType/NAS_AllowedPDUSessionStatus.go:35.56,37.2 1 0
gofree5gc/lib/nas/nasType/NAS_AllowedPDUSessionStatus.go:41.53,43.2 1 0
gofree5gc/lib/nas/nasType/NAS_AllowedPDUSessionStatus.go:47.56,49.2 1 0
gofree5gc/lib/nas/nasType/NAS_AllowedPDUSessionStatus.go:53.53,56.2 2 0
gofree5gc/lib/nas/nasType/NAS_AllowedPDUSessionStatus.go:60.58,62.2 1 0
gofree5gc/lib/nas/nasType/NAS_AllowedPDUSessionStatus.go:66.55,68.2 1 0
gofree5gc/lib/nas/nasType/NAS_AllowedPDUSessionStatus.go:72.58,74.2 1 0
gofree5gc/lib/nas/nasType/NAS_AllowedPDUSessionStatus.go:78.55,80.2 1 0
gofree5gc/lib/nas/nasType/NAS_AllowedPDUSessionStatus.go:84.58,86.2 1 0
gofree5gc/lib/nas/nasType/NAS_AllowedPDUSessionStatus.go:90.55,92.2 1 0
gofree5gc/lib/nas/nasType/NAS_AllowedPDUSessionStatus.go:96.58,98.2 1 0
gofree5gc/lib/nas/nasType/NAS_AllowedPDUSessionStatus.go:102.55,104.2 1 0
gofree5gc/lib/nas/nasType/NAS_AllowedPDUSessionStatus.go:108.58,110.2 1 0
gofree5gc/lib/nas/nasType/NAS_AllowedPDUSessionStatus.go:114.55,116.2 1 0
gofree5gc/lib/nas/nasType/NAS_AllowedPDUSessionStatus.go:120.58,122.2 1 0
gofree5gc/lib/nas/nasType/NAS_AllowedPDUSessionStatus.go:126.55,128.2 1 0
gofree5gc/lib/nas/nasType/NAS_AllowedPDUSessionStatus.go:132.58,134.2 1 0
gofree5gc/lib/nas/nasType/NAS_AllowedPDUSessionStatus.go:138.55,140.2 1 0
gofree5gc/lib/nas/nasType/NAS_AllowedPDUSessionStatus.go:144.58,146.2 1 0
gofree5gc/lib/nas/nasType/NAS_AllowedPDUSessionStatus.go:150.55,152.2 1 0
gofree5gc/lib/nas/nasType/NAS_AllowedPDUSessionStatus.go:156.60,158.2 1 0
gofree5gc/lib/nas/nasType/NAS_AllowedPDUSessionStatus.go:162.57,164.2 1 0
gofree5gc/lib/nas/nasType/NAS_AllowedPDUSessionStatus.go:168.60,170.2 1 0
gofree5gc/lib/nas/nasType/NAS_AllowedPDUSessionStatus.go:174.57,176.2 1 0
gofree5gc/lib/nas/nasType/NAS_AllowedPDUSessionStatus.go:180.60,182.2 1 0
gofree5gc/lib/nas/nasType/NAS_AllowedPDUSessionStatus.go:186.57,188.2 1 0
gofree5gc/lib/nas/nasType/NAS_AllowedPDUSessionStatus.go:192.60,194.2 1 0
gofree5gc/lib/nas/nasType/NAS_AllowedPDUSessionStatus.go:198.57,200.2 1 0
gofree5gc/lib/nas/nasType/NAS_AllowedPDUSessionStatus.go:204.60,206.2 1 0
gofree5gc/lib/nas/nasType/NAS_AllowedPDUSessionStatus.go:210.57,212.2 1 0
gofree5gc/lib/nas/nasType/NAS_AllowedPDUSessionStatus.go:216.60,218.2 1 0
gofree5gc/lib/nas/nasType/NAS_AllowedPDUSessionStatus.go:222.57,224.2 1 0
gofree5gc/lib/nas/nasType/NAS_AllowedPDUSessionStatus.go:228.58,230.2 1 0
gofree5gc/lib/nas/nasType/NAS_AllowedPDUSessionStatus.go:234.55,236.2 1 0
gofree5gc/lib/nas/nasType/NAS_AllowedPDUSessionStatus.go:240.58,242.2 1 0
gofree5gc/lib/nas/nasType/NAS_AllowedPDUSessionStatus.go:246.55,248.2 1 0
gofree5gc/lib/nas/nasType/NAS_AllowedPDUSessionStatus.go:252.62,256.2 3 0
gofree5gc/lib/nas/nasType/NAS_AllowedPDUSessionStatus.go:260.59,262.2 1 0
gofree5gc/lib/nas/nasType/NAS_IMEISVRequest.go:10.65,14.2 3 0
gofree5gc/lib/nas/nasType/NAS_IMEISVRequest.go:18.46,20.2 1 0
gofree5gc/lib/nas/nasType/NAS_IMEISVRequest.go:24.43,26.2 1 0
gofree5gc/lib/nas/nasType/NAS_IMEISVRequest.go:30.76,32.2 1 0
gofree5gc/lib/nas/nasType/NAS_IMEISVRequest.go:36.73,38.2 1 0
gofree5gc/lib/nas/nasType/NAS_NASMessageContainer.go:11.83,15.2 3 0
gofree5gc/lib/nas/nasType/NAS_NASMessageContainer.go:19.52,21.2 1 0
gofree5gc/lib/nas/nasType/NAS_NASMessageContainer.go:25.49,27.2 1 0
gofree5gc/lib/nas/nasType/NAS_NASMessageContainer.go:31.53,33.2 1 0
gofree5gc/lib/nas/nasType/NAS_NASMessageContainer.go:37.50,40.2 2 0
gofree5gc/lib/nas/nasType/NAS_NASMessageContainer.go:44.102,48.2 3 0
gofree5gc/lib/nas/nasType/NAS_NASMessageContainer.go:52.99,54.2 1 0
gofree5gc/lib/nas/nasType/NAS_PDUSESSIONESTABLISHMENTACCEPTMessageIdentity.go:9.149,12.2 2 0
gofree5gc/lib/nas/nasType/NAS_PDUSESSIONESTABLISHMENTACCEPTMessageIdentity.go:16.93,18.2 1 0
gofree5gc/lib/nas/nasType/NAS_PDUSESSIONESTABLISHMENTACCEPTMessageIdentity.go:22.90,24.2 1 0
gofree5gc/lib/nas/nasType/NAS_UesUsageSetting.go:11.71,15.2 3 0
gofree5gc/lib/nas/nasType/NAS_UesUsageSetting.go:19.48,21.2 1 0
gofree5gc/lib/nas/nasType/NAS_UesUsageSetting.go:25.45,27.2 1 0
gofree5gc/lib/nas/nasType/NAS_UesUsageSetting.go:31.48,33.2 1 0
gofree5gc/lib/nas/nasType/NAS_UesUsageSetting.go:37.45,39.2 1 0
gofree5gc/lib/nas/nasType/NAS_UesUsageSetting.go:43.72,45.2 1 0
gofree5gc/lib/nas/nasType/NAS_UesUsageSetting.go:49.69,51.2 1 0
gofree5gc/lib/nas/nasType/NAS_ExtendedProtocolConfigurationOptions.go:11.134,15.2 3 0
gofree5gc/lib/nas/nasType/NAS_ExtendedProtocolConfigurationOptions.go:19.69,21.2 1 0
gofree5gc/lib/nas/nasType/NAS_ExtendedProtocolConfigurationOptions.go:25.66,27.2 1 0
gofree5gc/lib/nas/nasType/NAS_ExtendedProtocolConfigurationOptions.go:31.70,33.2 1 0
gofree5gc/lib/nas/nasType/NAS_ExtendedProtocolConfigurationOptions.go:37.67,40.2 2 0
gofree5gc/lib/nas/nasType/NAS_ExtendedProtocolConfigurationOptions.go:44.153,48.2 3 0
gofree5gc/lib/nas/nasType/NAS_ExtendedProtocolConfigurationOptions.go:52.150,54.2 1 0
gofree5gc/lib/nas/nasType/NAS_PDUSessionType.go:11.68,15.2 3 0
gofree5gc/lib/nas/nasType/NAS_PDUSessionType.go:19.47,21.2 1 0
gofree5gc/lib/nas/nasType/NAS_PDUSessionType.go:25.44,27.2 1 0
gofree5gc/lib/nas/nasType/NAS_PDUSessionType.go:31.51,33.2 1 0
gofree5gc/lib/nas/nasType/NAS_PDUSessionType.go:37.48,39.2 1 0
gofree5gc/lib/nas/nasType/NAS_PDUSessionType.go:43.79,45.2 1 0
gofree5gc/lib/nas/nasType/NAS_PDUSessionType.go:49.76,51.2 1 0
gofree5gc/lib/nas/nasType/NAS_T3502Value.go:11.56,15.2 3 0
gofree5gc/lib/nas/nasType/NAS_T3502Value.go:19.43,21.2 1 0
gofree5gc/lib/nas/nasType/NAS_T3502Value.go:25.40,27.2 1 0
gofree5gc/lib/nas/nasType/NAS_T3502Value.go:31.43,33.2 1 0
gofree5gc/lib/nas/nasType/NAS_T3502Value.go:37.40,39.2 1 0
gofree5gc/lib/nas/nasType/NAS_T3502Value.go:43.67,45.2 1 0
gofree5gc/lib/nas/nasType/NAS_T3502Value.go:49.64,51.2 1 0
gofree5gc/lib/nas/nasType/NAS_AuthenticationResultMessageIdentity.go:9.122,12.2 2 1
gofree5gc/lib/nas/nasType/NAS_AuthenticationResultMessageIdentity.go:16.84,18.2 1 1
gofree5gc/lib/nas/nasType/NAS_AuthenticationResultMessageIdentity.go:22.81,24.2 1 1
gofree5gc/lib/nas/nasType/NAS_EquivalentPlmns.go:100.71,104.2 3 0
gofree5gc/lib/nas/nasType/NAS_EquivalentPlmns.go:108.48,110.2 1 0
gofree5gc/lib/nas/nasType/NAS_EquivalentPlmns.go:114.45,116.2 1 0
gofree5gc/lib/nas/nasType/NAS_EquivalentPlmns.go:120.48,122.2 1 0
gofree5gc/lib/nas/nasType/NAS_EquivalentPlmns.go:126.45,128.2 1 0
gofree5gc/lib/nas/nasType/NAS_EquivalentPlmns.go:132.70,134.2 1 0
gofree5gc/lib/nas/nasType/NAS_EquivalentPlmns.go:138.67,140.2 1 0
gofree5gc/lib/nas/nasType/NAS_EquivalentPlmns.go:144.70,146.2 1 0
gofree5gc/lib/nas/nasType/NAS_EquivalentPlmns.go:150.67,152.2 1 0
gofree5gc/lib/nas/nasType/NAS_EquivalentPlmns.go:156.70,158.2 1 0
gofree5gc/lib/nas/nasType/NAS_EquivalentPlmns.go:162.67,164.2 1 0
gofree5gc/lib/nas/nasType/NAS_EquivalentPlmns.go:168.70,170.2 1 0
gofree5gc/lib/nas/nasType/NAS_EquivalentPlmns.go:174.67,176.2 1 0
gofree5gc/lib/nas/nasType/NAS_EquivalentPlmns.go:180.70,182.2 1 0
gofree5gc/lib/nas/nasType/NAS_EquivalentPlmns.go:186.67,188.2 1 0
gofree5gc/lib/nas/nasType/NAS_EquivalentPlmns.go:192.70,194.2 1 0
gofree5gc/lib/nas/nasType/NAS_EquivalentPlmns.go:198.67,200.2 1 0
gofree5gc/lib/nas/nasType/NAS_EquivalentPlmns.go:204.70,206.2 1 0
gofree5gc/lib/nas/nasType/NAS_EquivalentPlmns.go:210.67,212.2 1 0
gofree5gc/lib/nas/nasType/NAS_EquivalentPlmns.go:216.70,218.2 1 0
gofree5gc/lib/nas/nasType/NAS_EquivalentPlmns.go:222.67,224.2 1 0
gofree5gc/lib/nas/nasType/NAS_EquivalentPlmns.go:228.70,230.2 1 0
gofree5gc/lib/nas/nasType/NAS_EquivalentPlmns.go:234.67,236.2 1 0
gofree5gc/lib/nas/nasType/NAS_EquivalentPlmns.go:240.70,242.2 1 0
gofree5gc/lib/nas/nasType/NAS_EquivalentPlmns.go:246.67,248.2 1 0
gofree5gc/lib/nas/nasType/NAS_EquivalentPlmns.go:252.70,254.2 1 0
gofree5gc/lib/nas/nasType/NAS_EquivalentPlmns.go:258.67,260.2 1 0
gofree5gc/lib/nas/nasType/NAS_EquivalentPlmns.go:264.70,266.2 1 0
gofree5gc/lib/nas/nasType/NAS_EquivalentPlmns.go:270.67,272.2 1 0
gofree5gc/lib/nas/nasType/NAS_EquivalentPlmns.go:276.70,278.2 1 0
gofree5gc/lib/nas/nasType/NAS_EquivalentPlmns.go:282.67,284.2 1 0
gofree5gc/lib/nas/nasType/NAS_EquivalentPlmns.go:288.70,290.2 1 0
gofree5gc/lib/nas/nasType/NAS_EquivalentPlmns.go:294.67,296.2 1 0
gofree5gc/lib/nas/nasType/NAS_EquivalentPlmns.go:300.70,302.2 1 0
gofree5gc/lib/nas/nasType/NAS_EquivalentPlmns.go:306.67,308.2 1 0
gofree5gc/lib/nas/nasType/NAS_EquivalentPlmns.go:312.70,314.2 1 0
gofree5gc/lib/nas/nasType/NAS_EquivalentPlmns.go:318.67,320.2 1 0
gofree5gc/lib/nas/nasType/NAS_EquivalentPlmns.go:324.70,326.2 1 0
gofree5gc/lib/nas/nasType/NAS_EquivalentPlmns.go:330.67,332.2 1 0
gofree5gc/lib/nas/nasType/NAS_EquivalentPlmns.go:336.70,338.2 1 0
gofree5gc/lib/nas/nasType/NAS_EquivalentPlmns.go:342.67,344.2 1 0
gofree5gc/lib/nas/nasType/NAS_EquivalentPlmns.go:348.70,350.2 1 0
gofree5gc/lib/nas/nasType/NAS_EquivalentPlmns.go:354.67,356.2 1 0
gofree5gc/lib/nas/nasType/NAS_EquivalentPlmns.go:360.70,362.2 1 0
gofree5gc/lib/nas/nasType/NAS_EquivalentPlmns.go:366.67,368.2 1 0
gofree5gc/lib/nas/nasType/NAS_EquivalentPlmns.go:372.70,374.2 1 0
gofree5gc/lib/nas/nasType/NAS_EquivalentPlmns.go:378.67,380.2 1 0
gofree5gc/lib/nas/nasType/NAS_EquivalentPlmns.go:384.70,386.2 1 0
gofree5gc/lib/nas/nasType/NAS_EquivalentPlmns.go:390.67,392.2 1 0
gofree5gc/lib/nas/nasType/NAS_EquivalentPlmns.go:396.70,398.2 1 0
gofree5gc/lib/nas/nasType/NAS_EquivalentPlmns.go:402.67,404.2 1 0
gofree5gc/lib/nas/nasType/NAS_EquivalentPlmns.go:408.70,410.2 1 0
gofree5gc/lib/nas/nasType/NAS_EquivalentPlmns.go:414.67,416.2 1 0
gofree5gc/lib/nas/nasType/NAS_EquivalentPlmns.go:420.70,422.2 1 0
gofree5gc/lib/nas/nasType/NAS_EquivalentPlmns.go:426.67,428.2 1 0
gofree5gc/lib/nas/nasType/NAS_EquivalentPlmns.go:432.70,434.2 1 0
gofree5gc/lib/nas/nasType/NAS_EquivalentPlmns.go:438.67,440.2 1 0
gofree5gc/lib/nas/nasType/NAS_EquivalentPlmns.go:444.70,446.2 1 0
gofree5gc/lib/nas/nasType/NAS_EquivalentPlmns.go:450.67,452.2 1 0
gofree5gc/lib/nas/nasType/NAS_EquivalentPlmns.go:456.70,458.2 1 0
gofree5gc/lib/nas/nasType/NAS_EquivalentPlmns.go:462.67,464.2 1 0
gofree5gc/lib/nas/nasType/NAS_EquivalentPlmns.go:468.70,470.2 1 0
gofree5gc/lib/nas/nasType/NAS_EquivalentPlmns.go:474.67,476.2 1 0
gofree5gc/lib/nas/nasType/NAS_EquivalentPlmns.go:480.70,482.2 1 0
gofree5gc/lib/nas/nasType/NAS_EquivalentPlmns.go:486.67,488.2 1 0
gofree5gc/lib/nas/nasType/NAS_EquivalentPlmns.go:492.70,494.2 1 0
gofree5gc/lib/nas/nasType/NAS_EquivalentPlmns.go:498.67,500.2 1 0
gofree5gc/lib/nas/nasType/NAS_EquivalentPlmns.go:504.70,506.2 1 0
gofree5gc/lib/nas/nasType/NAS_EquivalentPlmns.go:510.67,512.2 1 0
gofree5gc/lib/nas/nasType/NAS_EquivalentPlmns.go:516.70,518.2 1 0
gofree5gc/lib/nas/nasType/NAS_EquivalentPlmns.go:522.67,524.2 1 0
gofree5gc/lib/nas/nasType/NAS_EquivalentPlmns.go:528.70,530.2 1 0
gofree5gc/lib/nas/nasType/NAS_EquivalentPlmns.go:534.67,536.2 1 0
gofree5gc/lib/nas/nasType/NAS_EquivalentPlmns.go:540.70,542.2 1 0
gofree5gc/lib/nas/nasType/NAS_EquivalentPlmns.go:546.67,548.2 1 0
gofree5gc/lib/nas/nasType/NAS_EquivalentPlmns.go:552.70,554.2 1 0
gofree5gc/lib/nas/nasType/NAS_EquivalentPlmns.go:558.67,560.2 1 0
gofree5gc/lib/nas/nasType/NAS_EquivalentPlmns.go:564.70,566.2 1 0
gofree5gc/lib/nas/nasType/NAS_EquivalentPlmns.go:570.67,572.2 1 0
gofree5gc/lib/nas/nasType/NAS_EquivalentPlmns.go:576.70,578.2 1 0
gofree5gc/lib/nas/nasType/NAS_EquivalentPlmns.go:582.67,584.2 1 0
gofree5gc/lib/nas/nasType/NAS_EquivalentPlmns.go:588.70,590.2 1 0
gofree5gc/lib/nas/nasType/NAS_EquivalentPlmns.go:594.67,596.2 1 0
gofree5gc/lib/nas/nasType/NAS_EquivalentPlmns.go:600.70,602.2 1 0
gofree5gc/lib/nas/nasType/NAS_EquivalentPlmns.go:606.67,608.2 1 0
gofree5gc/lib/nas/nasType/NAS_EquivalentPlmns.go:612.70,614.2 1 0
gofree5gc/lib/nas/nasType/NAS_EquivalentPlmns.go:618.67,620.2 1 0
gofree5gc/lib/nas/nasType/NAS_EquivalentPlmns.go:624.70,626.2 1 0
gofree5gc/lib/nas/nasType/NAS_EquivalentPlmns.go:630.67,632.2 1 0
gofree5gc/lib/nas/nasType/NAS_EquivalentPlmns.go:636.70,638.2 1 0
gofree5gc/lib/nas/nasType/NAS_EquivalentPlmns.go:642.67,644.2 1 0
gofree5gc/lib/nas/nasType/NAS_EquivalentPlmns.go:648.70,650.2 1 0
gofree5gc/lib/nas/nasType/NAS_EquivalentPlmns.go:654.67,656.2 1 0
gofree5gc/lib/nas/nasType/NAS_EquivalentPlmns.go:660.70,662.2 1 0
gofree5gc/lib/nas/nasType/NAS_EquivalentPlmns.go:666.67,668.2 1 0
gofree5gc/lib/nas/nasType/NAS_EquivalentPlmns.go:672.70,674.2 1 0
gofree5gc/lib/nas/nasType/NAS_EquivalentPlmns.go:678.67,680.2 1 0
gofree5gc/lib/nas/nasType/NAS_EquivalentPlmns.go:684.70,686.2 1 0
gofree5gc/lib/nas/nasType/NAS_EquivalentPlmns.go:690.67,692.2 1 0
gofree5gc/lib/nas/nasType/NAS_EquivalentPlmns.go:696.70,698.2 1 0
gofree5gc/lib/nas/nasType/NAS_EquivalentPlmns.go:702.67,704.2 1 0
gofree5gc/lib/nas/nasType/NAS_EquivalentPlmns.go:708.70,710.2 1 0
gofree5gc/lib/nas/nasType/NAS_EquivalentPlmns.go:714.67,716.2 1 0
gofree5gc/lib/nas/nasType/NAS_EquivalentPlmns.go:720.70,722.2 1 0
gofree5gc/lib/nas/nasType/NAS_EquivalentPlmns.go:726.67,728.2 1 0
gofree5gc/lib/nas/nasType/NAS_EquivalentPlmns.go:732.70,734.2 1 0
gofree5gc/lib/nas/nasType/NAS_EquivalentPlmns.go:738.67,740.2 1 0
gofree5gc/lib/nas/nasType/NAS_EquivalentPlmns.go:744.70,746.2 1 0
gofree5gc/lib/nas/nasType/NAS_EquivalentPlmns.go:750.67,752.2 1 0
gofree5gc/lib/nas/nasType/NAS_EquivalentPlmns.go:756.70,758.2 1 0
gofree5gc/lib/nas/nasType/NAS_EquivalentPlmns.go:762.67,764.2 1 0
gofree5gc/lib/nas/nasType/NAS_EquivalentPlmns.go:768.70,770.2 1 0
gofree5gc/lib/nas/nasType/NAS_EquivalentPlmns.go:774.67,776.2 1 0
gofree5gc/lib/nas/nasType/NAS_EquivalentPlmns.go:780.72,782.2 1 0
gofree5gc/lib/nas/nasType/NAS_EquivalentPlmns.go:786.69,788.2 1 0
gofree5gc/lib/nas/nasType/NAS_EquivalentPlmns.go:792.72,794.2 1 0
gofree5gc/lib/nas/nasType/NAS_EquivalentPlmns.go:798.69,800.2 1 0
gofree5gc/lib/nas/nasType/NAS_EquivalentPlmns.go:804.72,806.2 1 0
gofree5gc/lib/nas/nasType/NAS_EquivalentPlmns.go:810.69,812.2 1 0
gofree5gc/lib/nas/nasType/NAS_EquivalentPlmns.go:816.72,818.2 1 0
gofree5gc/lib/nas/nasType/NAS_EquivalentPlmns.go:822.69,824.2 1 0
gofree5gc/lib/nas/nasType/NAS_EquivalentPlmns.go:828.72,830.2 1 0
gofree5gc/lib/nas/nasType/NAS_EquivalentPlmns.go:834.69,836.2 1 0
gofree5gc/lib/nas/nasType/NAS_EquivalentPlmns.go:840.72,842.2 1 0
gofree5gc/lib/nas/nasType/NAS_EquivalentPlmns.go:846.69,848.2 1 0
gofree5gc/lib/nas/nasType/NAS_EquivalentPlmns.go:852.72,854.2 1 0
gofree5gc/lib/nas/nasType/NAS_EquivalentPlmns.go:858.69,860.2 1 0
gofree5gc/lib/nas/nasType/NAS_EquivalentPlmns.go:864.72,866.2 1 0
gofree5gc/lib/nas/nasType/NAS_EquivalentPlmns.go:870.69,872.2 1 0
gofree5gc/lib/nas/nasType/NAS_EquivalentPlmns.go:876.72,878.2 1 0
gofree5gc/lib/nas/nasType/NAS_EquivalentPlmns.go:882.69,884.2 1 0
gofree5gc/lib/nas/nasType/NAS_EquivalentPlmns.go:888.72,890.2 1 0
gofree5gc/lib/nas/nasType/NAS_EquivalentPlmns.go:894.69,896.2 1 0
gofree5gc/lib/nas/nasType/NAS_EquivalentPlmns.go:900.72,902.2 1 0
gofree5gc/lib/nas/nasType/NAS_EquivalentPlmns.go:906.69,908.2 1 0
gofree5gc/lib/nas/nasType/NAS_EquivalentPlmns.go:912.72,914.2 1 0
gofree5gc/lib/nas/nasType/NAS_EquivalentPlmns.go:918.69,920.2 1 0
gofree5gc/lib/nas/nasType/NAS_EquivalentPlmns.go:924.72,926.2 1 0
gofree5gc/lib/nas/nasType/NAS_EquivalentPlmns.go:930.69,932.2 1 0
gofree5gc/lib/nas/nasType/NAS_EquivalentPlmns.go:936.72,938.2 1 0
gofree5gc/lib/nas/nasType/NAS_EquivalentPlmns.go:942.69,944.2 1 0
gofree5gc/lib/nas/nasType/NAS_EquivalentPlmns.go:948.72,950.2 1 0
gofree5gc/lib/nas/nasType/NAS_EquivalentPlmns.go:954.69,956.2 1 0
gofree5gc/lib/nas/nasType/NAS_EquivalentPlmns.go:960.72,962.2 1 0
gofree5gc/lib/nas/nasType/NAS_EquivalentPlmns.go:966.69,968.2 1 0
gofree5gc/lib/nas/nasType/NAS_EquivalentPlmns.go:972.72,974.2 1 0
gofree5gc/lib/nas/nasType/NAS_EquivalentPlmns.go:978.69,980.2 1 0
gofree5gc/lib/nas/nasType/NAS_EquivalentPlmns.go:984.72,986.2 1 0
gofree5gc/lib/nas/nasType/NAS_EquivalentPlmns.go:990.69,992.2 1 0
gofree5gc/lib/nas/nasType/NAS_EquivalentPlmns.go:996.72,998.2 1 0
gofree5gc/lib/nas/nasType/NAS_EquivalentPlmns.go:1002.69,1004.2 1 0
gofree5gc/lib/nas/nasType/NAS_EquivalentPlmns.go:1008.72,1010.2 1 0
gofree5gc/lib/nas/nasType/NAS_EquivalentPlmns.go:1014.69,1016.2 1 0
gofree5gc/lib/nas/nasType/NAS_EquivalentPlmns.go:1020.72,1022.2 1 0
gofree5gc/lib/nas/nasType/NAS_EquivalentPlmns.go:1026.69,1028.2 1 0
gofree5gc/lib/nas/nasType/NAS_EquivalentPlmns.go:1032.72,1034.2 1 0
gofree5gc/lib/nas/nasType/NAS_EquivalentPlmns.go:1038.69,1040.2 1 0
gofree5gc/lib/nas/nasType/NAS_EquivalentPlmns.go:1044.72,1046.2 1 0
gofree5gc/lib/nas/nasType/NAS_EquivalentPlmns.go:1050.69,1052.2 1 0
gofree5gc/lib/nas/nasType/NAS_EquivalentPlmns.go:1056.72,1058.2 1 0
gofree5gc/lib/nas/nasType/NAS_EquivalentPlmns.go:1062.69,1064.2 1 0
gofree5gc/lib/nas/nasType/NAS_EquivalentPlmns.go:1068.72,1070.2 1 0
gofree5gc/lib/nas/nasType/NAS_EquivalentPlmns.go:1074.69,1076.2 1 0
gofree5gc/lib/nas/nasType/NAS_EquivalentPlmns.go:1080.72,1082.2 1 0
gofree5gc/lib/nas/nasType/NAS_EquivalentPlmns.go:1086.69,1088.2 1 0
gofree5gc/lib/nas/nasType/NAS_EquivalentPlmns.go:1092.72,1094.2 1 0
gofree5gc/lib/nas/nasType/NAS_EquivalentPlmns.go:1098.69,1100.2 1 0
gofree5gc/lib/nas/nasType/NAS_EquivalentPlmns.go:1104.72,1106.2 1 0
gofree5gc/lib/nas/nasType/NAS_EquivalentPlmns.go:1110.69,1112.2 1 0
gofree5gc/lib/nas/nasType/NAS_EquivalentPlmns.go:1116.72,1118.2 1 0
gofree5gc/lib/nas/nasType/NAS_EquivalentPlmns.go:1122.69,1124.2 1 0
gofree5gc/lib/nas/nasType/NAS_EquivalentPlmns.go:1128.72,1130.2 1 0
gofree5gc/lib/nas/nasType/NAS_EquivalentPlmns.go:1134.69,1136.2 1 0
gofree5gc/lib/nas/nasType/NAS_EquivalentPlmns.go:1140.72,1142.2 1 0
gofree5gc/lib/nas/nasType/NAS_EquivalentPlmns.go:1146.69,1148.2 1 0
gofree5gc/lib/nas/nasType/NAS_EquivalentPlmns.go:1152.72,1154.2 1 0
gofree5gc/lib/nas/nasType/NAS_EquivalentPlmns.go:1158.69,1160.2 1 0
gofree5gc/lib/nas/nasType/NAS_EquivalentPlmns.go:1164.72,1166.2 1 0
gofree5gc/lib/nas/nasType/NAS_EquivalentPlmns.go:1170.69,1172.2 1 0
gofree5gc/lib/nas/nasType/NAS_EquivalentPlmns.go:1176.72,1178.2 1 0
gofree5gc/lib/nas/nasType/NAS_EquivalentPlmns.go:1182.69,1184.2 1 0
gofree5gc/lib/nas/nasType/NAS_EquivalentPlmns.go:1188.72,1190.2 1 0
gofree5gc/lib/nas/nasType/NAS_EquivalentPlmns.go:1194.69,1196.2 1 0
gofree5gc/lib/nas/nasType/NAS_EquivalentPlmns.go:1200.72,1202.2 1 0
gofree5gc/lib/nas/nasType/NAS_EquivalentPlmns.go:1206.69,1208.2 1 0
gofree5gc/lib/nas/nasType/NAS_RequestedQosFlowDescriptions.go:11.110,15.2 3 0
gofree5gc/lib/nas/nasType/NAS_RequestedQosFlowDescriptions.go:19.61,21.2 1 0
gofree5gc/lib/nas/nasType/NAS_RequestedQosFlowDescriptions.go:25.58,27.2 1 0
gofree5gc/lib/nas/nasType/NAS_RequestedQosFlowDescriptions.go:31.61,33.2 1 0
gofree5gc/lib/nas/nasType/NAS_RequestedQosFlowDescriptions.go:37.58,40.2 2 0
gofree5gc/lib/nas/nasType/NAS_RequestedQosFlowDescriptions.go:44.95,48.2 3 0
gofree5gc/lib/nas/nasType/NAS_RequestedQosFlowDescriptions.go:52.92,54.2 1 0
gofree5gc/lib/nas/nasType/NAS_AllowedNSSAI.go:11.62,15.2 3 0
gofree5gc/lib/nas/nasType/NAS_AllowedNSSAI.go:19.45,21.2 1 0
gofree5gc/lib/nas/nasType/NAS_AllowedNSSAI.go:25.42,27.2 1 0
gofree5gc/lib/nas/nasType/NAS_AllowedNSSAI.go:31.45,33.2 1 0
gofree5gc/lib/nas/nasType/NAS_AllowedNSSAI.go:37.42,40.2 2 0
gofree5gc/lib/nas/nasType/NAS_AllowedNSSAI.go:44.63,48.2 3 0
gofree5gc/lib/nas/nasType/NAS_AllowedNSSAI.go:52.60,54.2 1 0
gofree5gc/lib/nas/nasType/NAS_ConfigurationUpdateCommandMessageIdentity.go:9.140,12.2 2 0
gofree5gc/lib/nas/nasType/NAS_ConfigurationUpdateCommandMessageIdentity.go:16.90,18.2 1 0
gofree5gc/lib/nas/nasType/NAS_ConfigurationUpdateCommandMessageIdentity.go:22.87,24.2 1 0
gofree5gc/lib/nas/nasType/NAS_DeregistrationAcceptMessageIdentity.go:9.122,12.2 2 0
gofree5gc/lib/nas/nasType/NAS_DeregistrationAcceptMessageIdentity.go:16.84,18.2 1 0
gofree5gc/lib/nas/nasType/NAS_DeregistrationAcceptMessageIdentity.go:22.81,24.2 1 0
gofree5gc/lib/nas/nasType/NAS_ExtendedProtocolDiscriminator.go:9.104,12.2 2 1
gofree5gc/lib/nas/nasType/NAS_ExtendedProtocolDiscriminator.go:16.114,18.2 1 1
gofree5gc/lib/nas/nasType/NAS_ExtendedProtocolDiscriminator.go:22.111,24.2 1 1
gofree5gc/lib/nas/nasType/NAS_IntegrityProtectionMaximumDataRate.go:11.128,15.2 3 0
gofree5gc/lib/nas/nasType/NAS_IntegrityProtectionMaximumDataRate.go:19.67,21.2 1 0
gofree5gc/lib/nas/nasType/NAS_IntegrityProtectionMaximumDataRate.go:25.64,27.2 1 0
gofree5gc/lib/nas/nasType/NAS_IntegrityProtectionMaximumDataRate.go:31.181,33.2 1 0
gofree5gc/lib/nas/nasType/NAS_IntegrityProtectionMaximumDataRate.go:37.178,39.2 1 0
gofree5gc/lib/nas/nasType/NAS_IntegrityProtectionMaximumDataRate.go:43.185,45.2 1 0
gofree5gc/lib/nas/nasType/NAS_IntegrityProtectionMaximumDataRate.go:49.182,51.2 1 0
gofree5gc/lib/nas/nasType/NAS_PayloadContainerTypeAndSpareHalfOctet.go:9.128,12.2 2 0
gofree5gc/lib/nas/nasType/NAS_PayloadContainerTypeAndSpareHalfOctet.go:16.104,18.2 1 0
gofree5gc/lib/nas/nasType/NAS_PayloadContainerTypeAndSpareHalfOctet.go:22.101,24.2 1 0
gofree5gc/lib/nas/nasType/NAS_T3346Value.go:11.56,15.2 3 0
gofree5gc/lib/nas/nasType/NAS_T3346Value.go:19.43,21.2 1 0
gofree5gc/lib/nas/nasType/NAS_T3346Value.go:25.40,27.2 1 0
gofree5gc/lib/nas/nasType/NAS_T3346Value.go:31.43,33.2 1 0
gofree5gc/lib/nas/nasType/NAS_T3346Value.go:37.40,39.2 1 0
gofree5gc/lib/nas/nasType/NAS_T3346Value.go:43.67,45.2 1 0
gofree5gc/lib/nas/nasType/NAS_T3346Value.go:49.64,51.2 1 0
gofree5gc/lib/nas/nasType/NAS_AlwaysonPDUSessionIndication.go:10.110,14.2 3 0
gofree5gc/lib/nas/nasType/NAS_AlwaysonPDUSessionIndication.go:18.61,20.2 1 0
gofree5gc/lib/nas/nasType/NAS_AlwaysonPDUSessionIndication.go:24.58,26.2 1 0
gofree5gc/lib/nas/nasType/NAS_AlwaysonPDUSessionIndication.go:30.63,32.2 1 0
gofree5gc/lib/nas/nasType/NAS_AlwaysonPDUSessionIndication.go:36.60,38.2 1 0
gofree5gc/lib/nas/nasType/NAS_NetworkFeatureSupport5GS.go:19.98,23.2 3 0
gofree5gc/lib/nas/nasType/NAS_NetworkFeatureSupport5GS.go:27.57,29.2 1 0
gofree5gc/lib/nas/nasType/NAS_NetworkFeatureSupport5GS.go:33.54,35.2 1 0
gofree5gc/lib/nas/nasType/NAS_NetworkFeatureSupport5GS.go:39.57,41.2 1 0
gofree5gc/lib/nas/nasType/NAS_NetworkFeatureSupport5GS.go:45.54,47.2 1 0
gofree5gc/lib/nas/nasType/NAS_NetworkFeatureSupport5GS.go:51.59,53.2 1 0
gofree5gc/lib/nas/nasType/NAS_NetworkFeatureSupport5GS.go:57.56,59.2 1 0
gofree5gc/lib/nas/nasType/NAS_NetworkFeatureSupport5GS.go:63.63,65.2 1 0
gofree5gc/lib/nas/nasType/NAS_NetworkFeatureSupport5GS.go:69.60,71.2 1 0
gofree5gc/lib/nas/nasType/NAS_NetworkFeatureSupport5GS.go:75.57,77.2 1 0
gofree5gc/lib/nas/nasType/NAS_NetworkFeatureSupport5GS.go:81.54,83.2 1 0
gofree5gc/lib/nas/nasType/NAS_NetworkFeatureSupport5GS.go:87.57,89.2 1 0
gofree5gc/lib/nas/nasType/NAS_NetworkFeatureSupport5GS.go:93.54,95.2 1 0
gofree5gc/lib/nas/nasType/NAS_NetworkFeatureSupport5GS.go:99.75,101.2 1 0
gofree5gc/lib/nas/nasType/NAS_NetworkFeatureSupport5GS.go:105.72,107.2 1 0
gofree5gc/lib/nas/nasType/NAS_NetworkFeatureSupport5GS.go:111.73,113.2 1 0
gofree5gc/lib/nas/nasType/NAS_NetworkFeatureSupport5GS.go:117.70,119.2 1 0
gofree5gc/lib/nas/nasType/NAS_NetworkFeatureSupport5GS.go:123.59,125.2 1 0
gofree5gc/lib/nas/nasType/NAS_NetworkFeatureSupport5GS.go:129.56,131.2 1 0
gofree5gc/lib/nas/nasType/NAS_NetworkFeatureSupport5GS.go:135.59,137.2 1 0
gofree5gc/lib/nas/nasType/NAS_NetworkFeatureSupport5GS.go:141.56,143.2 1 0
gofree5gc/lib/nas/nasType/NAS_NetworkFeatureSupport5GS.go:147.61,149.2 1 0
gofree5gc/lib/nas/nasType/NAS_NetworkFeatureSupport5GS.go:153.58,155.2 1 0
gofree5gc/lib/nas/nasType/NAS_ConfigurationUpdateIndication.go:11.113,15.2 3 0
gofree5gc/lib/nas/nasType/NAS_ConfigurationUpdateIndication.go:19.62,21.2 1 0
gofree5gc/lib/nas/nasType/NAS_ConfigurationUpdateIndication.go:25.59,27.2 1 0
gofree5gc/lib/nas/nasType/NAS_ConfigurationUpdateIndication.go:31.62,33.2 1 0
gofree5gc/lib/nas/nasType/NAS_ConfigurationUpdateIndication.go:37.59,39.2 1 0
gofree5gc/lib/nas/nasType/NAS_ConfigurationUpdateIndication.go:43.62,45.2 1 0
gofree5gc/lib/nas/nasType/NAS_ConfigurationUpdateIndication.go:49.59,51.2 1 0
gofree5gc/lib/nas/nasType/NAS_RequestedNSSAI.go:11.68,15.2 3 0
gofree5gc/lib/nas/nasType/NAS_RequestedNSSAI.go:19.47,21.2 1 0
gofree5gc/lib/nas/nasType/NAS_RequestedNSSAI.go:25.44,27.2 1 0
gofree5gc/lib/nas/nasType/NAS_RequestedNSSAI.go:31.47,33.2 1 0
gofree5gc/lib/nas/nasType/NAS_RequestedNSSAI.go:37.44,40.2 2 0
gofree5gc/lib/nas/nasType/NAS_RequestedNSSAI.go:44.65,48.2 3 0
gofree5gc/lib/nas/nasType/NAS_RequestedNSSAI.go:52.62,54.2 1 0
gofree5gc/lib/nas/nasType/NAS_UESecurityCapability.go:43.86,47.2 3 0
gofree5gc/lib/nas/nasType/NAS_UESecurityCapability.go:51.53,53.2 1 0
gofree5gc/lib/nas/nasType/NAS_UESecurityCapability.go:57.50,59.2 1 0
gofree5gc/lib/nas/nasType/NAS_UESecurityCapability.go:63.53,65.2 1 0
gofree5gc/lib/nas/nasType/NAS_UESecurityCapability.go:69.50,71.2 1 0
gofree5gc/lib/nas/nasType/NAS_UESecurityCapability.go:75.59,77.2 1 0
gofree5gc/lib/nas/nasType/NAS_UESecurityCapability.go:81.56,83.2 1 0
gofree5gc/lib/nas/nasType/NAS_UESecurityCapability.go:87.67,89.2 1 0
gofree5gc/lib/nas/nasType/NAS_UESecurityCapability.go:93.64,95.2 1 0
gofree5gc/lib/nas/nasType/NAS_UESecurityCapability.go:99.67,101.2 1 0
gofree5gc/lib/nas/nasType/NAS_UESecurityCapability.go:105.64,107.2 1 0
gofree5gc/lib/nas/nasType/NAS_UESecurityCapability.go:111.67,113.2 1 0
gofree5gc/lib/nas/nasType/NAS_UESecurityCapability.go:117.64,119.2 1 0
gofree5gc/lib/nas/nasType/NAS_UESecurityCapability.go:123.59,125.2 1 0
gofree5gc/lib/nas/nasType/NAS_UESecurityCapability.go:129.56,131.2 1 0
gofree5gc/lib/nas/nasType/NAS_UESecurityCapability.go:135.59,137.2 1 0
gofree5gc/lib/nas/nasType/NAS_UESecurityCapability.go:141.56,143.2 1 0
gofree5gc/lib/nas/nasType/NAS_UESecurityCapability.go:147.59,149.2 1 0
gofree5gc/lib/nas/nasType/NAS_UESecurityCapability.go:153.56,155.2 1 0
gofree5gc/lib/nas/nasType/NAS_UESecurityCapability.go:159.59,161.2 1 0
gofree5gc/lib/nas/nasType/NAS_UESecurityCapability.go:165.56,167.2 1 0
gofree5gc/lib/nas/nasType/NAS_UESecurityCapability.go:171.59,173.2 1 0
gofree5gc/lib/nas/nasType/NAS_UESecurityCapability.go:177.56,179.2 1 0
gofree5gc/lib/nas/nasType/NAS_UESecurityCapability.go:183.67,185.2 1 0
gofree5gc/lib/nas/nasType/NAS_UESecurityCapability.go:189.64,191.2 1 0
gofree5gc/lib/nas/nasType/NAS_UESecurityCapability.go:195.67,197.2 1 0
gofree5gc/lib/nas/nasType/NAS_UESecurityCapability.go:201.64,203.2 1 0
gofree5gc/lib/nas/nasType/NAS_UESecurityCapability.go:207.67,209.2 1 0
gofree5gc/lib/nas/nasType/NAS_UESecurityCapability.go:213.64,215.2 1 0
gofree5gc/lib/nas/nasType/NAS_UESecurityCapability.go:219.59,221.2 1 0
gofree5gc/lib/nas/nasType/NAS_UESecurityCapability.go:225.56,227.2 1 0
gofree5gc/lib/nas/nasType/NAS_UESecurityCapability.go:231.59,233.2 1 0
gofree5gc/lib/nas/nasType/NAS_UESecurityCapability.go:237.56,239.2 1 0
gofree5gc/lib/nas/nasType/NAS_UESecurityCapability.go:243.59,245.2 1 0
gofree5gc/lib/nas/nasType/NAS_UESecurityCapability.go:249.56,251.2 1 0
gofree5gc/lib/nas/nasType/NAS_UESecurityCapability.go:255.59,257.2 1 0
gofree5gc/lib/nas/nasType/NAS_UESecurityCapability.go:261.56,263.2 1 0
gofree5gc/lib/nas/nasType/NAS_UESecurityCapability.go:267.55,269.2 1 0
gofree5gc/lib/nas/nasType/NAS_UESecurityCapability.go:273.52,275.2 1 0
gofree5gc/lib/nas/nasType/NAS_UESecurityCapability.go:279.63,281.2 1 0
gofree5gc/lib/nas/nasType/NAS_UESecurityCapability.go:285.60,287.2 1 0
gofree5gc/lib/nas/nasType/NAS_UESecurityCapability.go:291.63,293.2 1 0
gofree5gc/lib/nas/nasType/NAS_UESecurityCapability.go:297.60,299.2 1 0
gofree5gc/lib/nas/nasType/NAS_UESecurityCapability.go:303.63,305.2 1 0
gofree5gc/lib/nas/nasType/NAS_UESecurityCapability.go:309.60,311.2 1 0
gofree5gc/lib/nas/nasType/NAS_UESecurityCapability.go:315.55,317.2 1 0
gofree5gc/lib/nas/nasType/NAS_UESecurityCapability.go:321.52,323.2 1 0
gofree5gc/lib/nas/nasType/NAS_UESecurityCapability.go:327.55,329.2 1 0
gofree5gc/lib/nas/nasType/NAS_UESecurityCapability.go:333.52,335.2 1 0
gofree5gc/lib/nas/nasType/NAS_UESecurityCapability.go:339.55,341.2 1 0
gofree5gc/lib/nas/nasType/NAS_UESecurityCapability.go:345.52,347.2 1 0
gofree5gc/lib/nas/nasType/NAS_UESecurityCapability.go:351.55,353.2 1 0
gofree5gc/lib/nas/nasType/NAS_UESecurityCapability.go:357.52,359.2 1 0
gofree5gc/lib/nas/nasType/NAS_UESecurityCapability.go:363.55,365.2 1 0
gofree5gc/lib/nas/nasType/NAS_UESecurityCapability.go:369.52,371.2 1 0
gofree5gc/lib/nas/nasType/NAS_UESecurityCapability.go:375.63,377.2 1 0
gofree5gc/lib/nas/nasType/NAS_UESecurityCapability.go:381.60,383.2 1 0
gofree5gc/lib/nas/nasType/NAS_UESecurityCapability.go:387.63,389.2 1 0
gofree5gc/lib/nas/nasType/NAS_UESecurityCapability.go:393.60,395.2 1 0
gofree5gc/lib/nas/nasType/NAS_UESecurityCapability.go:399.63,401.2 1 0
gofree5gc/lib/nas/nasType/NAS_UESecurityCapability.go:405.60,407.2 1 0
gofree5gc/lib/nas/nasType/NAS_UESecurityCapability.go:411.55,413.2 1 0
gofree5gc/lib/nas/nasType/NAS_UESecurityCapability.go:417.52,419.2 1 0
gofree5gc/lib/nas/nasType/NAS_UESecurityCapability.go:423.55,425.2 1 0
gofree5gc/lib/nas/nasType/NAS_UESecurityCapability.go:429.52,431.2 1 0
gofree5gc/lib/nas/nasType/NAS_UESecurityCapability.go:435.55,437.2 1 0
gofree5gc/lib/nas/nasType/NAS_UESecurityCapability.go:441.52,443.2 1 0
gofree5gc/lib/nas/nasType/NAS_UESecurityCapability.go:447.55,449.2 1 0
gofree5gc/lib/nas/nasType/NAS_UESecurityCapability.go:453.52,455.2 1 0
gofree5gc/lib/nas/nasType/NAS_UESecurityCapability.go:459.60,462.2 2 0
gofree5gc/lib/nas/nasType/NAS_UESecurityCapability.go:466.57,468.2 1 0
gofree5gc/lib/nas/nasType/NAS_NSSAIInclusionMode.go:10.80,14.2 3 0
gofree5gc/lib/nas/nasType/NAS_NSSAIInclusionMode.go:18.51,20.2 1 0
gofree5gc/lib/nas/nasType/NAS_NSSAIInclusionMode.go:24.48,26.2 1 0
gofree5gc/lib/nas/nasType/NAS_NSSAIInclusionMode.go:30.81,32.2 1 0
gofree5gc/lib/nas/nasType/NAS_NSSAIInclusionMode.go:36.78,38.2 1 0
gofree5gc/lib/nas/nasType/NAS_PDUSessionReactivationResultErrorCause.go:11.140,15.2 3 0
gofree5gc/lib/nas/nasType/NAS_PDUSessionReactivationResultErrorCause.go:19.71,21.2 1 0
gofree5gc/lib/nas/nasType/NAS_PDUSessionReactivationResultErrorCause.go:25.68,27.2 1 0
gofree5gc/lib/nas/nasType/NAS_PDUSessionReactivationResultErrorCause.go:31.72,33.2 1 0
gofree5gc/lib/nas/nasType/NAS_PDUSessionReactivationResultErrorCause.go:37.69,40.2 2 0
gofree5gc/lib/nas/nasType/NAS_PDUSessionReactivationResultErrorCause.go:44.117,48.2 3 0
gofree5gc/lib/nas/nasType/NAS_PDUSessionReactivationResultErrorCause.go:52.114,54.2 1 0
gofree5gc/lib/nas/nasType/NAS_RegistrationResult5GS.go:12.89,16.2 3 0
gofree5gc/lib/nas/nasType/NAS_RegistrationResult5GS.go:20.54,22.2 1 0
gofree5gc/lib/nas/nasType/NAS_RegistrationResult5GS.go:26.51,28.2 1 0
gofree5gc/lib/nas/nasType/NAS_RegistrationResult5GS.go:32.54,34.2 1 0
gofree5gc/lib/nas/nasType/NAS_RegistrationResult5GS.go:38.51,40.2 1 0
gofree5gc/lib/nas/nasType/NAS_RegistrationResult5GS.go:44.68,46.2 1 0
gofree5gc/lib/nas/nasType/NAS_RegistrationResult5GS.go:50.65,52.2 1 0
gofree5gc/lib/nas/nasType/NAS_RegistrationResult5GS.go:56.100,58.2 1 0
gofree5gc/lib/nas/nasType/NAS_RegistrationResult5GS.go:62.97,64.2 1 0
gofree5gc/lib/nas/nasType/NAS_RequestedQosRules.go:11.77,15.2 3 0
gofree5gc/lib/nas/nasType/NAS_RequestedQosRules.go:19.50,21.2 1 0
gofree5gc/lib/nas/nasType/NAS_RequestedQosRules.go:25.47,27.2 1 0
gofree5gc/lib/nas/nasType/NAS_RequestedQosRules.go:31.50,33.2 1 0
gofree5gc/lib/nas/nasType/NAS_RequestedQosRules.go:37.47,40.2 2 0
gofree5gc/lib/nas/nasType/NAS_RequestedQosRules.go:44.62,48.2 3 0
gofree5gc/lib/nas/nasType/NAS_RequestedQosRules.go:52.59,54.2 1 0
gofree5gc/lib/nas/nasType/NAS_SecurityModeRejectMessageIdentity.go:9.116,12.2 2 0
gofree5gc/lib/nas/nasType/NAS_SecurityModeRejectMessageIdentity.go:16.82,18.2 1 0
gofree5gc/lib/nas/nasType/NAS_SecurityModeRejectMessageIdentity.go:22.79,24.2 1 0
gofree5gc/lib/nas/nasType/NAS_ULNASTRANSPORTMessageIdentity.go:9.104,12.2 2 0
gofree5gc/lib/nas/nasType/NAS_ULNASTRANSPORTMessageIdentity.go:16.78,18.2 1 0
gofree5gc/lib/nas/nasType/NAS_ULNASTRANSPORTMessageIdentity.go:22.75,24.2 1 0
gofree5gc/lib/nas/nasType/NAS_Capability5GMM.go:14.68,18.2 3 0
gofree5gc/lib/nas/nasType/NAS_Capability5GMM.go:22.47,24.2 1 0
gofree5gc/lib/nas/nasType/NAS_Capability5GMM.go:28.44,30.2 1 0
gofree5gc/lib/nas/nasType/NAS_Capability5GMM.go:34.47,36.2 1 0
gofree5gc/lib/nas/nasType/NAS_Capability5GMM.go:40.44,42.2 1 0
gofree5gc/lib/nas/nasType/NAS_Capability5GMM.go:46.47,48.2 1 0
gofree5gc/lib/nas/nasType/NAS_Capability5GMM.go:52.44,54.2 1 0
gofree5gc/lib/nas/nasType/NAS_Capability5GMM.go:58.57,60.2 1 0
gofree5gc/lib/nas/nasType/NAS_Capability5GMM.go:64.54,66.2 1 0
gofree5gc/lib/nas/nasType/NAS_Capability5GMM.go:70.53,72.2 1 0
gofree5gc/lib/nas/nasType/NAS_Capability5GMM.go:76.50,78.2 1 0
gofree5gc/lib/nas/nasType/NAS_Capability5GMM.go:82.55,85.2 2 0
gofree5gc/lib/nas/nasType/NAS_Capability5GMM.go:89.52,91.2 1 0
gofree5gc/lib/nas/nasType/NAS_DeregistrationRequestMessageIdentity.go:9.125,12.2 2 0
gofree5gc/lib/nas/nasType/NAS_DeregistrationRequestMessageIdentity.go:16.85,18.2 1 0
gofree5gc/lib/nas/nasType/NAS_DeregistrationRequestMessageIdentity.go:22.82,24.2 1 0
gofree5gc/lib/nas/nasType/NAS_PTI.go:9.26,12.2 2 0
gofree5gc/lib/nas/nasType/NAS_PTI.go:16.66,18.2 1 0
gofree5gc/lib/nas/nasType/NAS_PTI.go:22.63,24.2 1 0
gofree5gc/lib/nas/nasType/NAS_RequestType.go:10.59,14.2 3 0
gofree5gc/lib/nas/nasType/NAS_RequestType.go:18.44,20.2 1 0
gofree5gc/lib/nas/nasType/NAS_RequestType.go:24.41,26.2 1 0
gofree5gc/lib/nas/nasType/NAS_RequestType.go:30.70,32.2 1 0
gofree5gc/lib/nas/nasType/NAS_RequestType.go:36.67,38.2 1 0
gofree5gc/lib/nas/nasType/NAS_ABBA.go:11.38,15.2 3 1
gofree5gc/lib/nas/nasType/NAS_ABBA.go:19.37,21.2 1 1
gofree5gc/lib/nas/nasType/NAS_ABBA.go:25.34,27.2 1 1
gofree5gc/lib/nas/nasType/NAS_ABBA.go:31.37,33.2 1 1
gofree5gc/lib/nas/nasType/NAS_ABBA.go:37.34,40.2 2 1
gofree5gc/lib/nas/nasType/NAS_ABBA.go:44.57,48.2 3 1
gofree5gc/lib/nas/nasType/NAS_ABBA.go:52.54,54.2 1 1
gofree5gc/lib/nas/nasType/NAS_FullNameForNetwork.go:15.80,19.2 3 0
gofree5gc/lib/nas/nasType/NAS_FullNameForNetwork.go:23.51,25.2 1 0
gofree5gc/lib/nas/nasType/NAS_FullNameForNetwork.go:29.48,31.2 1 0
gofree5gc/lib/nas/nasType/NAS_FullNameForNetwork.go:35.51,37.2 1 0
gofree5gc/lib/nas/nasType/NAS_FullNameForNetwork.go:41.48,44.2 2 0
gofree5gc/lib/nas/nasType/NAS_FullNameForNetwork.go:48.51,50.2 1 0
gofree5gc/lib/nas/nasType/NAS_FullNameForNetwork.go:54.48,56.2 1 0
gofree5gc/lib/nas/nasType/NAS_FullNameForNetwork.go:60.69,62.2 1 0
gofree5gc/lib/nas/nasType/NAS_FullNameForNetwork.go:66.66,68.2 1 0
gofree5gc/lib/nas/nasType/NAS_FullNameForNetwork.go:72.55,74.2 1 0
gofree5gc/lib/nas/nasType/NAS_FullNameForNetwork.go:78.52,80.2 1 0
gofree5gc/lib/nas/nasType/NAS_FullNameForNetwork.go:84.101,86.2 1 0
gofree5gc/lib/nas/nasType/NAS_FullNameForNetwork.go:90.98,92.2 1 0
gofree5gc/lib/nas/nasType/NAS_FullNameForNetwork.go:96.67,100.2 3 0
gofree5gc/lib/nas/nasType/NAS_FullNameForNetwork.go:104.64,106.2 1 0
gofree5gc/lib/nas/nasType/NAS_IdentityRequestMessageIdentity.go:9.107,12.2 2 0
gofree5gc/lib/nas/nasType/NAS_IdentityRequestMessageIdentity.go:16.79,18.2 1 0
gofree5gc/lib/nas/nasType/NAS_IdentityRequestMessageIdentity.go:22.76,24.2 1 0
gofree5gc/lib/nas/nasType/NAS_MappedEPSBearerContexts.go:11.95,15.2 3 0
gofree5gc/lib/nas/nasType/NAS_MappedEPSBearerContexts.go:19.56,21.2 1 0
gofree5gc/lib/nas/nasType/NAS_MappedEPSBearerContexts.go:25.53,27.2 1 0
gofree5gc/lib/nas/nasType/NAS_MappedEPSBearerContexts.go:31.56,33.2 1 0
gofree5gc/lib/nas/nasType/NAS_MappedEPSBearerContexts.go:37.53,40.2 2 0
gofree5gc/lib/nas/nasType/NAS_MappedEPSBearerContexts.go:44.96,48.2 3 0
gofree5gc/lib/nas/nasType/NAS_MappedEPSBearerContexts.go:52.93,54.2 1 0
gofree5gc/lib/nas/nasType/NAS_TMSI5GS.go:16.47,20.2 3 0
gofree5gc/lib/nas/nasType/NAS_TMSI5GS.go:24.40,26.2 1 0
gofree5gc/lib/nas/nasType/NAS_TMSI5GS.go:30.37,32.2 1 0
gofree5gc/lib/nas/nasType/NAS_TMSI5GS.go:36.41,38.2 1 0
gofree5gc/lib/nas/nasType/NAS_TMSI5GS.go:42.38,44.2 1 0
gofree5gc/lib/nas/nasType/NAS_TMSI5GS.go:48.44,50.2 1 0
gofree5gc/lib/nas/nasType/NAS_TMSI5GS.go:54.41,56.2 1 0
gofree5gc/lib/nas/nasType/NAS_TMSI5GS.go:60.62,62.2 1 0
gofree5gc/lib/nas/nasType/NAS_TMSI5GS.go:66.59,68.2 1 0
gofree5gc/lib/nas/nasType/NAS_TMSI5GS.go:72.51,74.2 1 0
gofree5gc/lib/nas/nasType/NAS_TMSI5GS.go:78.48,81.2 2 0
gofree5gc/lib/nas/nasType/NAS_TMSI5GS.go:85.54,87.2 1 0
gofree5gc/lib/nas/nasType/NAS_TMSI5GS.go:91.51,93.2 1 0
gofree5gc/lib/nas/nasType/NAS_TMSI5GS.go:97.49,100.2 2 0
gofree5gc/lib/nas/nasType/NAS_TMSI5GS.go:104.46,106.2 1 0
gofree5gc/lib/nas/nasType/NAS_AdditionalGUTI.go:22.68,26.2 3 0
gofree5gc/lib/nas/nasType/NAS_AdditionalGUTI.go:30.47,32.2 1 0
gofree5gc/lib/nas/nasType/NAS_AdditionalGUTI.go:36.44,38.2 1 0
gofree5gc/lib/nas/nasType/NAS_AdditionalGUTI.go:42.48,44.2 1 0
gofree5gc/lib/nas/nasType/NAS_AdditionalGUTI.go:48.45,50.2 1 0
gofree5gc/lib/nas/nasType/NAS_AdditionalGUTI.go:54.51,56.2 1 0
gofree5gc/lib/nas/nasType/NAS_AdditionalGUTI.go:60.48,62.2 1 0
gofree5gc/lib/nas/nasType/NAS_AdditionalGUTI.go:66.69,68.2 1 0
gofree5gc/lib/nas/nasType/NAS_AdditionalGUTI.go:72.66,74.2 1 0
gofree5gc/lib/nas/nasType/NAS_AdditionalGUTI.go:78.59,80.2 1 0
gofree5gc/lib/nas/nasType/NAS_AdditionalGUTI.go:84.56,86.2 1 0
gofree5gc/lib/nas/nasType/NAS_AdditionalGUTI.go:90.59,92.2 1 0
gofree5gc/lib/nas/nasType/NAS_AdditionalGUTI.go:96.56,98.2 1 0
gofree5gc/lib/nas/nasType/NAS_AdditionalGUTI.go:102.59,104.2 1 0
gofree5gc/lib/nas/nasType/NAS_AdditionalGUTI.go:108.56,110.2 1 0
gofree5gc/lib/nas/nasType/NAS_AdditionalGUTI.go:114.59,116.2 1 0
gofree5gc/lib/nas/nasType/NAS_AdditionalGUTI.go:120.56,122.2 1 0
gofree5gc/lib/nas/nasType/NAS_AdditionalGUTI.go:126.59,128.2 1 0
gofree5gc/lib/nas/nasType/NAS_AdditionalGUTI.go:132.56,134.2 1 0
gofree5gc/lib/nas/nasType/NAS_AdditionalGUTI.go:138.59,140.2 1 0
gofree5gc/lib/nas/nasType/NAS_AdditionalGUTI.go:144.56,146.2 1 0
gofree5gc/lib/nas/nasType/NAS_AdditionalGUTI.go:150.63,152.2 1 0
gofree5gc/lib/nas/nasType/NAS_AdditionalGUTI.go:156.60,158.2 1 0
gofree5gc/lib/nas/nasType/NAS_AdditionalGUTI.go:162.58,164.2 1 0
gofree5gc/lib/nas/nasType/NAS_AdditionalGUTI.go:168.55,171.2 2 0
gofree5gc/lib/nas/nasType/NAS_AdditionalGUTI.go:175.61,177.2 1 0
gofree5gc/lib/nas/nasType/NAS_AdditionalGUTI.go:181.58,183.2 1 0
gofree5gc/lib/nas/nasType/NAS_AdditionalGUTI.go:187.56,190.2 2 0
gofree5gc/lib/nas/nasType/NAS_AdditionalGUTI.go:194.53,196.2 1 0
gofree5gc/lib/nas/nasType/NAS_LastVisitedRegisteredTAI.go:16.98,20.2 3 0
gofree5gc/lib/nas/nasType/NAS_LastVisitedRegisteredTAI.go:24.57,26.2 1 0
gofree5gc/lib/nas/nasType/NAS_LastVisitedRegisteredTAI.go:30.54,32.2 1 0
gofree5gc/lib/nas/nasType/NAS_LastVisitedRegisteredTAI.go:36.69,38.2 1 0
gofree5gc/lib/nas/nasType/NAS_LastVisitedRegisteredTAI.go:42.66,44.2 1 0
gofree5gc/lib/nas/nasType/NAS_LastVisitedRegisteredTAI.go:48.69,50.2 1 0
gofree5gc/lib/nas/nasType/NAS_LastVisitedRegisteredTAI.go:54.66,56.2 1 0
gofree5gc/lib/nas/nasType/NAS_LastVisitedRegisteredTAI.go:60.69,62.2 1 0
gofree5gc/lib/nas/nasType/NAS_LastVisitedRegisteredTAI.go:66.66,68.2 1 0
gofree5gc/lib/nas/nasType/NAS_LastVisitedRegisteredTAI.go:72.69,74.2 1 0
gofree5gc/lib/nas/nasType/NAS_LastVisitedRegisteredTAI.go:78.66,80.2 1 0
gofree5gc/lib/nas/nasType/NAS_LastVisitedRegisteredTAI.go:84.69,86.2 1 0
gofree5gc/lib/nas/nasType/NAS_LastVisitedRegisteredTAI.go:90.66,92.2 1 0
gofree5gc/lib/nas/nasType/NAS_LastVisitedRegisteredTAI.go:96.69,98.2 1 0
gofree5gc/lib/nas/nasType/NAS_LastVisitedRegisteredTAI.go:102.66,104.2 1 0
gofree5gc/lib/nas/nasType/NAS_LastVisitedRegisteredTAI.go:108.60,111.2 2 0
gofree5gc/lib/nas/nasType/NAS_LastVisitedRegisteredTAI.go:115.57,117.2 1 0
gofree5gc/lib/nas/nasType/NAS_LocalTimeZone.go:10.65,14.2 3 0
gofree5gc/lib/nas/nasType/NAS_LocalTimeZone.go:18.46,20.2 1 0
gofree5gc/lib/nas/nasType/NAS_LocalTimeZone.go:24.43,26.2 1 0
gofree5gc/lib/nas/nasType/NAS_LocalTimeZone.go:30.56,32.2 1 0
gofree5gc/lib/nas/nasType/NAS_LocalTimeZone.go:36.53,38.2 1 0
gofree5gc/lib/nas/nasType/NAS_PDUSESSIONRELEASEREJECTMessageIdentity.go:9.131,12.2 2 0
gofree5gc/lib/nas/nasType/NAS_PDUSESSIONRELEASEREJECTMessageIdentity.go:16.87,18.2 1 0
gofree5gc/lib/nas/nasType/NAS_PDUSESSIONRELEASEREJECTMessageIdentity.go:22.84,24.2 1 0
gofree5gc/lib/nas/nasType/NAS_SelectedPDUSessionTypeAndSelectedSSCMode.go:10.137,13.2 2 0
gofree5gc/lib/nas/nasType/NAS_SelectedPDUSessionTypeAndSelectedSSCMode.go:17.95,19.2 1 0
gofree5gc/lib/nas/nasType/NAS_SelectedPDUSessionTypeAndSelectedSSCMode.go:23.92,25.2 1 0
gofree5gc/lib/nas/nasType/NAS_SelectedPDUSessionTypeAndSelectedSSCMode.go:29.81,31.2 1 0
gofree5gc/lib/nas/nasType/NAS_SelectedPDUSessionTypeAndSelectedSSCMode.go:35.78,37.2 1 0
gofree5gc/lib/nas/nasType/NAS_ServiceAreaList.go:11.71,15.2 3 0
gofree5gc/lib/nas/nasType/NAS_ServiceAreaList.go:19.48,21.2 1 0
gofree5gc/lib/nas/nasType/NAS_ServiceAreaList.go:25.45,27.2 1 0
gofree5gc/lib/nas/nasType/NAS_ServiceAreaList.go:31.48,33.2 1 0
gofree5gc/lib/nas/nasType/NAS_ServiceAreaList.go:37.45,40.2 2 0
gofree5gc/lib/nas/nasType/NAS_ServiceAreaList.go:44.88,48.2 3 0
gofree5gc/lib/nas/nasType/NAS_ServiceAreaList.go:52.85,54.2 1 0
gofree5gc/lib/nas/nasType/NAS_BackoffTimerValue.go:12.77,16.2 3 0
gofree5gc/lib/nas/nasType/NAS_BackoffTimerValue.go:20.50,22.2 1 0
gofree5gc/lib/nas/nasType/NAS_BackoffTimerValue.go:26.47,28.2 1 0
gofree5gc/lib/nas/nasType/NAS_BackoffTimerValue.go:32.50,34.2 1 0
gofree5gc/lib/nas/nasType/NAS_BackoffTimerValue.go:38.47,40.2 1 0
gofree5gc/lib/nas/nasType/NAS_BackoffTimerValue.go:44.72,46.2 1 0
gofree5gc/lib/nas/nasType/NAS_BackoffTimerValue.go:50.69,52.2 1 0
gofree5gc/lib/nas/nasType/NAS_BackoffTimerValue.go:56.64,58.2 1 0
gofree5gc/lib/nas/nasType/NAS_BackoffTimerValue.go:62.61,64.2 1 0
gofree5gc/lib/nas/nasType/NAS_PDUSESSIONAUTHENTICATIONRESULTMessageIdentity.go:9.152,12.2 2 0
gofree5gc/lib/nas/nasType/NAS_PDUSESSIONAUTHENTICATIONRESULTMessageIdentity.go:16.94,18.2 1 0
gofree5gc/lib/nas/nasType/NAS_PDUSESSIONAUTHENTICATIONRESULTMessageIdentity.go:22.91,24.2 1 0
gofree5gc/lib/nas/nasType/NAS_PDUSESSIONRELEASEREQUESTMessageIdentity.go:9.134,12.2 2 0
gofree5gc/lib/nas/nasType/NAS_PDUSESSIONRELEASEREQUESTMessageIdentity.go:16.88,18.2 1 0
gofree5gc/lib/nas/nasType/NAS_PDUSESSIONRELEASEREQUESTMessageIdentity.go:22.85,24.2 1 0
gofree5gc/lib/nas/nasType/NAS_Plain5GSNASMessage.go:7.71,10.2 2 0
gofree5gc/lib/nas/nasType/NAS_UplinkDataStatus.go:27.74,31.2 3 0
gofree5gc/lib/nas/nasType/NAS_UplinkDataStatus.go:35.49,37.2 1 0
gofree5gc/lib/nas/nasType/NAS_UplinkDataStatus.go:41.46,43.2 1 0
gofree5gc/lib/nas/nasType/NAS_UplinkDataStatus.go:47.49,49.2 1 0
gofree5gc/lib/nas/nasType/NAS_UplinkDataStatus.go:53.46,56.2 2 0
gofree5gc/lib/nas/nasType/NAS_UplinkDataStatus.go:60.51,62.2 1 0
gofree5gc/lib/nas/nasType/NAS_UplinkDataStatus.go:66.48,68.2 1 0
gofree5gc/lib/nas/nasType/NAS_UplinkDataStatus.go:72.51,74.2 1 0
gofree5gc/lib/nas/nasType/NAS_UplinkDataStatus.go:78.48,80.2 1 0
gofree5gc/lib/nas/nasType/NAS_UplinkDataStatus.go:84.51,86.2 1 0
gofree5gc/lib/nas/nasType/NAS_UplinkDataStatus.go:90.48,92.2 1 0
gofree5gc/lib/nas/nasType/NAS_UplinkDataStatus.go:96.51,98.2 1 0
gofree5gc/lib/nas/nasType/NAS_UplinkDataStatus.go:102.48,104.2 1 0
gofree5gc/lib/nas/nasType/NAS_UplinkDataStatus.go:108.51,110.2 1 0
gofree5gc/lib/nas/nasType/NAS_UplinkDataStatus.go:114.48,116.2 1 0
gofree5gc/lib/nas/nasType/NAS_UplinkDataStatus.go:120.51,122.2 1 0
gofree5gc/lib/nas/nasType/NAS_UplinkDataStatus.go:126.48,128.2 1 0
gofree5gc/lib/nas/nasType/NAS_UplinkDataStatus.go:132.51,134.2 1 0
gofree5gc/lib/nas/nasType/NAS_UplinkDataStatus.go:138.48,140.2 1 0
gofree5gc/lib/nas/nasType/NAS_UplinkDataStatus.go:144.51,146.2 1 0
gofree5gc/lib/nas/nasType/NAS_UplinkDataStatus.go:150.48,152.2 1 0
gofree5gc/lib/nas/nasType/NAS_UplinkDataStatus.go:156.53,158.2 1 0
gofree5gc/lib/nas/nasType/NAS_UplinkDataStatus.go:162.50,164.2 1 0
gofree5gc/lib/nas/nasType/NAS_UplinkDataStatus.go:168.53,170.2 1 0
gofree5gc/lib/nas/nasType/NAS_UplinkDataStatus.go:174.50,176.2 1 0
gofree5gc/lib/nas/nasType/NAS_UplinkDataStatus.go:180.53,182.2 1 0
gofree5gc/lib/nas/nasType/NAS_UplinkDataStatus.go:186.50,188.2 1 0
gofree5gc/lib/nas/nasType/NAS_UplinkDataStatus.go:192.53,194.2 1 0
gofree5gc/lib/nas/nasType/NAS_UplinkDataStatus.go:198.50,200.2 1 0
gofree5gc/lib/nas/nasType/NAS_UplinkDataStatus.go:204.53,206.2 1 0
gofree5gc/lib/nas/nasType/NAS_UplinkDataStatus.go:210.50,212.2 1 0
gofree5gc/lib/nas/nasType/NAS_UplinkDataStatus.go:216.53,218.2 1 0
gofree5gc/lib/nas/nasType/NAS_UplinkDataStatus.go:222.50,224.2 1 0
gofree5gc/lib/nas/nasType/NAS_UplinkDataStatus.go:228.51,230.2 1 0
gofree5gc/lib/nas/nasType/NAS_UplinkDataStatus.go:234.48,236.2 1 0
gofree5gc/lib/nas/nasType/NAS_UplinkDataStatus.go:240.51,242.2 1 0
gofree5gc/lib/nas/nasType/NAS_UplinkDataStatus.go:246.48,248.2 1 0
gofree5gc/lib/nas/nasType/NAS_UplinkDataStatus.go:252.55,256.2 3 0
gofree5gc/lib/nas/nasType/NAS_UplinkDataStatus.go:260.52,262.2 1 0
gofree5gc/lib/nas/nasType/NAS_EPSNASMessageContainer.go:11.92,15.2 3 0
gofree5gc/lib/nas/nasType/NAS_EPSNASMessageContainer.go:19.55,21.2 1 0
gofree5gc/lib/nas/nasType/NAS_EPSNASMessageContainer.go:25.52,27.2 1 0
gofree5gc/lib/nas/nasType/NAS_EPSNASMessageContainer.go:31.56,33.2 1 0
gofree5gc/lib/nas/nasType/NAS_EPSNASMessageContainer.go:37.53,40.2 2 0
gofree5gc/lib/nas/nasType/NAS_EPSNASMessageContainer.go:44.95,48.2 3 0
gofree5gc/lib/nas/nasType/NAS_EPSNASMessageContainer.go:52.92,54.2 1 0
gofree5gc/lib/nas/nasType/NAS_PayloadContainer.go:11.74,15.2 3 0
gofree5gc/lib/nas/nasType/NAS_PayloadContainer.go:19.49,21.2 1 0
gofree5gc/lib/nas/nasType/NAS_PayloadContainer.go:25.46,27.2 1 0
gofree5gc/lib/nas/nasType/NAS_PayloadContainer.go:31.50,33.2 1 0
gofree5gc/lib/nas/nasType/NAS_PayloadContainer.go:37.47,40.2 2 0
gofree5gc/lib/nas/nasType/NAS_PayloadContainer.go:44.93,48.2 3 0
gofree5gc/lib/nas/nasType/NAS_PayloadContainer.go:52.90,54.2 1 0
gofree5gc/lib/nas/nasType/NAS_SecurityHeaderTypeAndSpareHalfOctet.go:10.122,13.2 2 1
gofree5gc/lib/nas/nasType/NAS_SecurityHeaderTypeAndSpareHalfOctet.go:17.98,19.2 1 1
gofree5gc/lib/nas/nasType/NAS_SecurityHeaderTypeAndSpareHalfOctet.go:23.95,25.2 1 1
gofree5gc/lib/nas/nasType/NAS_SecurityHeaderTypeAndSpareHalfOctet.go:29.90,31.2 1 1
gofree5gc/lib/nas/nasType/NAS_SecurityHeaderTypeAndSpareHalfOctet.go:35.87,37.2 1 1
gofree5gc/lib/nas/nasType/NAS_SessionAMBR.go:14.59,18.2 3 0
gofree5gc/lib/nas/nasType/NAS_SessionAMBR.go:22.44,24.2 1 0
gofree5gc/lib/nas/nasType/NAS_SessionAMBR.go:28.41,30.2 1 0
gofree5gc/lib/nas/nasType/NAS_SessionAMBR.go:34.44,36.2 1 0
gofree5gc/lib/nas/nasType/NAS_SessionAMBR.go:40.41,42.2 1 0
gofree5gc/lib/nas/nasType/NAS_SessionAMBR.go:46.96,48.2 1 0
gofree5gc/lib/nas/nasType/NAS_SessionAMBR.go:52.93,54.2 1 0
gofree5gc/lib/nas/nasType/NAS_SessionAMBR.go:58.85,61.2 2 0
gofree5gc/lib/nas/nasType/NAS_SessionAMBR.go:65.82,67.2 1 0
gofree5gc/lib/nas/nasType/NAS_SessionAMBR.go:71.92,73.2 1 0
gofree5gc/lib/nas/nasType/NAS_SessionAMBR.go:77.89,79.2 1 0
gofree5gc/lib/nas/nasType/NAS_SessionAMBR.go:83.81,86.2 2 0
gofree5gc/lib/nas/nasType/NAS_SessionAMBR.go:90.78,92.2 1 0
gofree5gc/lib/nas/nasType/NAS_PDUSESSIONRELEASECOMMANDMessageIdentity.go:9.134,12.2 2 0
gofree5gc/lib/nas/nasType/NAS_PDUSESSIONRELEASECOMMANDMessageIdentity.go:16.88,18.2 1 0
gofree5gc/lib/nas/nasType/NAS_PDUSESSIONRELEASECOMMANDMessageIdentity.go:22.85,24.2 1 0
gofree5gc/lib/nas/nasType/NAS_MaximumNumberOfSupportedPacketFilters.go:10.137,14.2 3 0
gofree5gc/lib/nas/nasType/NAS_MaximumNumberOfSupportedPacketFilters.go:18.70,20.2 1 0
gofree5gc/lib/nas/nasType/NAS_MaximumNumberOfSupportedPacketFilters.go:24.67,26.2 1 0
gofree5gc/lib/nas/nasType/NAS_MaximumNumberOfSupportedPacketFilters.go:30.139,32.2 1 0
gofree5gc/lib/nas/nasType/NAS_MaximumNumberOfSupportedPacketFilters.go:36.136,39.2 2 0
gofree5gc/lib/nas/nasType/NAS_MessageAuthenticationCode.go:9.92,12.2 2 0
gofree5gc/lib/nas/nasType/NAS_MessageAuthenticationCode.go:16.61,19.2 2 0
gofree5gc/lib/nas/nasType/NAS_MessageAuthenticationCode.go:23.58,25.2 1 0
gofree5gc/lib/nas/nasType/NAS_NotificationMessageIdentity.go:9.98,12.2 2 0
gofree5gc/lib/nas/nasType/NAS_NotificationMessageIdentity.go:16.76,18.2 1 0
gofree5gc/lib/nas/nasType/NAS_NotificationMessageIdentity.go:22.73,24.2 1 0
gofree5gc/lib/nas/nasType/NAS_PDUSessionID.go:10.62,14.2 3 0
gofree5gc/lib/nas/nasType/NAS_PDUSessionID.go:18.45,20.2 1 0
gofree5gc/lib/nas/nasType/NAS_PDUSessionID.go:24.42,26.2 1 0
gofree5gc/lib/nas/nasType/NAS_PDUSessionID.go:30.87,32.2 1 0
gofree5gc/lib/nas/nasType/NAS_PDUSessionID.go:36.84,38.2 1 0
gofree5gc/lib/nas/nasType/NAS_ReplayedS1UESecurityCapabilities.go:48.122,52.2 3 0
gofree5gc/lib/nas/nasType/NAS_ReplayedS1UESecurityCapabilities.go:56.65,58.2 1 0
gofree5gc/lib/nas/nasType/NAS_ReplayedS1UESecurityCapabilities.go:62.62,64.2 1 0
gofree5gc/lib/nas/nasType/NAS_ReplayedS1UESecurityCapabilities.go:68.65,70.2 1 0
gofree5gc/lib/nas/nasType/NAS_ReplayedS1UESecurityCapabilities.go:74.62,76.2 1 0
gofree5gc/lib/nas/nasType/NAS_ReplayedS1UESecurityCapabilities.go:80.67,82.2 1 0
gofree5gc/lib/nas/nasType/NAS_ReplayedS1UESecurityCapabilities.go:86.64,88.2 1 0
gofree5gc/lib/nas/nasType/NAS_ReplayedS1UESecurityCapabilities.go:92.75,94.2 1 0
gofree5gc/lib/nas/nasType/NAS_ReplayedS1UESecurityCapabilities.go:98.72,100.2 1 0
gofree5gc/lib/nas/nasType/NAS_ReplayedS1UESecurityCapabilities.go:104.75,106.2 1 0
gofree5gc/lib/nas/nasType/NAS_ReplayedS1UESecurityCapabilities.go:110.72,112.2 1 0
gofree5gc/lib/nas/nasType/NAS_ReplayedS1UESecurityCapabilities.go:116.75,118.2 1 0
gofree5gc/lib/nas/nasType/NAS_ReplayedS1UESecurityCapabilities.go:122.72,124.2 1 0
gofree5gc/lib/nas/nasType/NAS_ReplayedS1UESecurityCapabilities.go:128.67,130.2 1 0
gofree5gc/lib/nas/nasType/NAS_ReplayedS1UESecurityCapabilities.go:134.64,136.2 1 0
gofree5gc/lib/nas/nasType/NAS_ReplayedS1UESecurityCapabilities.go:140.67,142.2 1 0
gofree5gc/lib/nas/nasType/NAS_ReplayedS1UESecurityCapabilities.go:146.64,148.2 1 0
gofree5gc/lib/nas/nasType/NAS_ReplayedS1UESecurityCapabilities.go:152.67,154.2 1 0
gofree5gc/lib/nas/nasType/NAS_ReplayedS1UESecurityCapabilities.go:158.64,160.2 1 0
gofree5gc/lib/nas/nasType/NAS_ReplayedS1UESecurityCapabilities.go:164.67,166.2 1 0
gofree5gc/lib/nas/nasType/NAS_ReplayedS1UESecurityCapabilities.go:170.64,172.2 1 0
gofree5gc/lib/nas/nasType/NAS_ReplayedS1UESecurityCapabilities.go:176.67,178.2 1 0
gofree5gc/lib/nas/nasType/NAS_ReplayedS1UESecurityCapabilities.go:182.64,184.2 1 0
gofree5gc/lib/nas/nasType/NAS_ReplayedS1UESecurityCapabilities.go:188.75,190.2 1 0
gofree5gc/lib/nas/nasType/NAS_ReplayedS1UESecurityCapabilities.go:194.72,196.2 1 0
gofree5gc/lib/nas/nasType/NAS_ReplayedS1UESecurityCapabilities.go:200.75,202.2 1 0
gofree5gc/lib/nas/nasType/NAS_ReplayedS1UESecurityCapabilities.go:206.72,208.2 1 0
gofree5gc/lib/nas/nasType/NAS_ReplayedS1UESecurityCapabilities.go:212.75,214.2 1 0
gofree5gc/lib/nas/nasType/NAS_ReplayedS1UESecurityCapabilities.go:218.72,220.2 1 0
gofree5gc/lib/nas/nasType/NAS_ReplayedS1UESecurityCapabilities.go:224.67,226.2 1 0
gofree5gc/lib/nas/nasType/NAS_ReplayedS1UESecurityCapabilities.go:230.64,232.2 1 0
gofree5gc/lib/nas/nasType/NAS_ReplayedS1UESecurityCapabilities.go:236.67,238.2 1 0
gofree5gc/lib/nas/nasType/NAS_ReplayedS1UESecurityCapabilities.go:242.64,244.2 1 0
gofree5gc/lib/nas/nasType/NAS_ReplayedS1UESecurityCapabilities.go:248.67,250.2 1 0
gofree5gc/lib/nas/nasType/NAS_ReplayedS1UESecurityCapabilities.go:254.64,256.2 1 0
gofree5gc/lib/nas/nasType/NAS_ReplayedS1UESecurityCapabilities.go:260.67,262.2 1 0
gofree5gc/lib/nas/nasType/NAS_ReplayedS1UESecurityCapabilities.go:266.64,268.2 1 0
gofree5gc/lib/nas/nasType/NAS_ReplayedS1UESecurityCapabilities.go:272.67,274.2 1 0
gofree5gc/lib/nas/nasType/NAS_ReplayedS1UESecurityCapabilities.go:278.64,280.2 1 0
gofree5gc/lib/nas/nasType/NAS_ReplayedS1UESecurityCapabilities.go:284.67,286.2 1 0
gofree5gc/lib/nas/nasType/NAS_ReplayedS1UESecurityCapabilities.go:290.64,292.2 1 0
gofree5gc/lib/nas/nasType/NAS_ReplayedS1UESecurityCapabilities.go:296.67,298.2 1 0
gofree5gc/lib/nas/nasType/NAS_ReplayedS1UESecurityCapabilities.go:302.64,304.2 1 0
gofree5gc/lib/nas/nasType/NAS_ReplayedS1UESecurityCapabilities.go:308.67,310.2 1 0
gofree5gc/lib/nas/nasType/NAS_ReplayedS1UESecurityCapabilities.go:314.64,316.2 1 0
gofree5gc/lib/nas/nasType/NAS_ReplayedS1UESecurityCapabilities.go:320.67,322.2 1 0
gofree5gc/lib/nas/nasType/NAS_ReplayedS1UESecurityCapabilities.go:326.64,328.2 1 0
gofree5gc/lib/nas/nasType/NAS_ReplayedS1UESecurityCapabilities.go:332.67,334.2 1 0
gofree5gc/lib/nas/nasType/NAS_ReplayedS1UESecurityCapabilities.go:338.64,340.2 1 0
gofree5gc/lib/nas/nasType/NAS_ReplayedS1UESecurityCapabilities.go:344.67,346.2 1 0
gofree5gc/lib/nas/nasType/NAS_ReplayedS1UESecurityCapabilities.go:350.64,352.2 1 0
gofree5gc/lib/nas/nasType/NAS_ReplayedS1UESecurityCapabilities.go:356.67,358.2 1 0
gofree5gc/lib/nas/nasType/NAS_ReplayedS1UESecurityCapabilities.go:362.64,364.2 1 0
gofree5gc/lib/nas/nasType/NAS_ReplayedS1UESecurityCapabilities.go:368.67,370.2 1 0
gofree5gc/lib/nas/nasType/NAS_ReplayedS1UESecurityCapabilities.go:374.64,376.2 1 0
gofree5gc/lib/nas/nasType/NAS_ReplayedS1UESecurityCapabilities.go:380.67,382.2 1 0
gofree5gc/lib/nas/nasType/NAS_ReplayedS1UESecurityCapabilities.go:386.64,388.2 1 0
gofree5gc/lib/nas/nasType/NAS_ReplayedS1UESecurityCapabilities.go:392.67,394.2 1 0
gofree5gc/lib/nas/nasType/NAS_ReplayedS1UESecurityCapabilities.go:398.64,400.2 1 0
gofree5gc/lib/nas/nasType/NAS_ReplayedS1UESecurityCapabilities.go:404.67,406.2 1 0
gofree5gc/lib/nas/nasType/NAS_ReplayedS1UESecurityCapabilities.go:410.64,412.2 1 0
gofree5gc/lib/nas/nasType/NAS_ReplayedS1UESecurityCapabilities.go:416.67,418.2 1 0
gofree5gc/lib/nas/nasType/NAS_ReplayedS1UESecurityCapabilities.go:422.64,424.2 1 0
gofree5gc/lib/nas/nasType/NAS_ReplayedS1UESecurityCapabilities.go:428.67,430.2 1 0
gofree5gc/lib/nas/nasType/NAS_ReplayedS1UESecurityCapabilities.go:434.64,436.2 1 0
gofree5gc/lib/nas/nasType/NAS_ReplayedS1UESecurityCapabilities.go:440.67,442.2 1 0
gofree5gc/lib/nas/nasType/NAS_ReplayedS1UESecurityCapabilities.go:446.64,448.2 1 0
gofree5gc/lib/nas/nasType/NAS_ReplayedS1UESecurityCapabilities.go:452.67,454.2 1 0
gofree5gc/lib/nas/nasType/NAS_ReplayedS1UESecurityCapabilities.go:458.64,460.2 1 0
gofree5gc/lib/nas/nasType/NAS_ReplayedS1UESecurityCapabilities.go:464.67,466.2 1 0
gofree5gc/lib/nas/nasType/NAS_ReplayedS1UESecurityCapabilities.go:470.64,472.2 1 0
gofree5gc/lib/nas/nasType/NAS_ReplayedS1UESecurityCapabilities.go:476.67,478.2 1 0
gofree5gc/lib/nas/nasType/NAS_ReplayedS1UESecurityCapabilities.go:482.64,484.2 1 0
gofree5gc/lib/nas/nasType/NAS_ReplayedS1UESecurityCapabilities.go:488.67,490.2 1 0
gofree5gc/lib/nas/nasType/NAS_ReplayedS1UESecurityCapabilities.go:494.64,496.2 1 0
gofree5gc/lib/nas/nasType/NAS_ReplayedS1UESecurityCapabilities.go:500.67,502.2 1 0
gofree5gc/lib/nas/nasType/NAS_ReplayedS1UESecurityCapabilities.go:506.64,508.2 1 0
gofree5gc/lib/nas/nasType/NAS_ReplayedS1UESecurityCapabilities.go:512.67,514.2 1 0
gofree5gc/lib/nas/nasType/NAS_ReplayedS1UESecurityCapabilities.go:518.64,520.2 1 0
gofree5gc/lib/nas/nasType/NAS_ReplayedS1UESecurityCapabilities.go:524.67,526.2 1 0
gofree5gc/lib/nas/nasType/NAS_ReplayedS1UESecurityCapabilities.go:530.64,532.2 1 0
gofree5gc/lib/nas/nasType/NAS_SSCMode.go:11.47,15.2 3 0
gofree5gc/lib/nas/nasType/NAS_SSCMode.go:19.40,21.2 1 0
gofree5gc/lib/nas/nasType/NAS_SSCMode.go:25.37,27.2 1 0
gofree5gc/lib/nas/nasType/NAS_SSCMode.go:31.44,33.2 1 0
gofree5gc/lib/nas/nasType/NAS_SSCMode.go:37.41,39.2 1 0
gofree5gc/lib/nas/nasType/NAS_SSCMode.go:43.48,45.2 1 0
gofree5gc/lib/nas/nasType/NAS_SSCMode.go:49.45,51.2 1 0
gofree5gc/lib/nas/nasType/NAS_AuthorizedQosRules.go:11.80,15.2 3 0
gofree5gc/lib/nas/nasType/NAS_AuthorizedQosRules.go:19.51,21.2 1 0
gofree5gc/lib/nas/nasType/NAS_AuthorizedQosRules.go:25.48,27.2 1 0
gofree5gc/lib/nas/nasType/NAS_AuthorizedQosRules.go:31.52,33.2 1 0
gofree5gc/lib/nas/nasType/NAS_AuthorizedQosRules.go:37.49,40.2 2 0
gofree5gc/lib/nas/nasType/NAS_AuthorizedQosRules.go:44.61,48.2 3 0
gofree5gc/lib/nas/nasType/NAS_AuthorizedQosRules.go:52.58,54.2 1 0
gofree5gc/lib/nas/nasType/NAS_ConfiguredNSSAI.go:11.71,15.2 3 0
gofree5gc/lib/nas/nasType/NAS_ConfiguredNSSAI.go:19.48,21.2 1 0
gofree5gc/lib/nas/nasType/NAS_ConfiguredNSSAI.go:25.45,27.2 1 0
gofree5gc/lib/nas/nasType/NAS_ConfiguredNSSAI.go:31.48,33.2 1 0
gofree5gc/lib/nas/nasType/NAS_ConfiguredNSSAI.go:37.45,40.2 2 0
gofree5gc/lib/nas/nasType/NAS_ConfiguredNSSAI.go:44.66,48.2 3 0
gofree5gc/lib/nas/nasType/NAS_ConfiguredNSSAI.go:52.63,54.2 1 0
gofree5gc/lib/nas/nasType/NAS_EmergencyNumberList.go:13.83,17.2 3 0
gofree5gc/lib/nas/nasType/NAS_EmergencyNumberList.go:21.52,23.2 1 0
gofree5gc/lib/nas/nasType/NAS_EmergencyNumberList.go:27.49,29.2 1 0
gofree5gc/lib/nas/nasType/NAS_EmergencyNumberList.go:33.52,35.2 1 0
gofree5gc/lib/nas/nasType/NAS_EmergencyNumberList.go:39.49,42.2 2 0
gofree5gc/lib/nas/nasType/NAS_EmergencyNumberList.go:46.116,48.2 1 0
gofree5gc/lib/nas/nasType/NAS_EmergencyNumberList.go:52.113,54.2 1 0
gofree5gc/lib/nas/nasType/NAS_EmergencyNumberList.go:58.104,60.2 1 0
gofree5gc/lib/nas/nasType/NAS_EmergencyNumberList.go:64.101,66.2 1 0
gofree5gc/lib/nas/nasType/NAS_EmergencyNumberList.go:70.88,74.2 3 0
gofree5gc/lib/nas/nasType/NAS_EmergencyNumberList.go:78.85,80.2 1 0
gofree5gc/lib/nas/nasType/NAS_UniversalTimeAndLocalTimeZone.go:16.113,20.2 3 0
gofree5gc/lib/nas/nasType/NAS_UniversalTimeAndLocalTimeZone.go:24.62,26.2 1 0
gofree5gc/lib/nas/nasType/NAS_UniversalTimeAndLocalTimeZone.go:30.59,32.2 1 0
gofree5gc/lib/nas/nasType/NAS_UniversalTimeAndLocalTimeZone.go:36.64,38.2 1 0
gofree5gc/lib/nas/nasType/NAS_UniversalTimeAndLocalTimeZone.go:42.61,44.2 1 0
gofree5gc/lib/nas/nasType/NAS_UniversalTimeAndLocalTimeZone.go:48.66,50.2 1 0
gofree5gc/lib/nas/nasType/NAS_UniversalTimeAndLocalTimeZone.go:54.63,56.2 1 0
gofree5gc/lib/nas/nasType/NAS_UniversalTimeAndLocalTimeZone.go:60.62,62.2 1 0
gofree5gc/lib/nas/nasType/NAS_UniversalTimeAndLocalTimeZone.go:66.59,68.2 1 0
gofree5gc/lib/nas/nasType/NAS_UniversalTimeAndLocalTimeZone.go:72.64,74.2 1 0
gofree5gc/lib/nas/nasType/NAS_UniversalTimeAndLocalTimeZone.go:78.61,80.2 1 0
gofree5gc/lib/nas/nasType/NAS_UniversalTimeAndLocalTimeZone.go:84.68,86.2 1 0
gofree5gc/lib/nas/nasType/NAS_UniversalTimeAndLocalTimeZone.go:90.65,92.2 1 0
gofree5gc/lib/nas/nasType/NAS_UniversalTimeAndLocalTimeZone.go:96.68,98.2 1 0
gofree5gc/lib/nas/nasType/NAS_UniversalTimeAndLocalTimeZone.go:102.65,104.2 1 0
gofree5gc/lib/nas/nasType/NAS_UniversalTimeAndLocalTimeZone.go:108.72,110.2 1 0
gofree5gc/lib/nas/nasType/NAS_UniversalTimeAndLocalTimeZone.go:114.69,116.2 1 0
gofree5gc/lib/nas/nasType/NAS_AuthenticationRejectMessageIdentity.go:9.122,12.2 2 0
gofree5gc/lib/nas/nasType/NAS_AuthenticationRejectMessageIdentity.go:16.84,18.2 1 0
gofree5gc/lib/nas/nasType/NAS_AuthenticationRejectMessageIdentity.go:22.81,24.2 1 0
gofree5gc/lib/nas/nasType/NAS_GUTI5G.go:22.44,26.2 3 0
gofree5gc/lib/nas/nasType/NAS_GUTI5G.go:30.39,32.2 1 0
gofree5gc/lib/nas/nasType/NAS_GUTI5G.go:36.36,38.2 1 0
gofree5gc/lib/nas/nasType/NAS_GUTI5G.go:42.40,44.2 1 0
gofree5gc/lib/nas/nasType/NAS_GUTI5G.go:48.37,50.2 1 0
gofree5gc/lib/nas/nasType/NAS_GUTI5G.go:54.43,56.2 1 0
gofree5gc/lib/nas/nasType/NAS_GUTI5G.go:60.40,62.2 1 0
gofree5gc/lib/nas/nasType/NAS_GUTI5G.go:66.61,68.2 1 0
gofree5gc/lib/nas/nasType/NAS_GUTI5G.go:72.58,74.2 1 0
gofree5gc/lib/nas/nasType/NAS_GUTI5G.go:78.51,80.2 1 0
gofree5gc/lib/nas/nasType/NAS_GUTI5G.go:84.48,86.2 1 0
gofree5gc/lib/nas/nasType/NAS_GUTI5G.go:90.51,92.2 1 0
gofree5gc/lib/nas/nasType/NAS_GUTI5G.go:96.48,98.2 1 0
gofree5gc/lib/nas/nasType/NAS_GUTI5G.go:102.51,104.2 1 0
gofree5gc/lib/nas/nasType/NAS_GUTI5G.go:108.48,110.2 1 0
gofree5gc/lib/nas/nasType/NAS_GUTI5G.go:114.51,116.2 1 0
gofree5gc/lib/nas/nasType/NAS_GUTI5G.go:120.48,122.2 1 0
gofree5gc/lib/nas/nasType/NAS_GUTI5G.go:126.51,128.2 1 0
gofree5gc/lib/nas/nasType/NAS_GUTI5G.go:132.48,134.2 1 0
gofree5gc/lib/nas/nasType/NAS_GUTI5G.go:138.51,140.2 1 0
gofree5gc/lib/nas/nasType/NAS_GUTI5G.go:144.48,146.2 1 0
gofree5gc/lib/nas/nasType/NAS_GUTI5G.go:150.55,152.2 1 0
gofree5gc/lib/nas/nasType/NAS_GUTI5G.go:156.52,158.2 1 0
gofree5gc/lib/nas/nasType/NAS_GUTI5G.go:162.50,164.2 1 0
gofree5gc/lib/nas/nasType/NAS_GUTI5G.go:168.47,171.2 2 0
gofree5gc/lib/nas/nasType/NAS_GUTI5G.go:175.53,177.2 1 0
gofree5gc/lib/nas/nasType/NAS_GUTI5G.go:181.50,183.2 1 0
gofree5gc/lib/nas/nasType/NAS_GUTI5G.go:187.48,190.2 2 0
gofree5gc/lib/nas/nasType/NAS_GUTI5G.go:194.45,196.2 1 0
gofree5gc/lib/nas/nasType/NAS_PDUAddress.go:12.56,16.2 3 0
gofree5gc/lib/nas/nasType/NAS_PDUAddress.go:20.43,22.2 1 0
gofree5gc/lib/nas/nasType/NAS_PDUAddress.go:26.40,28.2 1 0
gofree5gc/lib/nas/nasType/NAS_PDUAddress.go:32.43,34.2 1 0
gofree5gc/lib/nas/nasType/NAS_PDUAddress.go:38.40,40.2 1 0
gofree5gc/lib/nas/nasType/NAS_PDUAddress.go:44.75,46.2 1 0
gofree5gc/lib/nas/nasType/NAS_PDUAddress.go:50.72,52.2 1 0
gofree5gc/lib/nas/nasType/NAS_PDUAddress.go:56.83,59.2 2 0
gofree5gc/lib/nas/nasType/NAS_PDUAddress.go:63.80,65.2 1 0
gofree5gc/lib/nas/nasType/NAS_S1UENetworkCapability.go:11.89,15.2 3 0
gofree5gc/lib/nas/nasType/NAS_S1UENetworkCapability.go:19.54,21.2 1 0
gofree5gc/lib/nas/nasType/NAS_S1UENetworkCapability.go:25.51,27.2 1 0
gofree5gc/lib/nas/nasType/NAS_S1UENetworkCapability.go:31.54,33.2 1 0
gofree5gc/lib/nas/nasType/NAS_S1UENetworkCapability.go:37.51,39.2 1 0
gofree5gc/lib/nas/nasType/NAS_S1UENetworkCapability.go:43.58,46.2 2 0
gofree5gc/lib/nas/nasType/NAS_S1UENetworkCapability.go:50.55,52.2 1 0
gofree5gc/lib/nas/nasType/NAS_SNSSAI.go:14.44,18.2 3 0
gofree5gc/lib/nas/nasType/NAS_SNSSAI.go:22.39,24.2 1 0
gofree5gc/lib/nas/nasType/NAS_SNSSAI.go:28.36,30.2 1 0
gofree5gc/lib/nas/nasType/NAS_SNSSAI.go:34.39,36.2 1 0
gofree5gc/lib/nas/nasType/NAS_SNSSAI.go:40.36,42.2 1 0
gofree5gc/lib/nas/nasType/NAS_SNSSAI.go:46.39,48.2 1 0
gofree5gc/lib/nas/nasType/NAS_SNSSAI.go:52.36,54.2 1 0
gofree5gc/lib/nas/nasType/NAS_SNSSAI.go:58.40,61.2 2 0
gofree5gc/lib/nas/nasType/NAS_SNSSAI.go:65.37,67.2 1 0
gofree5gc/lib/nas/nasType/NAS_SNSSAI.go:71.61,73.2 1 0
gofree5gc/lib/nas/nasType/NAS_SNSSAI.go:77.58,79.2 1 0
gofree5gc/lib/nas/nasType/NAS_SNSSAI.go:83.62,86.2 2 0
gofree5gc/lib/nas/nasType/NAS_SNSSAI.go:90.59,92.2 1 0
gofree5gc/lib/nas/nasType/NAS_AuthenticationFailureMessageIdentity.go:9.125,12.2 2 0
gofree5gc/lib/nas/nasType/NAS_AuthenticationFailureMessageIdentity.go:16.85,18.2 1 0
gofree5gc/lib/nas/nasType/NAS_AuthenticationFailureMessageIdentity.go:22.82,24.2 1 0
gofree5gc/lib/nas/nasType/NAS_Cause5GMM.go:10.53,14.2 3 0
gofree5gc/lib/nas/nasType/NAS_Cause5GMM.go:18.42,20.2 1 0
gofree5gc/lib/nas/nasType/NAS_Cause5GMM.go:24.39,26.2 1 0
gofree5gc/lib/nas/nasType/NAS_Cause5GMM.go:30.56,32.2 1 0
gofree5gc/lib/nas/nasType/NAS_Cause5GMM.go:36.53,38.2 1 0
gofree5gc/lib/nas/nasType/NAS_DeregistrationTypeAndNgksi.go:13.95,16.2 2 0
gofree5gc/lib/nas/nasType/NAS_DeregistrationTypeAndNgksi.go:20.71,22.2 1 0
gofree5gc/lib/nas/nasType/NAS_DeregistrationTypeAndNgksi.go:26.68,28.2 1 0
gofree5gc/lib/nas/nasType/NAS_DeregistrationTypeAndNgksi.go:32.97,34.2 1 0
gofree5gc/lib/nas/nasType/NAS_DeregistrationTypeAndNgksi.go:38.94,40.2 1 0
gofree5gc/lib/nas/nasType/NAS_DeregistrationTypeAndNgksi.go:44.73,46.2 1 0
gofree5gc/lib/nas/nasType/NAS_DeregistrationTypeAndNgksi.go:50.70,52.2 1 0
gofree5gc/lib/nas/nasType/NAS_DeregistrationTypeAndNgksi.go:56.59,58.2 1 0
gofree5gc/lib/nas/nasType/NAS_DeregistrationTypeAndNgksi.go:62.56,64.2 1 0
gofree5gc/lib/nas/nasType/NAS_DeregistrationTypeAndNgksi.go:68.93,70.2 1 0
gofree5gc/lib/nas/nasType/NAS_DeregistrationTypeAndNgksi.go:74.90,76.2 1 0
gofree5gc/lib/nas/nasType/NAS_MobileIdentity.go:11.68,15.2 3 0
gofree5gc/lib/nas/nasType/NAS_MobileIdentity.go:19.47,21.2 1 0
gofree5gc/lib/nas/nasType/NAS_MobileIdentity.go:25.44,27.2 1 0
gofree5gc/lib/nas/nasType/NAS_MobileIdentity.go:31.48,33.2 1 0
gofree5gc/lib/nas/nasType/NAS_MobileIdentity.go:37.45,40.2 2 0
gofree5gc/lib/nas/nasType/NAS_MobileIdentity.go:44.87,48.2 3 0
gofree5gc/lib/nas/nasType/NAS_MobileIdentity.go:52.84,54.2 1 0
gofree5gc/lib/nas/nasType/NAS_NgksiAndSpareHalfOctet.go:11.83,14.2 2 1
gofree5gc/lib/nas/nasType/NAS_NgksiAndSpareHalfOctet.go:18.55,20.2 1 1
gofree5gc/lib/nas/nasType/NAS_NgksiAndSpareHalfOctet.go:24.52,26.2 1 1
gofree5gc/lib/nas/nasType/NAS_NgksiAndSpareHalfOctet.go:30.89,32.2 1 1
gofree5gc/lib/nas/nasType/NAS_NgksiAndSpareHalfOctet.go:36.86,38.2 1 1
gofree5gc/lib/nas/nasType/NAS_NgksiAndSpareHalfOctet.go:42.77,44.2 1 1
gofree5gc/lib/nas/nasType/NAS_NgksiAndSpareHalfOctet.go:48.74,50.2 1 1
gofree5gc/lib/nas/nasType/NAS_OldPDUSessionID.go:10.71,14.2 3 0
gofree5gc/lib/nas/nasType/NAS_OldPDUSessionID.go:18.48,20.2 1 0
gofree5gc/lib/nas/nasType/NAS_OldPDUSessionID.go:24.45,26.2 1 0
gofree5gc/lib/nas/nasType/NAS_OldPDUSessionID.go:30.90,32.2 1 0
gofree5gc/lib/nas/nasType/NAS_OldPDUSessionID.go:36.87,38.2 1 0
gofree5gc/lib/nas/nasType/NAS_RegistrationRejectMessageIdentity.go:9.116,12.2 2 0
gofree5gc/lib/nas/nasType/NAS_RegistrationRejectMessageIdentity.go:16.82,18.2 1 0
gofree5gc/lib/nas/nasType/NAS_RegistrationRejectMessageIdentity.go:22.79,24.2 1 0
gofree5gc/lib/nas/nasType/NAS_ReplayedUESecurityCapabilities.go:43.116,47.2 3 0
gofree5gc/lib/nas/nasType/NAS_ReplayedUESecurityCapabilities.go:51.63,53.2 1 0
gofree5gc/lib/nas/nasType/NAS_ReplayedUESecurityCapabilities.go:57.60,59.2 1 0
gofree5gc/lib/nas/nasType/NAS_ReplayedUESecurityCapabilities.go:63.63,65.2 1 0
gofree5gc/lib/nas/nasType/NAS_ReplayedUESecurityCapabilities.go:69.60,71.2 1 0
gofree5gc/lib/nas/nasType/NAS_ReplayedUESecurityCapabilities.go:75.69,77.2 1 0
gofree5gc/lib/nas/nasType/NAS_ReplayedUESecurityCapabilities.go:81.66,83.2 1 0
gofree5gc/lib/nas/nasType/NAS_ReplayedUESecurityCapabilities.go:87.77,89.2 1 0
gofree5gc/lib/nas/nasType/NAS_ReplayedUESecurityCapabilities.go:93.74,95.2 1 0
gofree5gc/lib/nas/nasType/NAS_ReplayedUESecurityCapabilities.go:99.77,101.2 1 0
gofree5gc/lib/nas/nasType/NAS_ReplayedUESecurityCapabilities.go:105.74,107.2 1 0
gofree5gc/lib/nas/nasType/NAS_ReplayedUESecurityCapabilities.go:111.77,113.2 1 0
gofree5gc/lib/nas/nasType/NAS_ReplayedUESecurityCapabilities.go:117.74,119.2 1 0
gofree5gc/lib/nas/nasType/NAS_ReplayedUESecurityCapabilities.go:123.69,125.2 1 0
gofree5gc/lib/nas/nasType/NAS_ReplayedUESecurityCapabilities.go:129.66,131.2 1 0
gofree5gc/lib/nas/nasType/NAS_ReplayedUESecurityCapabilities.go:135.69,137.2 1 0
gofree5gc/lib/nas/nasType/NAS_ReplayedUESecurityCapabilities.go:141.66,143.2 1 0
gofree5gc/lib/nas/nasType/NAS_ReplayedUESecurityCapabilities.go:147.69,149.2 1 0
gofree5gc/lib/nas/nasType/NAS_ReplayedUESecurityCapabilities.go:153.66,155.2 1 0
gofree5gc/lib/nas/nasType/NAS_ReplayedUESecurityCapabilities.go:159.69,161.2 1 0
gofree5gc/lib/nas/nasType/NAS_ReplayedUESecurityCapabilities.go:165.66,167.2 1 0
gofree5gc/lib/nas/nasType/NAS_ReplayedUESecurityCapabilities.go:171.69,173.2 1 0
gofree5gc/lib/nas/nasType/NAS_ReplayedUESecurityCapabilities.go:177.66,179.2 1 0
gofree5gc/lib/nas/nasType/NAS_ReplayedUESecurityCapabilities.go:183.77,185.2 1 0
gofree5gc/lib/nas/nasType/NAS_ReplayedUESecurityCapabilities.go:189.74,191.2 1 0
gofree5gc/lib/nas/nasType/NAS_ReplayedUESecurityCapabilities.go:195.77,197.2 1 0
gofree5gc/lib/nas/nasType/NAS_ReplayedUESecurityCapabilities.go:201.74,203.2 1 0
gofree5gc/lib/nas/nasType/NAS_ReplayedUESecurityCapabilities.go:207.77,209.2 1 0
gofree5gc/lib/nas/nasType/NAS_ReplayedUESecurityCapabilities.go:213.74,215.2 1 0
gofree5gc/lib/nas/nasType/NAS_ReplayedUESecurityCapabilities.go:219.69,221.2 1 0
gofree5gc/lib/nas/nasType/NAS_ReplayedUESecurityCapabilities.go:225.66,227.2 1 0
gofree5gc/lib/nas/nasType/NAS_ReplayedUESecurityCapabilities.go:231.69,233.2 1 0
gofree5gc/lib/nas/nasType/NAS_ReplayedUESecurityCapabilities.go:237.66,239.2 1 0
gofree5gc/lib/nas/nasType/NAS_ReplayedUESecurityCapabilities.go:243.69,245.2 1 0
gofree5gc/lib/nas/nasType/NAS_ReplayedUESecurityCapabilities.go:249.66,251.2 1 0
gofree5gc/lib/nas/nasType/NAS_ReplayedUESecurityCapabilities.go:255.69,257.2 1 0
gofree5gc/lib/nas/nasType/NAS_ReplayedUESecurityCapabilities.go:261.66,263.2 1 0
gofree5gc/lib/nas/nasType/NAS_ReplayedUESecurityCapabilities.go:267.65,269.2 1 0
gofree5gc/lib/nas/nasType/NAS_ReplayedUESecurityCapabilities.go:273.62,275.2 1 0
gofree5gc/lib/nas/nasType/NAS_ReplayedUESecurityCapabilities.go:279.73,281.2 1 0
gofree5gc/lib/nas/nasType/NAS_ReplayedUESecurityCapabilities.go:285.70,287.2 1 0
gofree5gc/lib/nas/nasType/NAS_ReplayedUESecurityCapabilities.go:291.73,293.2 1 0
gofree5gc/lib/nas/nasType/NAS_ReplayedUESecurityCapabilities.go:297.70,299.2 1 0
gofree5gc/lib/nas/nasType/NAS_ReplayedUESecurityCapabilities.go:303.73,305.2 1 0
gofree5gc/lib/nas/nasType/NAS_ReplayedUESecurityCapabilities.go:309.70,311.2 1 0
gofree5gc/lib/nas/nasType/NAS_ReplayedUESecurityCapabilities.go:315.65,317.2 1 0
gofree5gc/lib/nas/nasType/NAS_ReplayedUESecurityCapabilities.go:321.62,323.2 1 0
gofree5gc/lib/nas/nasType/NAS_ReplayedUESecurityCapabilities.go:327.65,329.2 1 0
gofree5gc/lib/nas/nasType/NAS_ReplayedUESecurityCapabilities.go:333.62,335.2 1 0
gofree5gc/lib/nas/nasType/NAS_ReplayedUESecurityCapabilities.go:339.65,341.2 1 0
gofree5gc/lib/nas/nasType/NAS_ReplayedUESecurityCapabilities.go:345.62,347.2 1 0
gofree5gc/lib/nas/nasType/NAS_ReplayedUESecurityCapabilities.go:351.65,353.2 1 0
gofree5gc/lib/nas/nasType/NAS_ReplayedUESecurityCapabilities.go:357.62,359.2 1 0
gofree5gc/lib/nas/nasType/NAS_ReplayedUESecurityCapabilities.go:363.65,365.2 1 0
gofree5gc/lib/nas/nasType/NAS_ReplayedUESecurityCapabilities.go:369.62,371.2 1 0
gofree5gc/lib/nas/nasType/NAS_ReplayedUESecurityCapabilities.go:375.73,377.2 1 0
gofree5gc/lib/nas/nasType/NAS_ReplayedUESecurityCapabilities.go:381.70,383.2 1 0
gofree5gc/lib/nas/nasType/NAS_ReplayedUESecurityCapabilities.go:387.73,389.2 1 0
gofree5gc/lib/nas/nasType/NAS_ReplayedUESecurityCapabilities.go:393.70,395.2 1 0
gofree5gc/lib/nas/nasType/NAS_ReplayedUESecurityCapabilities.go:399.73,401.2 1 0
gofree5gc/lib/nas/nasType/NAS_ReplayedUESecurityCapabilities.go:405.70,407.2 1 0
gofree5gc/lib/nas/nasType/NAS_ReplayedUESecurityCapabilities.go:411.65,413.2 1 0
gofree5gc/lib/nas/nasType/NAS_ReplayedUESecurityCapabilities.go:417.62,419.2 1 0
gofree5gc/lib/nas/nasType/NAS_ReplayedUESecurityCapabilities.go:423.65,425.2 1 0
gofree5gc/lib/nas/nasType/NAS_ReplayedUESecurityCapabilities.go:429.62,431.2 1 0
gofree5gc/lib/nas/nasType/NAS_ReplayedUESecurityCapabilities.go:435.65,437.2 1 0
gofree5gc/lib/nas/nasType/NAS_ReplayedUESecurityCapabilities.go:441.62,443.2 1 0
gofree5gc/lib/nas/nasType/NAS_ReplayedUESecurityCapabilities.go:447.65,449.2 1 0
gofree5gc/lib/nas/nasType/NAS_ReplayedUESecurityCapabilities.go:453.62,455.2 1 0
gofree5gc/lib/nas/nasType/NAS_ReplayedUESecurityCapabilities.go:459.70,462.2 2 0
gofree5gc/lib/nas/nasType/NAS_ReplayedUESecurityCapabilities.go:466.67,468.2 1 0
gofree5gc/lib/nas/nasType/NAS_AuthenticationParameterRAND.go:10.107,14.2 3 0
gofree5gc/lib/nas/nasType/NAS_AuthenticationParameterRAND.go:18.60,20.2 1 0
gofree5gc/lib/nas/nasType/NAS_AuthenticationParameterRAND.go:24.57,26.2 1 0
gofree5gc/lib/nas/nasType/NAS_AuthenticationParameterRAND.go:30.76,33.2 2 0
gofree5gc/lib/nas/nasType/NAS_AuthenticationParameterRAND.go:37.73,39.2 1 0
gofree5gc/lib/nas/nasType/NAS_UpdateType5GS.go:12.65,16.2 3 0
gofree5gc/lib/nas/nasType/NAS_UpdateType5GS.go:20.46,22.2 1 0
gofree5gc/lib/nas/nasType/NAS_UpdateType5GS.go:26.43,28.2 1 0
gofree5gc/lib/nas/nasType/NAS_UpdateType5GS.go:32.46,34.2 1 0
gofree5gc/lib/nas/nasType/NAS_UpdateType5GS.go:38.43,40.2 1 0
gofree5gc/lib/nas/nasType/NAS_UpdateType5GS.go:44.56,46.2 1 0
gofree5gc/lib/nas/nasType/NAS_UpdateType5GS.go:50.53,52.2 1 0
gofree5gc/lib/nas/nasType/NAS_UpdateType5GS.go:56.64,58.2 1 0
gofree5gc/lib/nas/nasType/NAS_UpdateType5GS.go:62.61,64.2 1 0
gofree5gc/lib/nas/nasType/NAS_SequenceNumber.go:9.59,12.2 2 0
gofree5gc/lib/nas/nasType/NAS_SequenceNumber.go:16.47,18.2 1 0
gofree5gc/lib/nas/nasType/NAS_SequenceNumber.go:22.44,24.2 1 0
gofree5gc/lib/nas/nasType/NAS_LADNIndication.go:11.68,15.2 3 0
gofree5gc/lib/nas/nasType/NAS_LADNIndication.go:19.47,21.2 1 0
gofree5gc/lib/nas/nasType/NAS_LADNIndication.go:25.44,27.2 1 0
gofree5gc/lib/nas/nasType/NAS_LADNIndication.go:31.48,33.2 1 0
gofree5gc/lib/nas/nasType/NAS_LADNIndication.go:37.45,40.2 2 0
gofree5gc/lib/nas/nasType/NAS_LADNIndication.go:44.67,48.2 3 0
gofree5gc/lib/nas/nasType/NAS_LADNIndication.go:52.64,54.2 1 0
gofree5gc/lib/nas/nasType/NAS_PDUSESSIONRELEASECOMPLETEMessageIdentity.go:9.137,12.2 2 0
gofree5gc/lib/nas/nasType/NAS_PDUSESSIONRELEASECOMPLETEMessageIdentity.go:16.89,18.2 1 0
gofree5gc/lib/nas/nasType/NAS_PDUSESSIONRELEASECOMPLETEMessageIdentity.go:22.86,24.2 1 0
gofree5gc/lib/nas/nasType/NAS_STATUSMessageIdentity5GMM.go:9.92,12.2 2 0
gofree5gc/lib/nas/nasType/NAS_STATUSMessageIdentity5GMM.go:16.74,18.2 1 0
gofree5gc/lib/nas/nasType/NAS_STATUSMessageIdentity5GMM.go:22.71,24.2 1 0
gofree5gc/lib/nas/nasType/NAS_ServiceAcceptMessageIdentity.go:9.101,12.2 2 0
gofree5gc/lib/nas/nasType/NAS_ServiceAcceptMessageIdentity.go:16.77,18.2 1 0
gofree5gc/lib/nas/nasType/NAS_ServiceAcceptMessageIdentity.go:22.74,24.2 1 0
gofree5gc/lib/nas/nasType/NAS_AllowedSSCMode.go:12.68,16.2 3 0
gofree5gc/lib/nas/nasType/NAS_AllowedSSCMode.go:20.47,22.2 1 0
gofree5gc/lib/nas/nasType/NAS_AllowedSSCMode.go:26.44,28.2 1 0
gofree5gc/lib/nas/nasType/NAS_AllowedSSCMode.go:32.49,34.2 1 0
gofree5gc/lib/nas/nasType/NAS_AllowedSSCMode.go:38.46,40.2 1 0
gofree5gc/lib/nas/nasType/NAS_AllowedSSCMode.go:44.49,46.2 1 0
gofree5gc/lib/nas/nasType/NAS_AllowedSSCMode.go:50.46,52.2 1 0
gofree5gc/lib/nas/nasType/NAS_AllowedSSCMode.go:56.49,58.2 1 0
gofree5gc/lib/nas/nasType/NAS_AllowedSSCMode.go:62.46,64.2 1 0
[...]
gofree5gc/lib/nas/nasType/NAS_OperatordefinedAccessCategoryDefinitions.go:37.71,40.2 2 0
gofree5gc/lib/nas/nasType/NAS_OperatordefinedAccessCategoryDefinitions.go:44.147,48.2 3 0
gofree5gc/lib/nas/nasType/NAS_OperatordefinedAccessCategoryDefinitions.go:52.144,54.2 1 0
gofree5gc/lib/nas/nasType/NAS_Capability5GSM.go:13.68,17.2 3 0
gofree5gc/lib/nas/nasType/NAS_Capability5GSM.go:21.47,23.2 1 0
gofree5gc/lib/nas/nasType/NAS_Capability5GSM.go:27.44,29.2 1 0
gofree5gc/lib/nas/nasType/NAS_Capability5GSM.go:33.47,35.2 1 0
gofree5gc/lib/nas/nasType/NAS_Capability5GSM.go:39.44,41.2 1 0
gofree5gc/lib/nas/nasType/NAS_Capability5GSM.go:45.53,47.2 1 0
gofree5gc/lib/nas/nasType/NAS_Capability5GSM.go:51.50,53.2 1 0
gofree5gc/lib/nas/nasType/NAS_Capability5GSM.go:57.49,59.2 1 0
gofree5gc/lib/nas/nasType/NAS_Capability5GSM.go:63.46,65.2 1 0
gofree5gc/lib/nas/nasType/NAS_Capability5GSM.go:69.55,72.2 2 0
gofree5gc/lib/nas/nasType/NAS_Capability5GSM.go:76.52,78.2 1 0
gofree5gc/lib/nas/nasType/NAS_ExtendedEmergencyNumberList.go:12.107,16.2 3 0
gofree5gc/lib/nas/nasType/NAS_ExtendedEmergencyNumberList.go:20.60,22.2 1 0
gofree5gc/lib/nas/nasType/NAS_ExtendedEmergencyNumberList.go:26.57,28.2 1 0
gofree5gc/lib/nas/nasType/NAS_ExtendedEmergencyNumberList.go:32.61,34.2 1 0
gofree5gc/lib/nas/nasType/NAS_ExtendedEmergencyNumberList.go:38.58,41.2 2 0
gofree5gc/lib/nas/nasType/NAS_ExtendedEmergencyNumberList.go:45.62,47.2 1 0
gofree5gc/lib/nas/nasType/NAS_ExtendedEmergencyNumberList.go:51.59,53.2 1 0
gofree5gc/lib/nas/nasType/NAS_ExtendedEmergencyNumberList.go:57.96,61.2 3 0
gofree5gc/lib/nas/nasType/NAS_ExtendedEmergencyNumberList.go:65.93,67.2 1 0
gofree5gc/lib/nas/nasType/NAS_MICOIndication.go:10.68,14.2 3 0
gofree5gc/lib/nas/nasType/NAS_MICOIndication.go:18.47,20.2 1 0
gofree5gc/lib/nas/nasType/NAS_MICOIndication.go:24.44,26.2 1 0
gofree5gc/lib/nas/nasType/NAS_MICOIndication.go:30.49,32.2 1 0
gofree5gc/lib/nas/nasType/NAS_MICOIndication.go:36.46,38.2 1 0
gofree5gc/lib/nas/nasType/NAS_NetworkSlicingIndication.go:11.98,15.2 3 0
gofree5gc/lib/nas/nasType/NAS_NetworkSlicingIndication.go:19.57,21.2 1 0
gofree5gc/lib/nas/nasType/NAS_NetworkSlicingIndication.go:25.54,27.2 1 0
gofree5gc/lib/nas/nasType/NAS_NetworkSlicingIndication.go:31.59,33.2 1 0
gofree5gc/lib/nas/nasType/NAS_NetworkSlicingIndication.go:37.56,39.2 1 0
gofree5gc/lib/nas/nasType/NAS_NetworkSlicingIndication.go:43.61,45.2 1 0
gofree5gc/lib/nas/nasType/NAS_NetworkSlicingIndication.go:49.58,51.2 1 0
gofree5gc/lib/nas/nasType/NAS_RegistrationAcceptMessageIdentity.go:9.116,12.2 2 0
gofree5gc/lib/nas/nasType/NAS_RegistrationAcceptMessageIdentity.go:16.82,18.2 1 0
gofree5gc/lib/nas/nasType/NAS_RegistrationAcceptMessageIdentity.go:22.79,24.2 1 0
gofree5gc/lib/nas/nasType/NAS_SMSIndication.go:10.65,14.2 3 0
gofree5gc/lib/nas/nasType/NAS_SMSIndication.go:18.46,20.2 1 0
gofree5gc/lib/nas/nasType/NAS_SMSIndication.go:24.43,26.2 1 0
gofree5gc/lib/nas/nasType/NAS_SMSIndication.go:30.46,32.2 1 0
gofree5gc/lib/nas/nasType/NAS_SMSIndication.go:36.43,38.2 1 0
gofree5gc/lib/nas/nasType/NAS_AuthenticationRequestMessageIdentity.go:9.125,12.2 2 0
gofree5gc/lib/nas/nasType/NAS_AuthenticationRequestMessageIdentity.go:16.85,18.2 1 0
gofree5gc/lib/nas/nasType/NAS_AuthenticationRequestMessageIdentity.go:22.82,24.2 1 0
gofree5gc/lib/nas/nasType/NAS_NetworkDaylightSavingTime.go:11.101,15.2 3 0
gofree5gc/lib/nas/nasType/NAS_NetworkDaylightSavingTime.go:19.58,21.2 1 0
gofree5gc/lib/nas/nasType/NAS_NetworkDaylightSavingTime.go:25.55,27.2 1 0
gofree5gc/lib/nas/nasType/NAS_NetworkDaylightSavingTime.go:31.58,33.2 1 0
gofree5gc/lib/nas/nasType/NAS_NetworkDaylightSavingTime.go:37.55,39.2 1 0
gofree5gc/lib/nas/nasType/NAS_NetworkDaylightSavingTime.go:43.62,45.2 1 0
gofree5gc/lib/nas/nasType/NAS_NetworkDaylightSavingTime.go:49.59,51.2 1 0
gofree5gc/lib/nas/nasType/NAS_NoncurrentNativeNASKeySetIdentifier.go:11.131,15.2 3 0
gofree5gc/lib/nas/nasType/NAS_NoncurrentNativeNASKeySetIdentifier.go:19.68,21.2 1 0
gofree5gc/lib/nas/nasType/NAS_NoncurrentNativeNASKeySetIdentifier.go:25.65,27.2 1 0
gofree5gc/lib/nas/nasType/NAS_NoncurrentNativeNASKeySetIdentifier.go:31.68,33.2 1 0
gofree5gc/lib/nas/nasType/NAS_NoncurrentNativeNASKeySetIdentifier.go:37.65,39.2 1 0
gofree5gc/lib/nas/nasType/NAS_NoncurrentNativeNASKeySetIdentifier.go:43.102,45.2 1 0
gofree5gc/lib/nas/nasType/NAS_NoncurrentNativeNASKeySetIdentifier.go:49.99,51.2 1 0
gofree5gc/lib/nas/nasType/NAS_RequestedDRXParameters.go:11.92,15.2 3 0
gofree5gc/lib/nas/nasType/NAS_RequestedDRXParameters.go:19.55,21.2 1 0
gofree5gc/lib/nas/nasType/NAS_RequestedDRXParameters.go:25.52,27.2 1 0
gofree5gc/lib/nas/nasType/NAS_RequestedDRXParameters.go:31.55,33.2 1 0
gofree5gc/lib/nas/nasType/NAS_RequestedDRXParameters.go:37.52,39.2 1 0
gofree5gc/lib/nas/nasType/NAS_RequestedDRXParameters.go:43.65,45.2 1 0
gofree5gc/lib/nas/nasType/NAS_RequestedDRXParameters.go:49.62,51.2 1 0
gofree5gc/lib/nas/nasType/NAS_SecurityModeCompleteMessageIdentity.go:9.131,13.2 3 0
gofree5gc/lib/nas/nasType/NAS_SecurityModeCompleteMessageIdentity.go:17.68,19.2 1 0
gofree5gc/lib/nas/nasType/NAS_SecurityModeCompleteMessageIdentity.go:23.65,25.2 1 0
gofree5gc/lib/nas/nasType/NAS_AuthenticationFailureParameter.go:11.116,15.2 3 0
gofree5gc/lib/nas/nasType/NAS_AuthenticationFailureParameter.go:19.63,21.2 1 0
gofree5gc/lib/nas/nasType/NAS_AuthenticationFailureParameter.go:25.60,27.2 1 0
gofree5gc/lib/nas/nasType/NAS_AuthenticationFailureParameter.go:31.63,33.2 1 0
gofree5gc/lib/nas/nasType/NAS_AuthenticationFailureParameter.go:37.60,39.2 1 0
gofree5gc/lib/nas/nasType/NAS_AuthenticationFailureParameter.go:43.121,46.2 2 0
gofree5gc/lib/nas/nasType/NAS_AuthenticationFailureParameter.go:50.118,52.2 1 0
gofree5gc/lib/nas/nasType/NAS_NgksiAndServiceType.go:11.74,14.2 2 1
gofree5gc/lib/nas/nasType/NAS_NgksiAndServiceType.go:18.52,20.2 1 1
gofree5gc/lib/nas/nasType/NAS_NgksiAndServiceType.go:24.49,26.2 1 1
gofree5gc/lib/nas/nasType/NAS_NgksiAndServiceType.go:30.86,32.2 1 1
gofree5gc/lib/nas/nasType/NAS_NgksiAndServiceType.go:36.83,38.2 1 1
gofree5gc/lib/nas/nasType/NAS_NgksiAndServiceType.go:42.78,44.2 1 1
gofree5gc/lib/nas/nasType/NAS_NgksiAndServiceType.go:48.75,50.2 1 1
gofree5gc/lib/nas/nasType/NAS_PDUSessionStatus.go:27.74,31.2 3 0
gofree5gc/lib/nas/nasType/NAS_PDUSessionStatus.go:35.49,37.2 1 0
gofree5gc/lib/nas/nasType/NAS_PDUSessionStatus.go:41.46,43.2 1 0
gofree5gc/lib/nas/nasType/NAS_PDUSessionStatus.go:47.49,49.2 1 0
gofree5gc/lib/nas/nasType/NAS_PDUSessionStatus.go:53.46,56.2 2 0
gofree5gc/lib/nas/nasType/NAS_PDUSessionStatus.go:60.51,62.2 1 0
gofree5gc/lib/nas/nasType/NAS_PDUSessionStatus.go:66.48,68.2 1 0
gofree5gc/lib/nas/nasType/NAS_PDUSessionStatus.go:72.51,74.2 1 0
gofree5gc/lib/nas/nasType/NAS_PDUSessionStatus.go:78.48,80.2 1 0
gofree5gc/lib/nas/nasType/NAS_PDUSessionStatus.go:84.51,86.2 1 0
gofree5gc/lib/nas/nasType/NAS_PDUSessionStatus.go:90.48,92.2 1 0
gofree5gc/lib/nas/nasType/NAS_PDUSessionStatus.go:96.51,98.2 1 0
gofree5gc/lib/nas/nasType/NAS_PDUSessionStatus.go:102.48,104.2 1 0
gofree5gc/lib/nas/nasType/NAS_PDUSessionStatus.go:108.51,110.2 1 0
gofree5gc/lib/nas/nasType/NAS_PDUSessionStatus.go:114.48,116.2 1 0
gofree5gc/lib/nas/nasType/NAS_PDUSessionStatus.go:120.51,122.2 1 0
gofree5gc/lib/nas/nasType/NAS_PDUSessionStatus.go:126.48,128.2 1 0
gofree5gc/lib/nas/nasType/NAS_PDUSessionStatus.go:132.51,134.2 1 0
gofree5gc/lib/nas/nasType/NAS_PDUSessionStatus.go:138.48,140.2 1 0
gofree5gc/lib/nas/nasType/NAS_PDUSessionStatus.go:144.51,146.2 1 0
gofree5gc/lib/nas/nasType/NAS_PDUSessionStatus.go:150.48,152.2 1 0
gofree5gc/lib/nas/nasType/NAS_PDUSessionStatus.go:156.53,158.2 1 0
gofree5gc/lib/nas/nasType/NAS_PDUSessionStatus.go:162.50,164.2 1 0
gofree5gc/lib/nas/nasType/NAS_PDUSessionStatus.go:168.53,170.2 1 0
gofree5gc/lib/nas/nasType/NAS_PDUSessionStatus.go:174.50,176.2 1 0
gofree5gc/lib/nas/nasType/NAS_PDUSessionStatus.go:180.53,182.2 1 0
gofree5gc/lib/nas/nasType/NAS_PDUSessionStatus.go:186.50,188.2 1 0
gofree5gc/lib/nas/nasType/NAS_PDUSessionStatus.go:192.53,194.2 1 0
gofree5gc/lib/nas/nasType/NAS_PDUSessionStatus.go:198.50,200.2 1 0
gofree5gc/lib/nas/nasType/NAS_PDUSessionStatus.go:204.53,206.2 1 0
gofree5gc/lib/nas/nasType/NAS_PDUSessionStatus.go:210.50,212.2 1 0
gofree5gc/lib/nas/nasType/NAS_PDUSessionStatus.go:216.53,218.2 1 0
gofree5gc/lib/nas/nasType/NAS_PDUSessionStatus.go:222.50,224.2 1 0
gofree5gc/lib/nas/nasType/NAS_PDUSessionStatus.go:228.51,230.2 1 0
gofree5gc/lib/nas/nasType/NAS_PDUSessionStatus.go:234.48,236.2 1 0
gofree5gc/lib/nas/nasType/NAS_PDUSessionStatus.go:240.51,242.2 1 0
gofree5gc/lib/nas/nasType/NAS_PDUSessionStatus.go:246.48,248.2 1 0
gofree5gc/lib/nas/nasType/NAS_PDUSessionStatus.go:252.55,256.2 3 0
gofree5gc/lib/nas/nasType/NAS_PDUSessionStatus.go:260.52,262.2 1 0
gofree5gc/lib/nas/nasType/NAS_ServiceRejectMessageIdentity.go:9.101,12.2 2 0
gofree5gc/lib/nas/nasType/NAS_ServiceRejectMessageIdentity.go:16.77,18.2 1 0
gofree5gc/lib/nas/nasType/NAS_ServiceRejectMessageIdentity.go:22.74,24.2 1 0
gofree5gc/lib/nas/nasType/NAS_ServiceRequestMessageIdentity.go:9.104,12.2 2 0
gofree5gc/lib/nas/nasType/NAS_ServiceRequestMessageIdentity.go:16.78,18.2 1 0
gofree5gc/lib/nas/nasType/NAS_ServiceRequestMessageIdentity.go:22.75,24.2 1 0
gofree5gc/lib/nas/nasType/NAS_T3512Value.go:12.56,16.2 3 0
gofree5gc/lib/nas/nasType/NAS_T3512Value.go:20.43,22.2 1 0
gofree5gc/lib/nas/nasType/NAS_T3512Value.go:26.40,28.2 1 0
gofree5gc/lib/nas/nasType/NAS_T3512Value.go:32.43,34.2 1 0
gofree5gc/lib/nas/nasType/NAS_T3512Value.go:38.40,40.2 1 0
gofree5gc/lib/nas/nasType/NAS_T3512Value.go:44.55,46.2 1 0
gofree5gc/lib/nas/nasType/NAS_T3512Value.go:50.52,52.2 1 0
gofree5gc/lib/nas/nasType/NAS_T3512Value.go:56.57,58.2 1 0
gofree5gc/lib/nas/nasType/NAS_T3512Value.go:62.54,64.2 1 0
gofree5gc/lib/nas/nasType/NAS_LADNInformation.go:11.71,15.2 3 0
gofree5gc/lib/nas/nasType/NAS_LADNInformation.go:19.48,21.2 1 0
gofree5gc/lib/nas/nasType/NAS_LADNInformation.go:25.45,27.2 1 0
gofree5gc/lib/nas/nasType/NAS_LADNInformation.go:31.49,33.2 1 0
gofree5gc/lib/nas/nasType/NAS_LADNInformation.go:37.46,40.2 2 0
gofree5gc/lib/nas/nasType/NAS_LADNInformation.go:44.54,48.2 3 0
gofree5gc/lib/nas/nasType/NAS_LADNInformation.go:52.51,54.2 1 0
gofree5gc/lib/nas/nasType/NAS_IdentityResponseMessageIdentity.go:9.110,12.2 2 0
gofree5gc/lib/nas/nasType/NAS_IdentityResponseMessageIdentity.go:16.80,18.2 1 0
gofree5gc/lib/nas/nasType/NAS_IdentityResponseMessageIdentity.go:22.77,24.2 1 0
gofree5gc/lib/nas/nasType/NAS_PDUSESSIONAUTHENTICATIONCOMPLETEMessageIdentity.go:9.158,12.2 2 0
gofree5gc/lib/nas/nasType/NAS_PDUSESSIONAUTHENTICATIONCOMPLETEMessageIdentity.go:16.96,18.2 1 0
gofree5gc/lib/nas/nasType/NAS_PDUSESSIONAUTHENTICATIONCOMPLETEMessageIdentity.go:22.93,24.2 1 0
gofree5gc/lib/nas/nasType/NAS_SORTransparentContainer.go:11.95,15.2 3 0
gofree5gc/lib/nas/nasType/NAS_SORTransparentContainer.go:19.56,21.2 1 0
gofree5gc/lib/nas/nasType/NAS_SORTransparentContainer.go:25.53,27.2 1 0
gofree5gc/lib/nas/nasType/NAS_SORTransparentContainer.go:31.57,33.2 1 0
gofree5gc/lib/nas/nasType/NAS_SORTransparentContainer.go:37.54,40.2 2 0
gofree5gc/lib/nas/nasType/NAS_SORTransparentContainer.go:44.72,48.2 3 0
gofree5gc/lib/nas/nasType/NAS_SORTransparentContainer.go:52.69,54.2 1 0
gofree5gc/lib/nas/nasType/NAS_TAIList.go:11.47,15.2 3 0
gofree5gc/lib/nas/nasType/NAS_TAIList.go:19.40,21.2 1 0
gofree5gc/lib/nas/nasType/NAS_TAIList.go:25.37,27.2 1 0
gofree5gc/lib/nas/nasType/NAS_TAIList.go:31.40,33.2 1 0
gofree5gc/lib/nas/nasType/NAS_TAIList.go:37.37,40.2 2 0
gofree5gc/lib/nas/nasType/NAS_TAIList.go:44.98,48.2 3 0
gofree5gc/lib/nas/nasType/NAS_TAIList.go:52.95,54.2 1 0
gofree5gc/lib/nas/nasType/NAS_AuthenticationResponseParameter.go:11.119,15.2 3 0
gofree5gc/lib/nas/nasType/NAS_AuthenticationResponseParameter.go:19.64,21.2 1 0
gofree5gc/lib/nas/nasType/NAS_AuthenticationResponseParameter.go:25.61,27.2 1 0
gofree5gc/lib/nas/nasType/NAS_AuthenticationResponseParameter.go:31.64,33.2 1 0
gofree5gc/lib/nas/nasType/NAS_AuthenticationResponseParameter.go:37.61,39.2 1 0
gofree5gc/lib/nas/nasType/NAS_AuthenticationResponseParameter.go:43.68,46.2 2 0
gofree5gc/lib/nas/nasType/NAS_AuthenticationResponseParameter.go:50.65,52.2 1 0
gofree5gc/lib/nas/nasType/NAS_RejectedNSSAI.go:11.65,15.2 3 0
gofree5gc/lib/nas/nasType/NAS_RejectedNSSAI.go:19.46,21.2 1 0
gofree5gc/lib/nas/nasType/NAS_RejectedNSSAI.go:25.43,27.2 1 0
gofree5gc/lib/nas/nasType/NAS_RejectedNSSAI.go:31.46,33.2 1 0
gofree5gc/lib/nas/nasType/NAS_RejectedNSSAI.go:37.43,40.2 2 0
gofree5gc/lib/nas/nasType/NAS_RejectedNSSAI.go:44.84,48.2 3 0
gofree5gc/lib/nas/nasType/NAS_RejectedNSSAI.go:52.81,54.2 1 0
gofree5gc/lib/nas/nasType/NAS_PDUSESSIONESTABLISHMENTREJECTMessageIdentity.go:9.149,12.2 2 0
gofree5gc/lib/nas/nasType/NAS_PDUSESSIONESTABLISHMENTREJECTMessageIdentity.go:16.93,18.2 1 0
gofree5gc/lib/nas/nasType/NAS_PDUSESSIONESTABLISHMENTREJECTMessageIdentity.go:22.90,24.2 1 0
gofree5gc/lib/nas/nasType/NAS_PDUSESSIONMODIFICATIONCOMMANDMessageIdentity.go:9.149,12.2 2 0
gofree5gc/lib/nas/nasType/NAS_PDUSESSIONMODIFICATIONCOMMANDMessageIdentity.go:16.93,18.2 1 0
gofree5gc/lib/nas/nasType/NAS_PDUSESSIONMODIFICATIONCOMMANDMessageIdentity.go:22.90,24.2 1 0
gofree5gc/lib/nas/nasType/NAS_DLNASTRANSPORTMessageIdentity.go:9.104,12.2 2 0
gofree5gc/lib/nas/nasType/NAS_DLNASTRANSPORTMessageIdentity.go:16.78,18.2 1 0
gofree5gc/lib/nas/nasType/NAS_DLNASTRANSPORTMessageIdentity.go:22.75,24.2 1 0
gofree5gc/lib/nas/nasType/NAS_AuthenticationParameterAUTN.go:11.107,15.2 3 0
gofree5gc/lib/nas/nasType/NAS_AuthenticationParameterAUTN.go:19.60,21.2 1 0
gofree5gc/lib/nas/nasType/NAS_AuthenticationParameterAUTN.go:25.57,27.2 1 0
gofree5gc/lib/nas/nasType/NAS_AuthenticationParameterAUTN.go:31.60,33.2 1 0
gofree5gc/lib/nas/nasType/NAS_AuthenticationParameterAUTN.go:37.57,39.2 1 0
gofree5gc/lib/nas/nasType/NAS_AuthenticationParameterAUTN.go:43.66,46.2 2 0
gofree5gc/lib/nas/nasType/NAS_AuthenticationParameterAUTN.go:50.63,52.2 1 0
gofree5gc/lib/nas/nasType/NAS_AuthenticationResponseMessageIdentity.go:9.128,12.2 2 0
gofree5gc/lib/nas/nasType/NAS_AuthenticationResponseMessageIdentity.go:16.86,18.2 1 0
gofree5gc/lib/nas/nasType/NAS_AuthenticationResponseMessageIdentity.go:22.83,24.2 1 0
gofree5gc/lib/nas/nasType/NAS_ConfigurationUpdateCompleteMessageIdentity.go:9.143,12.2 2 0
gofree5gc/lib/nas/nasType/NAS_ConfigurationUpdateCompleteMessageIdentity.go:16.91,18.2 1 0
gofree5gc/lib/nas/nasType/NAS_ConfigurationUpdateCompleteMessageIdentity.go:22.88,24.2 1 0
gofree5gc/lib/nas/nasType/NAS_IdentityTypeAndSpareHalfOctet.go:9.104,12.2 2 0
gofree5gc/lib/nas/nasType/NAS_IdentityTypeAndSpareHalfOctet.go:16.84,18.2 1 0
gofree5gc/lib/nas/nasType/NAS_IdentityTypeAndSpareHalfOctet.go:22.81,24.2 1 0
gofree5gc/lib/nas/nasType/NAS_NegotiatedDRXParameters.go:11.95,15.2 3 0
gofree5gc/lib/nas/nasType/NAS_NegotiatedDRXParameters.go:19.56,21.2 1 0
gofree5gc/lib/nas/nasType/NAS_NegotiatedDRXParameters.go:25.53,27.2 1 0
gofree5gc/lib/nas/nasType/NAS_NegotiatedDRXParameters.go:31.56,33.2 1 0
gofree5gc/lib/nas/nasType/NAS_NegotiatedDRXParameters.go:37.53,39.2 1 0
gofree5gc/lib/nas/nasType/NAS_NegotiatedDRXParameters.go:43.66,45.2 1 0
gofree5gc/lib/nas/nasType/NAS_NegotiatedDRXParameters.go:49.63,51.2 1 0
gofree5gc/lib/nas/nasType/NAS_STATUSMessageIdentity5GSM.go:9.92,12.2 2 0
gofree5gc/lib/nas/nasType/NAS_STATUSMessageIdentity5GSM.go:16.74,18.2 1 0
gofree5gc/lib/nas/nasType/NAS_STATUSMessageIdentity5GSM.go:22.71,24.2 1 0
gofree5gc/lib/nas/nasType/NAS_AlwaysonPDUSessionRequested.go:10.107,14.2 3 0
gofree5gc/lib/nas/nasType/NAS_AlwaysonPDUSessionRequested.go:18.60,20.2 1 0
gofree5gc/lib/nas/nasType/NAS_AlwaysonPDUSessionRequested.go:24.57,26.2 1 0
gofree5gc/lib/nas/nasType/NAS_AlwaysonPDUSessionRequested.go:30.62,32.2 1 0
gofree5gc/lib/nas/nasType/NAS_AlwaysonPDUSessionRequested.go:36.59,38.2 1 0
gofree5gc/lib/nas/nasType/NAS_SelectedNASSecurityAlgorithms.go:11.113,15.2 3 0
gofree5gc/lib/nas/nasType/NAS_SelectedNASSecurityAlgorithms.go:19.62,21.2 1 0
gofree5gc/lib/nas/nasType/NAS_SelectedNASSecurityAlgorithms.go:25.59,27.2 1 0
gofree5gc/lib/nas/nasType/NAS_SelectedNASSecurityAlgorithms.go:31.104,33.2 1 0
gofree5gc/lib/nas/nasType/NAS_SelectedNASSecurityAlgorithms.go:37.101,39.2 1 0
gofree5gc/lib/nas/nasType/NAS_SelectedNASSecurityAlgorithms.go:43.124,45.2 1 0
gofree5gc/lib/nas/nasType/NAS_SelectedNASSecurityAlgorithms.go:49.121,51.2 1 0
gofree5gc/lib/nas/nasType/NAS_DeregistrationTypeAndSpareHalfOctet.go:11.122,14.2 2 0
gofree5gc/lib/nas/nasType/NAS_DeregistrationTypeAndSpareHalfOctet.go:18.80,20.2 1 0
gofree5gc/lib/nas/nasType/NAS_DeregistrationTypeAndSpareHalfOctet.go:24.77,26.2 1 0
gofree5gc/lib/nas/nasType/NAS_DeregistrationTypeAndSpareHalfOctet.go:30.106,32.2 1 0
gofree5gc/lib/nas/nasType/NAS_DeregistrationTypeAndSpareHalfOctet.go:36.103,38.2 1 0
gofree5gc/lib/nas/nasType/NAS_DeregistrationTypeAndSpareHalfOctet.go:42.82,44.2 1 0
gofree5gc/lib/nas/nasType/NAS_DeregistrationTypeAndSpareHalfOctet.go:48.79,50.2 1 0
gofree5gc/lib/nas/nasType/NAS_EAPMessage.go:11.56,15.2 3 1
gofree5gc/lib/nas/nasType/NAS_EAPMessage.go:19.43,21.2 1 1
gofree5gc/lib/nas/nasType/NAS_EAPMessage.go:25.40,27.2 1 1
gofree5gc/lib/nas/nasType/NAS_EAPMessage.go:31.44,33.2 1 1
gofree5gc/lib/nas/nasType/NAS_EAPMessage.go:37.41,40.2 2 1
gofree5gc/lib/nas/nasType/NAS_EAPMessage.go:44.59,48.2 3 1
gofree5gc/lib/nas/nasType/NAS_EAPMessage.go:52.56,54.2 1 1
gofree5gc/lib/nas/nasType/NAS_PDUSESSIONMODIFICATIONCOMMANDREJECTMessageIdentity.go:9.167,12.2 2 0
gofree5gc/lib/nas/nasType/NAS_PDUSESSIONMODIFICATIONCOMMANDREJECTMessageIdentity.go:16.99,18.2 1 0
gofree5gc/lib/nas/nasType/NAS_PDUSESSIONMODIFICATIONCOMMANDREJECTMessageIdentity.go:22.96,24.2 1 0
gofree5gc/lib/nas/nasType/NAS_PDUSESSIONMODIFICATIONCOMPLETEMessageIdentity.go:9.152,12.2 2 0
gofree5gc/lib/nas/nasType/NAS_PDUSESSIONMODIFICATIONCOMPLETEMessageIdentity.go:16.94,18.2 1 0
gofree5gc/lib/nas/nasType/NAS_PDUSESSIONMODIFICATIONCOMPLETEMessageIdentity.go:22.91,24.2 1 0
gofree5gc/lib/nas/nasType/NAS_PDUSESSIONMODIFICATIONREQUESTMessageIdentity.go:9.149,12.2 2 0
gofree5gc/lib/nas/nasType/NAS_PDUSESSIONMODIFICATIONREQUESTMessageIdentity.go:16.93,18.2 1 0
gofree5gc/lib/nas/nasType/NAS_PDUSESSIONMODIFICATIONREQUESTMessageIdentity.go:22.90,24.2 1 0
gofree5gc/lib/nas/nasType/NAS_RegistrationRequestMessageIdentity.go:9.119,12.2 2 0
gofree5gc/lib/nas/nasType/NAS_RegistrationRequestMessageIdentity.go:16.83,18.2 1 0
gofree5gc/lib/nas/nasType/NAS_RegistrationRequestMessageIdentity.go:22.80,24.2 1 0
gofree5gc/lib/nas/nasType/NAS_RegistrationType5GSAndNgksi.go:12.98,15.2 2 0
gofree5gc/lib/nas/nasType/NAS_RegistrationType5GSAndNgksi.go:19.60,21.2 1 0
gofree5gc/lib/nas/nasType/NAS_RegistrationType5GSAndNgksi.go:25.57,27.2 1 0
gofree5gc/lib/nas/nasType/NAS_RegistrationType5GSAndNgksi.go:31.92,33.2 1 0
gofree5gc/lib/nas/nasType/NAS_RegistrationType5GSAndNgksi.go:37.89,39.2 1 0
gofree5gc/lib/nas/nasType/NAS_RegistrationType5GSAndNgksi.go:43.60,45.2 1 0
gofree5gc/lib/nas/nasType/NAS_RegistrationType5GSAndNgksi.go:49.57,51.2 1 0
gofree5gc/lib/nas/nasType/NAS_RegistrationType5GSAndNgksi.go:55.94,57.2 1 0
gofree5gc/lib/nas/nasType/NAS_RegistrationType5GSAndNgksi.go:61.91,63.2 1 0
gofree5gc/lib/nas/nasType/NAS_Cause5GSM.go:10.53,14.2 3 0
gofree5gc/lib/nas/nasType/NAS_Cause5GSM.go:18.42,20.2 1 0
gofree5gc/lib/nas/nasType/NAS_Cause5GSM.go:24.39,26.2 1 0
gofree5gc/lib/nas/nasType/NAS_Cause5GSM.go:30.56,32.2 1 0
gofree5gc/lib/nas/nasType/NAS_Cause5GSM.go:36.53,38.2 1 0
gofree5gc/lib/nas/nasType/NAS_SMPDUDNRequestContainer.go:11.95,15.2 3 0
gofree5gc/lib/nas/nasType/NAS_SMPDUDNRequestContainer.go:19.56,21.2 1 0
gofree5gc/lib/nas/nasType/NAS_SMPDUDNRequestContainer.go:25.53,27.2 1 0
gofree5gc/lib/nas/nasType/NAS_SMPDUDNRequestContainer.go:31.56,33.2 1 0
gofree5gc/lib/nas/nasType/NAS_SMPDUDNRequestContainer.go:37.53,40.2 2 0
gofree5gc/lib/nas/nasType/NAS_SMPDUDNRequestContainer.go:44.88,48.2 3 0
gofree5gc/lib/nas/nasType/NAS_SMPDUDNRequestContainer.go:52.85,54.2 1 0
