mode: set
gofree5gc/lib/nas/nasMessage/NAS_ConfigurationUpdateCommand.go:31.104,34.2 2 0
gofree5gc/lib/nas/nasMessage/NAS_ConfigurationUpdateCommand.go:56.93,60.47 4 0
gofree5gc/lib/nas/nasMessage/NAS_ConfigurationUpdateCommand.go:64.5,64.24 1 0
gofree5gc/lib/nas/nasMessage/NAS_ConfigurationUpdateCommand.go:69.5,69.25 1 0
gofree5gc/lib/nas/nasMessage/NAS_ConfigurationUpdateCommand.go:74.5,74.30 1 0
gofree5gc/lib/nas/nasMessage/NAS_ConfigurationUpdateCommand.go:79.5,79.33 1 0
gofree5gc/lib/nas/nasMessage/NAS_ConfigurationUpdateCommand.go:84.5,84.36 1 0
gofree5gc/lib/nas/nasMessage/NAS_ConfigurationUpdateCommand.go:89.5,89.37 1 0
gofree5gc/lib/nas/nasMessage/NAS_ConfigurationUpdateCommand.go:94.5,94.31 1 0
gofree5gc/lib/nas/nasMessage/NAS_ConfigurationUpdateCommand.go:98.5,98.47 1 0
gofree5gc/lib/nas/nasMessage/NAS_ConfigurationUpdateCommand.go:102.5,102.43 1 0
gofree5gc/lib/nas/nasMessage/NAS_ConfigurationUpdateCommand.go:107.5,107.33 1 0
gofree5gc/lib/nas/nasMessage/NAS_ConfigurationUpdateCommand.go:112.5,112.32 1 0
gofree5gc/lib/nas/nasMessage/NAS_ConfigurationUpdateCommand.go:116.5,116.42 1 0
gofree5gc/lib/nas/nasMessage/NAS_ConfigurationUpdateCommand.go:120.5,120.33 1 0
gofree5gc/lib/nas/nasMessage/NAS_ConfigurationUpdateCommand.go:125.5,125.31 1 0
gofree5gc/lib/nas/nasMessage/NAS_ConfigurationUpdateCommand.go:130.5,130.58 1 0
gofree5gc/lib/nas/nasMessage/NAS_ConfigurationUpdateCommand.go:135.5,135.31 1 0
gofree5gc/lib/nas/nasMessage/NAS_ConfigurationUpdateCommand.go:60.47,63.6 2 0
gofree5gc/lib/nas/nasMessage/NAS_ConfigurationUpdateCommand.go:64.24,68.6 3 0
gofree5gc/lib/nas/nasMessage/NAS_ConfigurationUpdateCommand.go:69.25,73.6 3 0
gofree5gc/lib/nas/nasMessage/NAS_ConfigurationUpdateCommand.go:74.30,78.6 3 0
gofree5gc/lib/nas/nasMessage/NAS_ConfigurationUpdateCommand.go:79.33,83.6 3 0
gofree5gc/lib/nas/nasMessage/NAS_ConfigurationUpdateCommand.go:84.36,88.6 3 0
gofree5gc/lib/nas/nasMessage/NAS_ConfigurationUpdateCommand.go:89.37,93.6 3 0
gofree5gc/lib/nas/nasMessage/NAS_ConfigurationUpdateCommand.go:94.31,97.6 2 0
gofree5gc/lib/nas/nasMessage/NAS_ConfigurationUpdateCommand.go:98.47,101.6 2 0
gofree5gc/lib/nas/nasMessage/NAS_ConfigurationUpdateCommand.go:102.43,106.6 3 0
gofree5gc/lib/nas/nasMessage/NAS_ConfigurationUpdateCommand.go:107.33,111.6 3 0
gofree5gc/lib/nas/nasMessage/NAS_ConfigurationUpdateCommand.go:112.32,115.6 2 0
gofree5gc/lib/nas/nasMessage/NAS_ConfigurationUpdateCommand.go:116.42,119.6 2 0
gofree5gc/lib/nas/nasMessage/NAS_ConfigurationUpdateCommand.go:120.33,124.6 3 0
gofree5gc/lib/nas/nasMessage/NAS_ConfigurationUpdateCommand.go:125.31,129.6 3 0
gofree5gc/lib/nas/nasMessage/NAS_ConfigurationUpdateCommand.go:130.58,134.6 3 0
gofree5gc/lib/nas/nasMessage/NAS_ConfigurationUpdateCommand.go:135.31,138.6 2 0
gofree5gc/lib/nas/nasMessage/NAS_ConfigurationUpdateCommand.go:141.90,146.26 5 0
gofree5gc/lib/nas/nasMessage/NAS_ConfigurationUpdateCommand.go:146.26,151.25 4 0
gofree5gc/lib/nas/nasMessage/NAS_ConfigurationUpdateCommand.go:157.9,157.25 1 0
gofree5gc/lib/nas/nasMessage/NAS_ConfigurationUpdateCommand.go:151.25,153.10 1 0
gofree5gc/lib/nas/nasMessage/NAS_ConfigurationUpdateCommand.go:153.15,155.10 1 0
gofree5gc/lib/nas/nasMessage/NAS_ConfigurationUpdateCommand.go:158.74,160.90 2 0
gofree5gc/lib/nas/nasMessage/NAS_ConfigurationUpdateCommand.go:161.51,165.67 4 0
gofree5gc/lib/nas/nasMessage/NAS_ConfigurationUpdateCommand.go:166.52,170.69 4 0
gofree5gc/lib/nas/nasMessage/NAS_ConfigurationUpdateCommand.go:171.57,175.74 4 0
gofree5gc/lib/nas/nasMessage/NAS_ConfigurationUpdateCommand.go:176.60,180.77 4 0
gofree5gc/lib/nas/nasMessage/NAS_ConfigurationUpdateCommand.go:181.63,185.80 4 0
gofree5gc/lib/nas/nasMessage/NAS_ConfigurationUpdateCommand.go:186.64,190.81 4 0
gofree5gc/lib/nas/nasMessage/NAS_ConfigurationUpdateCommand.go:191.58,193.74 2 0
gofree5gc/lib/nas/nasMessage/NAS_ConfigurationUpdateCommand.go:194.74,196.90 2 0
gofree5gc/lib/nas/nasMessage/NAS_ConfigurationUpdateCommand.go:197.70,201.86 4 0
gofree5gc/lib/nas/nasMessage/NAS_ConfigurationUpdateCommand.go:202.60,206.77 4 0
gofree5gc/lib/nas/nasMessage/NAS_ConfigurationUpdateCommand.go:207.59,209.75 2 0
gofree5gc/lib/nas/nasMessage/NAS_ConfigurationUpdateCommand.go:210.69,212.85 2 0
gofree5gc/lib/nas/nasMessage/NAS_ConfigurationUpdateCommand.go:213.60,217.77 4 0
gofree5gc/lib/nas/nasMessage/NAS_ConfigurationUpdateCommand.go:218.58,222.75 4 0
gofree5gc/lib/nas/nasMessage/NAS_ConfigurationUpdateCommand.go:223.85,227.102 4 0
gofree5gc/lib/nas/nasMessage/NAS_ConfigurationUpdateCommand.go:228.58,230.74 2 0
gofree5gc/lib/nas/nasMessage/NAS_ConfigurationUpdateCommand.go:231.17,231.17 0 0
gofree5gc/lib/nas/nasMessage/NAS_PDUSessionModificationComplete.go:16.116,19.2 2 0
gofree5gc/lib/nas/nasMessage/NAS_PDUSessionModificationComplete.go:25.101,30.54 5 0
gofree5gc/lib/nas/nasMessage/NAS_PDUSessionModificationComplete.go:30.54,34.6 3 0
gofree5gc/lib/nas/nasMessage/NAS_PDUSessionModificationComplete.go:37.98,43.26 6 0
gofree5gc/lib/nas/nasMessage/NAS_PDUSessionModificationComplete.go:43.26,48.25 4 0
gofree5gc/lib/nas/nasMessage/NAS_PDUSessionModificationComplete.go:54.9,54.25 1 0
gofree5gc/lib/nas/nasMessage/NAS_PDUSessionModificationComplete.go:48.25,50.10 1 0
gofree5gc/lib/nas/nasMessage/NAS_PDUSessionModificationComplete.go:50.15,52.10 1 0
gofree5gc/lib/nas/nasMessage/NAS_PDUSessionModificationComplete.go:55.85,59.98 4 0
gofree5gc/lib/nas/nasMessage/NAS_PDUSessionModificationComplete.go:60.17,60.17 0 0
gofree5gc/lib/nas/nasMessage/NAS_ServiceAccept.go:18.65,21.2 2 0
gofree5gc/lib/nas/nasMessage/NAS_ServiceAccept.go:30.67,34.34 4 0
gofree5gc/lib/nas/nasMessage/NAS_ServiceAccept.go:39.5,39.46 1 0
gofree5gc/lib/nas/nasMessage/NAS_ServiceAccept.go:44.5,44.56 1 0
gofree5gc/lib/nas/nasMessage/NAS_ServiceAccept.go:49.5,49.28 1 0
gofree5gc/lib/nas/nasMessage/NAS_ServiceAccept.go:34.34,38.6 3 0
gofree5gc/lib/nas/nasMessage/NAS_ServiceAccept.go:39.46,43.6 3 0
gofree5gc/lib/nas/nasMessage/NAS_ServiceAccept.go:44.56,48.6 3 0
gofree5gc/lib/nas/nasMessage/NAS_ServiceAccept.go:49.28,53.6 3 0
gofree5gc/lib/nas/nasMessage/NAS_ServiceAccept.go:56.64,61.26 5 0
gofree5gc/lib/nas/nasMessage/NAS_ServiceAccept.go:61.26,66.25 4 0
gofree5gc/lib/nas/nasMessage/NAS_ServiceAccept.go:72.9,72.25 1 0
gofree5gc/lib/nas/nasMessage/NAS_ServiceAccept.go:66.25,68.10 1 0
gofree5gc/lib/nas/nasMessage/NAS_ServiceAccept.go:68.15,70.10 1 0
gofree5gc/lib/nas/nasMessage/NAS_ServiceAccept.go:73.48,77.78 4 0
gofree5gc/lib/nas/nasMessage/NAS_ServiceAccept.go:78.60,82.90 4 0
gofree5gc/lib/nas/nasMessage/NAS_ServiceAccept.go:83.70,87.100 4 0
gofree5gc/lib/nas/nasMessage/NAS_ServiceAccept.go:88.42,92.72 4 0
gofree5gc/lib/nas/nasMessage/NAS_ServiceAccept.go:93.17,93.17 0 0
gofree5gc/lib/nas/nasMessage/NAS_PDUSessionAuthenticationComplete.go:17.122,20.2 2 0
gofree5gc/lib/nas/nasMessage/NAS_PDUSessionAuthenticationComplete.go:26.105,33.54 7 0
gofree5gc/lib/nas/nasMessage/NAS_PDUSessionAuthenticationComplete.go:33.54,37.6 3 0
gofree5gc/lib/nas/nasMessage/NAS_PDUSessionAuthenticationComplete.go:40.102,49.26 9 0
gofree5gc/lib/nas/nasMessage/NAS_PDUSessionAuthenticationComplete.go:49.26,54.25 4 0
gofree5gc/lib/nas/nasMessage/NAS_PDUSessionAuthenticationComplete.go:60.9,60.25 1 0
gofree5gc/lib/nas/nasMessage/NAS_PDUSessionAuthenticationComplete.go:54.25,56.10 1 0
gofree5gc/lib/nas/nasMessage/NAS_PDUSessionAuthenticationComplete.go:56.15,58.10 1 0
gofree5gc/lib/nas/nasMessage/NAS_PDUSessionAuthenticationComplete.go:61.87,65.98 4 0
gofree5gc/lib/nas/nasMessage/NAS_PDUSessionAuthenticationComplete.go:66.17,66.17 0 0
gofree5gc/lib/nas/nasMessage/NAS_PDUSessionAuthenticationResult.go:17.116,20.2 2 0
gofree5gc/lib/nas/nasMessage/NAS_PDUSessionAuthenticationResult.go:27.101,32.28 5 0
gofree5gc/lib/nas/nasMessage/NAS_PDUSessionAuthenticationResult.go:37.5,37.54 1 0
gofree5gc/lib/nas/nasMessage/NAS_PDUSessionAuthenticationResult.go:32.28,36.6 3 0
gofree5gc/lib/nas/nasMessage/NAS_PDUSessionAuthenticationResult.go:37.54,41.6 3 0
gofree5gc/lib/nas/nasMessage/NAS_PDUSessionAuthenticationResult.go:44.98,50.26 6 0
gofree5gc/lib/nas/nasMessage/NAS_PDUSessionAuthenticationResult.go:50.26,55.25 4 0
gofree5gc/lib/nas/nasMessage/NAS_PDUSessionAuthenticationResult.go:61.9,61.25 1 0
gofree5gc/lib/nas/nasMessage/NAS_PDUSessionAuthenticationResult.go:55.25,57.10 1 0
gofree5gc/lib/nas/nasMessage/NAS_PDUSessionAuthenticationResult.go:57.15,59.10 1 0
gofree5gc/lib/nas/nasMessage/NAS_PDUSessionAuthenticationResult.go:62.59,66.72 4 0
gofree5gc/lib/nas/nasMessage/NAS_PDUSessionAuthenticationResult.go:67.85,71.98 4 0
gofree5gc/lib/nas/nasMessage/NAS_PDUSessionAuthenticationResult.go:72.17,72.17 0 0
gofree5gc/lib/nas/nasMessage/NAS_PDUSessionEstablishmentAccept.go:27.113,30.2 2 0
gofree5gc/lib/nas/nasMessage/NAS_PDUSessionEstablishmentAccept.go:44.99,54.27 10 0
gofree5gc/lib/nas/nasMessage/NAS_PDUSessionEstablishmentAccept.go:58.5,58.28 1 0
gofree5gc/lib/nas/nasMessage/NAS_PDUSessionEstablishmentAccept.go:63.5,63.30 1 0
gofree5gc/lib/nas/nasMessage/NAS_PDUSessionEstablishmentAccept.go:67.5,67.24 1 0
gofree5gc/lib/nas/nasMessage/NAS_PDUSessionEstablishmentAccept.go:72.5,72.46 1 0
gofree5gc/lib/nas/nasMessage/NAS_PDUSessionEstablishmentAccept.go:76.5,76.41 1 0
gofree5gc/lib/nas/nasMessage/NAS_PDUSessionEstablishmentAccept.go:81.5,81.28 1 0
gofree5gc/lib/nas/nasMessage/NAS_PDUSessionEstablishmentAccept.go:86.5,86.47 1 0
gofree5gc/lib/nas/nasMessage/NAS_PDUSessionEstablishmentAccept.go:91.5,91.54 1 0
gofree5gc/lib/nas/nasMessage/NAS_PDUSessionEstablishmentAccept.go:54.27,57.6 2 0
gofree5gc/lib/nas/nasMessage/NAS_PDUSessionEstablishmentAccept.go:58.28,62.6 3 0
gofree5gc/lib/nas/nasMessage/NAS_PDUSessionEstablishmentAccept.go:63.30,66.6 2 0
gofree5gc/lib/nas/nasMessage/NAS_PDUSessionEstablishmentAccept.go:67.24,71.6 3 0
gofree5gc/lib/nas/nasMessage/NAS_PDUSessionEstablishmentAccept.go:72.46,75.6 2 0
gofree5gc/lib/nas/nasMessage/NAS_PDUSessionEstablishmentAccept.go:76.41,80.6 3 0
gofree5gc/lib/nas/nasMessage/NAS_PDUSessionEstablishmentAccept.go:81.28,85.6 3 0
gofree5gc/lib/nas/nasMessage/NAS_PDUSessionEstablishmentAccept.go:86.47,90.6 3 0
gofree5gc/lib/nas/nasMessage/NAS_PDUSessionEstablishmentAccept.go:91.54,95.6 3 0
gofree5gc/lib/nas/nasMessage/NAS_PDUSessionEstablishmentAccept.go:98.96,111.26 13 0
gofree5gc/lib/nas/nasMessage/NAS_PDUSessionEstablishmentAccept.go:111.26,116.25 4 0
gofree5gc/lib/nas/nasMessage/NAS_PDUSessionEstablishmentAccept.go:122.9,122.25 1 0
gofree5gc/lib/nas/nasMessage/NAS_PDUSessionEstablishmentAccept.go:116.25,118.10 1 0
gofree5gc/lib/nas/nasMessage/NAS_PDUSessionEstablishmentAccept.go:118.15,120.10 1 0
gofree5gc/lib/nas/nasMessage/NAS_PDUSessionEstablishmentAccept.go:123.57,125.70 2 0
gofree5gc/lib/nas/nasMessage/NAS_PDUSessionEstablishmentAccept.go:126.58,130.71 4 0
gofree5gc/lib/nas/nasMessage/NAS_PDUSessionEstablishmentAccept.go:131.60,133.73 2 0
gofree5gc/lib/nas/nasMessage/NAS_PDUSessionEstablishmentAccept.go:134.54,138.67 4 0
gofree5gc/lib/nas/nasMessage/NAS_PDUSessionEstablishmentAccept.go:139.76,141.89 2 0
gofree5gc/lib/nas/nasMessage/NAS_PDUSessionEstablishmentAccept.go:142.71,146.85 4 0
gofree5gc/lib/nas/nasMessage/NAS_PDUSessionEstablishmentAccept.go:147.58,151.72 4 0
gofree5gc/lib/nas/nasMessage/NAS_PDUSessionEstablishmentAccept.go:152.77,156.91 4 0
gofree5gc/lib/nas/nasMessage/NAS_PDUSessionEstablishmentAccept.go:157.84,161.98 4 0
gofree5gc/lib/nas/nasMessage/NAS_PDUSessionEstablishmentAccept.go:162.17,162.17 0 0
gofree5gc/lib/nas/nasMessage/NAS_PDUSessionReleaseComplete.go:17.101,20.2 2 0
gofree5gc/lib/nas/nasMessage/NAS_PDUSessionReleaseComplete.go:27.91,32.27 5 0
gofree5gc/lib/nas/nasMessage/NAS_PDUSessionReleaseComplete.go:36.5,36.54 1 0
gofree5gc/lib/nas/nasMessage/NAS_PDUSessionReleaseComplete.go:32.27,35.6 2 0
gofree5gc/lib/nas/nasMessage/NAS_PDUSessionReleaseComplete.go:36.54,40.6 3 0
gofree5gc/lib/nas/nasMessage/NAS_PDUSessionReleaseComplete.go:43.88,49.26 6 0
gofree5gc/lib/nas/nasMessage/NAS_PDUSessionReleaseComplete.go:49.26,54.25 4 0
gofree5gc/lib/nas/nasMessage/NAS_PDUSessionReleaseComplete.go:60.9,60.25 1 0
gofree5gc/lib/nas/nasMessage/NAS_PDUSessionReleaseComplete.go:54.25,56.10 1 0
gofree5gc/lib/nas/nasMessage/NAS_PDUSessionReleaseComplete.go:56.15,58.10 1 0
gofree5gc/lib/nas/nasMessage/NAS_PDUSessionReleaseComplete.go:61.53,63.70 2 0
gofree5gc/lib/nas/nasMessage/NAS_PDUSessionReleaseComplete.go:64.80,68.98 4 0
gofree5gc/lib/nas/nasMessage/NAS_PDUSessionReleaseComplete.go:69.17,69.17 0 0
gofree5gc/lib/nas/nasMessage/NAS_AuthenticationResult.go:17.86,20.2 2 1
gofree5gc/lib/nas/nasMessage/NAS_AuthenticationResult.go:26.81,33.22 7 1
gofree5gc/lib/nas/nasMessage/NAS_AuthenticationResult.go:33.22,37.6 3 1
gofree5gc/lib/nas/nasMessage/NAS_AuthenticationResult.go:40.78,49.26 9 1
gofree5gc/lib/nas/nasMessage/NAS_AuthenticationResult.go:49.26,54.25 4 1
gofree5gc/lib/nas/nasMessage/NAS_AuthenticationResult.go:60.9,60.25 1 1
gofree5gc/lib/nas/nasMessage/NAS_AuthenticationResult.go:54.25,56.10 1 1
gofree5gc/lib/nas/nasMessage/NAS_AuthenticationResult.go:56.15,58.10 1 1
gofree5gc/lib/nas/nasMessage/NAS_AuthenticationResult.go:61.43,65.66 4 1
gofree5gc/lib/nas/nasMessage/NAS_AuthenticationResult.go:66.17,66.17 0 1
gofree5gc/lib/nas/nasMessage/NAS_DeregistrationRequestUETerminatedDeregistration.go:17.167,20.2 2 0
gofree5gc/lib/nas/nasMessage/NAS_DeregistrationRequestUETerminatedDeregistration.go:27.135,32.27 5 0
gofree5gc/lib/nas/nasMessage/NAS_DeregistrationRequestUETerminatedDeregistration.go:36.5,36.28 1 0
gofree5gc/lib/nas/nasMessage/NAS_DeregistrationRequestUETerminatedDeregistration.go:32.27,35.6 2 0
gofree5gc/lib/nas/nasMessage/NAS_DeregistrationRequestUETerminatedDeregistration.go:36.28,40.6 3 0
gofree5gc/lib/nas/nasMessage/NAS_DeregistrationRequestUETerminatedDeregistration.go:43.132,49.26 6 0
gofree5gc/lib/nas/nasMessage/NAS_DeregistrationRequestUETerminatedDeregistration.go:49.26,54.25 4 0
gofree5gc/lib/nas/nasMessage/NAS_DeregistrationRequestUETerminatedDeregistration.go:60.9,60.25 1 0
gofree5gc/lib/nas/nasMessage/NAS_DeregistrationRequestUETerminatedDeregistration.go:54.25,56.10 1 0
gofree5gc/lib/nas/nasMessage/NAS_DeregistrationRequestUETerminatedDeregistration.go:56.15,58.10 1 0
gofree5gc/lib/nas/nasMessage/NAS_DeregistrationRequestUETerminatedDeregistration.go:61.75,63.70 2 0
gofree5gc/lib/nas/nasMessage/NAS_DeregistrationRequestUETerminatedDeregistration.go:64.76,68.71 4 0
gofree5gc/lib/nas/nasMessage/NAS_DeregistrationRequestUETerminatedDeregistration.go:69.17,69.17 0 0
gofree5gc/lib/nas/nasMessage/NAS_Notification.go:15.62,18.2 2 0
gofree5gc/lib/nas/nasMessage/NAS_Notification.go:20.65,25.2 4 0
gofree5gc/lib/nas/nasMessage/NAS_Notification.go:27.62,33.26 6 0
gofree5gc/lib/nas/nasMessage/NAS_Notification.go:33.26,38.25 4 0
gofree5gc/lib/nas/nasMessage/NAS_Notification.go:44.9,44.25 1 0
gofree5gc/lib/nas/nasMessage/NAS_Notification.go:38.25,40.10 1 0
gofree5gc/lib/nas/nasMessage/NAS_Notification.go:40.15,42.10 1 0
gofree5gc/lib/nas/nasMessage/NAS_Notification.go:45.17,45.17 0 0
gofree5gc/lib/nas/nasMessage/NAS_RegistrationAccept.go:39.80,42.2 2 0
gofree5gc/lib/nas/nasMessage/NAS_RegistrationAccept.go:71.77,77.24 6 0
gofree5gc/lib/nas/nasMessage/NAS_RegistrationAccept.go:82.5,82.33 1 0
gofree5gc/lib/nas/nasMessage/NAS_RegistrationAccept.go:87.5,87.25 1 0
gofree5gc/lib/nas/nasMessage/NAS_RegistrationAccept.go:92.5,92.30 1 0
gofree5gc/lib/nas/nasMessage/NAS_RegistrationAccept.go:97.5,97.31 1 0
gofree5gc/lib/nas/nasMessage/NAS_RegistrationAccept.go:102.5,102.33 1 0
gofree5gc/lib/nas/nasMessage/NAS_RegistrationAccept.go:107.5,107.42 1 0
gofree5gc/lib/nas/nasMessage/NAS_RegistrationAccept.go:112.5,112.34 1 0
gofree5gc/lib/nas/nasMessage/NAS_RegistrationAccept.go:117.5,117.46 1 0
gofree5gc/lib/nas/nasMessage/NAS_RegistrationAccept.go:122.5,122.56 1 0
gofree5gc/lib/nas/nasMessage/NAS_RegistrationAccept.go:127.5,127.33 1 0
gofree5gc/lib/nas/nasMessage/NAS_RegistrationAccept.go:132.5,132.32 1 0
gofree5gc/lib/nas/nasMessage/NAS_RegistrationAccept.go:136.5,136.42 1 0
gofree5gc/lib/nas/nasMessage/NAS_RegistrationAccept.go:140.5,140.33 1 0
gofree5gc/lib/nas/nasMessage/NAS_RegistrationAccept.go:145.5,145.28 1 0
gofree5gc/lib/nas/nasMessage/NAS_RegistrationAccept.go:150.5,150.49 1 0
gofree5gc/lib/nas/nasMessage/NAS_RegistrationAccept.go:155.5,155.28 1 0
gofree5gc/lib/nas/nasMessage/NAS_RegistrationAccept.go:160.5,160.37 1 0
gofree5gc/lib/nas/nasMessage/NAS_RegistrationAccept.go:165.5,165.45 1 0
gofree5gc/lib/nas/nasMessage/NAS_RegistrationAccept.go:170.5,170.41 1 0
gofree5gc/lib/nas/nasMessage/NAS_RegistrationAccept.go:175.5,175.28 1 0
gofree5gc/lib/nas/nasMessage/NAS_RegistrationAccept.go:180.5,180.36 1 0
gofree5gc/lib/nas/nasMessage/NAS_RegistrationAccept.go:184.5,184.58 1 0
gofree5gc/lib/nas/nasMessage/NAS_RegistrationAccept.go:189.5,189.41 1 0
gofree5gc/lib/nas/nasMessage/NAS_RegistrationAccept.go:77.24,81.6 3 0
gofree5gc/lib/nas/nasMessage/NAS_RegistrationAccept.go:82.33,86.6 3 0
gofree5gc/lib/nas/nasMessage/NAS_RegistrationAccept.go:87.25,91.6 3 0
gofree5gc/lib/nas/nasMessage/NAS_RegistrationAccept.go:92.30,96.6 3 0
gofree5gc/lib/nas/nasMessage/NAS_RegistrationAccept.go:97.31,101.6 3 0
gofree5gc/lib/nas/nasMessage/NAS_RegistrationAccept.go:102.33,106.6 3 0
gofree5gc/lib/nas/nasMessage/NAS_RegistrationAccept.go:107.42,111.6 3 0
gofree5gc/lib/nas/nasMessage/NAS_RegistrationAccept.go:112.34,116.6 3 0
gofree5gc/lib/nas/nasMessage/NAS_RegistrationAccept.go:117.46,121.6 3 0
gofree5gc/lib/nas/nasMessage/NAS_RegistrationAccept.go:122.56,126.6 3 0
gofree5gc/lib/nas/nasMessage/NAS_RegistrationAccept.go:127.33,131.6 3 0
gofree5gc/lib/nas/nasMessage/NAS_RegistrationAccept.go:132.32,135.6 2 0
gofree5gc/lib/nas/nasMessage/NAS_RegistrationAccept.go:136.42,139.6 2 0
gofree5gc/lib/nas/nasMessage/NAS_RegistrationAccept.go:140.33,144.6 3 0
gofree5gc/lib/nas/nasMessage/NAS_RegistrationAccept.go:145.28,149.6 3 0
gofree5gc/lib/nas/nasMessage/NAS_RegistrationAccept.go:150.49,154.6 3 0
gofree5gc/lib/nas/nasMessage/NAS_RegistrationAccept.go:155.28,159.6 3 0
gofree5gc/lib/nas/nasMessage/NAS_RegistrationAccept.go:160.37,164.6 3 0
gofree5gc/lib/nas/nasMessage/NAS_RegistrationAccept.go:165.45,169.6 3 0
gofree5gc/lib/nas/nasMessage/NAS_RegistrationAccept.go:170.41,174.6 3 0
gofree5gc/lib/nas/nasMessage/NAS_RegistrationAccept.go:175.28,179.6 3 0
gofree5gc/lib/nas/nasMessage/NAS_RegistrationAccept.go:180.36,183.6 2 0
gofree5gc/lib/nas/nasMessage/NAS_RegistrationAccept.go:184.58,188.6 3 0
gofree5gc/lib/nas/nasMessage/NAS_RegistrationAccept.go:189.41,193.6 3 0
gofree5gc/lib/nas/nasMessage/NAS_RegistrationAccept.go:196.74,204.26 8 0
gofree5gc/lib/nas/nasMessage/NAS_RegistrationAccept.go:204.26,209.25 4 0
gofree5gc/lib/nas/nasMessage/NAS_RegistrationAccept.go:215.9,215.25 1 0
gofree5gc/lib/nas/nasMessage/NAS_RegistrationAccept.go:209.25,211.10 1 0
gofree5gc/lib/nas/nasMessage/NAS_RegistrationAccept.go:211.15,213.10 1 0
gofree5gc/lib/nas/nasMessage/NAS_RegistrationAccept.go:216.43,220.67 4 0
gofree5gc/lib/nas/nasMessage/NAS_RegistrationAccept.go:221.52,225.76 4 0
gofree5gc/lib/nas/nasMessage/NAS_RegistrationAccept.go:226.44,230.69 4 0
gofree5gc/lib/nas/nasMessage/NAS_RegistrationAccept.go:231.49,235.74 4 0
gofree5gc/lib/nas/nasMessage/NAS_RegistrationAccept.go:236.50,240.75 4 0
gofree5gc/lib/nas/nasMessage/NAS_RegistrationAccept.go:241.52,245.77 4 0
gofree5gc/lib/nas/nasMessage/NAS_RegistrationAccept.go:246.61,250.85 4 0
gofree5gc/lib/nas/nasMessage/NAS_RegistrationAccept.go:251.53,255.78 4 0
gofree5gc/lib/nas/nasMessage/NAS_RegistrationAccept.go:256.65,260.90 4 0
gofree5gc/lib/nas/nasMessage/NAS_RegistrationAccept.go:261.75,265.100 4 0
gofree5gc/lib/nas/nasMessage/NAS_RegistrationAccept.go:266.52,270.77 4 0
gofree5gc/lib/nas/nasMessage/NAS_RegistrationAccept.go:271.51,273.75 2 0
gofree5gc/lib/nas/nasMessage/NAS_RegistrationAccept.go:274.61,276.85 2 0
gofree5gc/lib/nas/nasMessage/NAS_RegistrationAccept.go:277.52,281.77 4 0
gofree5gc/lib/nas/nasMessage/NAS_RegistrationAccept.go:282.47,286.71 4 0
gofree5gc/lib/nas/nasMessage/NAS_RegistrationAccept.go:287.68,291.92 4 0
gofree5gc/lib/nas/nasMessage/NAS_RegistrationAccept.go:292.47,296.71 4 0
gofree5gc/lib/nas/nasMessage/NAS_RegistrationAccept.go:297.56,301.81 4 0
gofree5gc/lib/nas/nasMessage/NAS_RegistrationAccept.go:302.64,306.89 4 0
gofree5gc/lib/nas/nasMessage/NAS_RegistrationAccept.go:307.60,311.85 4 0
gofree5gc/lib/nas/nasMessage/NAS_RegistrationAccept.go:312.47,316.72 4 0
gofree5gc/lib/nas/nasMessage/NAS_RegistrationAccept.go:317.55,319.79 2 0
gofree5gc/lib/nas/nasMessage/NAS_RegistrationAccept.go:320.77,324.102 4 0
gofree5gc/lib/nas/nasMessage/NAS_RegistrationAccept.go:325.60,329.84 4 0
gofree5gc/lib/nas/nasMessage/NAS_RegistrationAccept.go:330.17,330.17 0 0
gofree5gc/lib/nas/nasMessage/NAS_PDUSessionModificationRequest.go:24.113,27.2 2 0
gofree5gc/lib/nas/nasMessage/NAS_PDUSessionModificationRequest.go:41.99,46.32 5 0
gofree5gc/lib/nas/nasMessage/NAS_PDUSessionModificationRequest.go:51.5,51.27 1 0
gofree5gc/lib/nas/nasMessage/NAS_PDUSessionModificationRequest.go:55.5,55.55 1 0
gofree5gc/lib/nas/nasMessage/NAS_PDUSessionModificationRequest.go:59.5,59.45 1 0
gofree5gc/lib/nas/nasMessage/NAS_PDUSessionModificationRequest.go:63.5,63.52 1 0
gofree5gc/lib/nas/nasMessage/NAS_PDUSessionModificationRequest.go:67.5,67.35 1 0
gofree5gc/lib/nas/nasMessage/NAS_PDUSessionModificationRequest.go:72.5,72.46 1 0
gofree5gc/lib/nas/nasMessage/NAS_PDUSessionModificationRequest.go:77.5,77.41 1 0
gofree5gc/lib/nas/nasMessage/NAS_PDUSessionModificationRequest.go:82.5,82.54 1 0
gofree5gc/lib/nas/nasMessage/NAS_PDUSessionModificationRequest.go:46.32,50.6 3 0
gofree5gc/lib/nas/nasMessage/NAS_PDUSessionModificationRequest.go:51.27,54.6 2 0
gofree5gc/lib/nas/nasMessage/NAS_PDUSessionModificationRequest.go:55.55,58.6 2 0
gofree5gc/lib/nas/nasMessage/NAS_PDUSessionModificationRequest.go:59.45,62.6 2 0
gofree5gc/lib/nas/nasMessage/NAS_PDUSessionModificationRequest.go:63.52,66.6 2 0
gofree5gc/lib/nas/nasMessage/NAS_PDUSessionModificationRequest.go:67.35,71.6 3 0
gofree5gc/lib/nas/nasMessage/NAS_PDUSessionModificationRequest.go:72.46,76.6 3 0
gofree5gc/lib/nas/nasMessage/NAS_PDUSessionModificationRequest.go:77.41,81.6 3 0
gofree5gc/lib/nas/nasMessage/NAS_PDUSessionModificationRequest.go:82.54,86.6 3 0
gofree5gc/lib/nas/nasMessage/NAS_PDUSessionModificationRequest.go:89.96,95.26 6 0
gofree5gc/lib/nas/nasMessage/NAS_PDUSessionModificationRequest.go:95.26,100.25 4 0
gofree5gc/lib/nas/nasMessage/NAS_PDUSessionModificationRequest.go:106.9,106.25 1 0
gofree5gc/lib/nas/nasMessage/NAS_PDUSessionModificationRequest.go:100.25,102.10 1 0
gofree5gc/lib/nas/nasMessage/NAS_PDUSessionModificationRequest.go:102.15,104.10 1 0
gofree5gc/lib/nas/nasMessage/NAS_PDUSessionModificationRequest.go:107.62,111.75 4 0
gofree5gc/lib/nas/nasMessage/NAS_PDUSessionModificationRequest.go:112.57,114.70 2 0
gofree5gc/lib/nas/nasMessage/NAS_PDUSessionModificationRequest.go:115.85,117.98 2 0
gofree5gc/lib/nas/nasMessage/NAS_PDUSessionModificationRequest.go:118.75,120.88 2 0
gofree5gc/lib/nas/nasMessage/NAS_PDUSessionModificationRequest.go:121.82,123.95 2 0
gofree5gc/lib/nas/nasMessage/NAS_PDUSessionModificationRequest.go:124.65,128.79 4 0
gofree5gc/lib/nas/nasMessage/NAS_PDUSessionModificationRequest.go:129.76,133.90 4 0
gofree5gc/lib/nas/nasMessage/NAS_PDUSessionModificationRequest.go:134.71,138.85 4 0
gofree5gc/lib/nas/nasMessage/NAS_PDUSessionModificationRequest.go:139.84,143.98 4 0
gofree5gc/lib/nas/nasMessage/NAS_PDUSessionModificationRequest.go:144.17,144.17 0 0
gofree5gc/lib/nas/nasMessage/NAS_SecurityModeReject.go:15.80,18.2 2 0
gofree5gc/lib/nas/nasMessage/NAS_SecurityModeReject.go:20.77,25.2 4 0
gofree5gc/lib/nas/nasMessage/NAS_SecurityModeReject.go:27.74,33.26 6 0
gofree5gc/lib/nas/nasMessage/NAS_SecurityModeReject.go:33.26,38.25 4 0
gofree5gc/lib/nas/nasMessage/NAS_SecurityModeReject.go:44.9,44.25 1 0
gofree5gc/lib/nas/nasMessage/NAS_SecurityModeReject.go:38.25,40.10 1 0
gofree5gc/lib/nas/nasMessage/NAS_SecurityModeReject.go:40.15,42.10 1 0
gofree5gc/lib/nas/nasMessage/NAS_SecurityModeReject.go:45.17,45.17 0 0
gofree5gc/lib/nas/nasMessage/NAS_ConfigurationUpdateComplete.go:14.107,17.2 2 0
gofree5gc/lib/nas/nasMessage/NAS_ConfigurationUpdateComplete.go:19.95,23.2 3 0
gofree5gc/lib/nas/nasMessage/NAS_ConfigurationUpdateComplete.go:25.92,30.26 5 0
gofree5gc/lib/nas/nasMessage/NAS_ConfigurationUpdateComplete.go:30.26,35.25 4 0
gofree5gc/lib/nas/nasMessage/NAS_ConfigurationUpdateComplete.go:41.9,41.25 1 0
gofree5gc/lib/nas/nasMessage/NAS_ConfigurationUpdateComplete.go:35.25,37.10 1 0
gofree5gc/lib/nas/nasMessage/NAS_ConfigurationUpdateComplete.go:37.15,39.10 1 0
gofree5gc/lib/nas/nasMessage/NAS_ConfigurationUpdateComplete.go:42.17,42.17 0 0
gofree5gc/lib/nas/nasMessage/NAS_DLNASTransport.go:20.68,23.2 2 0
gofree5gc/lib/nas/nasMessage/NAS_DLNASTransport.go:32.69,39.30 7 0
gofree5gc/lib/nas/nasMessage/NAS_DLNASTransport.go:43.5,43.39 1 0
gofree5gc/lib/nas/nasMessage/NAS_DLNASTransport.go:48.5,48.27 1 0
gofree5gc/lib/nas/nasMessage/NAS_DLNASTransport.go:52.5,52.35 1 0
gofree5gc/lib/nas/nasMessage/NAS_DLNASTransport.go:39.30,42.6 2 0
gofree5gc/lib/nas/nasMessage/NAS_DLNASTransport.go:43.39,47.6 3 0
gofree5gc/lib/nas/nasMessage/NAS_DLNASTransport.go:48.27,51.6 2 0
gofree5gc/lib/nas/nasMessage/NAS_DLNASTransport.go:52.35,56.6 3 0
gofree5gc/lib/nas/nasMessage/NAS_DLNASTransport.go:59.66,68.26 9 0
gofree5gc/lib/nas/nasMessage/NAS_DLNASTransport.go:68.26,73.25 4 0
gofree5gc/lib/nas/nasMessage/NAS_DLNASTransport.go:79.9,79.25 1 0
gofree5gc/lib/nas/nasMessage/NAS_DLNASTransport.go:73.25,75.10 1 0
gofree5gc/lib/nas/nasMessage/NAS_DLNASTransport.go:75.15,77.10 1 0
gofree5gc/lib/nas/nasMessage/NAS_DLNASTransport.go:80.54,84.83 4 0
gofree5gc/lib/nas/nasMessage/NAS_DLNASTransport.go:85.42,87.70 2 0
gofree5gc/lib/nas/nasMessage/NAS_DLNASTransport.go:88.50,92.78 4 0
gofree5gc/lib/nas/nasMessage/NAS_DLNASTransport.go:93.17,93.17 0 0
gofree5gc/lib/nas/nasMessage/NAS_IdentityResponse.go:15.74,18.2 2 0
gofree5gc/lib/nas/nasMessage/NAS_IdentityResponse.go:20.73,26.2 5 0
gofree5gc/lib/nas/nasMessage/NAS_IdentityResponse.go:28.70,36.26 8 0
gofree5gc/lib/nas/nasMessage/NAS_IdentityResponse.go:36.26,41.25 4 0
gofree5gc/lib/nas/nasMessage/NAS_IdentityResponse.go:47.9,47.25 1 0
gofree5gc/lib/nas/nasMessage/NAS_IdentityResponse.go:41.25,43.10 1 0
gofree5gc/lib/nas/nasMessage/NAS_IdentityResponse.go:43.15,45.10 1 0
gofree5gc/lib/nas/nasMessage/NAS_IdentityResponse.go:48.17,48.17 0 0
gofree5gc/lib/nas/nasMessage/NAS_PDUSessionAuthenticationCommand.go:17.119,20.2 2 0
gofree5gc/lib/nas/nasMessage/NAS_PDUSessionAuthenticationCommand.go:26.103,33.54 7 0
gofree5gc/lib/nas/nasMessage/NAS_PDUSessionAuthenticationCommand.go:33.54,37.6 3 0
gofree5gc/lib/nas/nasMessage/NAS_PDUSessionAuthenticationCommand.go:40.100,49.26 9 0
gofree5gc/lib/nas/nasMessage/NAS_PDUSessionAuthenticationCommand.go:49.26,54.25 4 0
gofree5gc/lib/nas/nasMessage/NAS_PDUSessionAuthenticationCommand.go:60.9,60.25 1 0
gofree5gc/lib/nas/nasMessage/NAS_PDUSessionAuthenticationCommand.go:54.25,56.10 1 0
gofree5gc/lib/nas/nasMessage/NAS_PDUSessionAuthenticationCommand.go:56.15,58.10 1 0
gofree5gc/lib/nas/nasMessage/NAS_PDUSessionAuthenticationCommand.go:61.86,65.98 4 0
gofree5gc/lib/nas/nasMessage/NAS_PDUSessionAuthenticationCommand.go:66.17,66.17 0 0
gofree5gc/lib/nas/nasMessage/NAS_PDUSessionReleaseRequest.go:17.98,20.2 2 0
gofree5gc/lib/nas/nasMessage/NAS_PDUSessionReleaseRequest.go:27.89,32.27 5 0
gofree5gc/lib/nas/nasMessage/NAS_PDUSessionReleaseRequest.go:36.5,36.54 1 0
gofree5gc/lib/nas/nasMessage/NAS_PDUSessionReleaseRequest.go:32.27,35.6 2 0
gofree5gc/lib/nas/nasMessage/NAS_PDUSessionReleaseRequest.go:36.54,40.6 3 0
gofree5gc/lib/nas/nasMessage/NAS_PDUSessionReleaseRequest.go:43.86,49.26 6 0
gofree5gc/lib/nas/nasMessage/NAS_PDUSessionReleaseRequest.go:49.26,54.25 4 0
gofree5gc/lib/nas/nasMessage/NAS_PDUSessionReleaseRequest.go:60.9,60.25 1 0
gofree5gc/lib/nas/nasMessage/NAS_PDUSessionReleaseRequest.go:54.25,56.10 1 0
gofree5gc/lib/nas/nasMessage/NAS_PDUSessionReleaseRequest.go:56.15,58.10 1 0
gofree5gc/lib/nas/nasMessage/NAS_PDUSessionReleaseRequest.go:61.52,63.70 2 0
gofree5gc/lib/nas/nasMessage/NAS_PDUSessionReleaseRequest.go:64.79,68.98 4 0
gofree5gc/lib/nas/nasMessage/NAS_PDUSessionReleaseRequest.go:69.17,69.17 0 0
gofree5gc/lib/nas/nasMessage/NAS_SecurityProtected5GSNASMessage.go:16.116,19.2 2 0
gofree5gc/lib/nas/nasMessage/NAS_SecurityProtected5GSNASMessage.go:21.101,27.2 5 0
gofree5gc/lib/nas/nasMessage/NAS_SecurityProtected5GSNASMessage.go:29.98,36.26 7 0
gofree5gc/lib/nas/nasMessage/NAS_SecurityProtected5GSNASMessage.go:36.26,41.25 4 0
gofree5gc/lib/nas/nasMessage/NAS_SecurityProtected5GSNASMessage.go:47.9,47.25 1 0
gofree5gc/lib/nas/nasMessage/NAS_SecurityProtected5GSNASMessage.go:41.25,43.10 1 0
gofree5gc/lib/nas/nasMessage/NAS_SecurityProtected5GSNASMessage.go:43.15,45.10 1 0
gofree5gc/lib/nas/nasMessage/NAS_SecurityProtected5GSNASMessage.go:48.17,48.17 0 0
gofree5gc/lib/nas/nasMessage/NAS_ServiceReject.go:18.65,21.2 2 0
gofree5gc/lib/nas/nasMessage/NAS_ServiceReject.go:29.67,34.34 5 0
gofree5gc/lib/nas/nasMessage/NAS_ServiceReject.go:39.5,39.28 1 0
gofree5gc/lib/nas/nasMessage/NAS_ServiceReject.go:44.5,44.28 1 0
gofree5gc/lib/nas/nasMessage/NAS_ServiceReject.go:34.34,38.6 3 0
gofree5gc/lib/nas/nasMessage/NAS_ServiceReject.go:39.28,43.6 3 0
gofree5gc/lib/nas/nasMessage/NAS_ServiceReject.go:44.28,48.6 3 0
gofree5gc/lib/nas/nasMessage/NAS_ServiceReject.go:51.64,57.26 6 0
gofree5gc/lib/nas/nasMessage/NAS_ServiceReject.go:57.26,62.25 4 0
gofree5gc/lib/nas/nasMessage/NAS_ServiceReject.go:68.9,68.25 1 0
gofree5gc/lib/nas/nasMessage/NAS_ServiceReject.go:62.25,64.10 1 0
gofree5gc/lib/nas/nasMessage/NAS_ServiceReject.go:64.15,66.10 1 0
gofree5gc/lib/nas/nasMessage/NAS_ServiceReject.go:69.48,73.78 4 0
gofree5gc/lib/nas/nasMessage/NAS_ServiceReject.go:74.42,78.71 4 0
gofree5gc/lib/nas/nasMessage/NAS_ServiceReject.go:79.42,83.72 4 0
gofree5gc/lib/nas/nasMessage/NAS_ServiceReject.go:84.17,84.17 0 0
gofree5gc/lib/nas/nasMessage/NAS_AuthenticationResponse.go:16.92,19.2 2 0
gofree5gc/lib/nas/nasMessage/NAS_AuthenticationResponse.go:26.85,30.49 4 0
gofree5gc/lib/nas/nasMessage/NAS_AuthenticationResponse.go:35.5,35.28 1 0
gofree5gc/lib/nas/nasMessage/NAS_AuthenticationResponse.go:30.49,34.6 3 0
gofree5gc/lib/nas/nasMessage/NAS_AuthenticationResponse.go:35.28,39.6 3 0
gofree5gc/lib/nas/nasMessage/NAS_AuthenticationResponse.go:42.82,47.26 5 0
gofree5gc/lib/nas/nasMessage/NAS_AuthenticationResponse.go:47.26,52.25 4 0
gofree5gc/lib/nas/nasMessage/NAS_AuthenticationResponse.go:58.9,58.25 1 0
gofree5gc/lib/nas/nasMessage/NAS_AuthenticationResponse.go:52.25,54.10 1 0
gofree5gc/lib/nas/nasMessage/NAS_AuthenticationResponse.go:54.15,56.10 1 0
gofree5gc/lib/nas/nasMessage/NAS_AuthenticationResponse.go:59.72,63.92 4 0
gofree5gc/lib/nas/nasMessage/NAS_AuthenticationResponse.go:64.51,68.72 4 0
gofree5gc/lib/nas/nasMessage/NAS_AuthenticationResponse.go:69.17,69.17 0 0
gofree5gc/lib/nas/nasMessage/NAS_DeregistrationAcceptUEOriginatingDeregistration.go:14.167,17.2 2 0
gofree5gc/lib/nas/nasMessage/NAS_DeregistrationAcceptUEOriginatingDeregistration.go:19.135,23.2 3 0
gofree5gc/lib/nas/nasMessage/NAS_DeregistrationAcceptUEOriginatingDeregistration.go:25.132,30.26 5 0
gofree5gc/lib/nas/nasMessage/NAS_DeregistrationAcceptUEOriginatingDeregistration.go:30.26,35.25 4 0
gofree5gc/lib/nas/nasMessage/NAS_DeregistrationAcceptUEOriginatingDeregistration.go:41.9,41.25 1 0
gofree5gc/lib/nas/nasMessage/NAS_DeregistrationAcceptUEOriginatingDeregistration.go:35.25,37.10 1 0
gofree5gc/lib/nas/nasMessage/NAS_DeregistrationAcceptUEOriginatingDeregistration.go:37.15,39.10 1 0
gofree5gc/lib/nas/nasMessage/NAS_DeregistrationAcceptUEOriginatingDeregistration.go:42.17,42.17 0 0
gofree5gc/lib/nas/nasMessage/NAS_IdentityRequest.go:15.71,18.2 2 0
gofree5gc/lib/nas/nasMessage/NAS_IdentityRequest.go:20.71,25.2 4 0
gofree5gc/lib/nas/nasMessage/NAS_IdentityRequest.go:27.68,33.26 6 0
gofree5gc/lib/nas/nasMessage/NAS_IdentityRequest.go:33.26,38.25 4 0
gofree5gc/lib/nas/nasMessage/NAS_IdentityRequest.go:44.9,44.25 1 0
gofree5gc/lib/nas/nasMessage/NAS_IdentityRequest.go:38.25,40.10 1 0
gofree5gc/lib/nas/nasMessage/NAS_IdentityRequest.go:40.15,42.10 1 0
gofree5gc/lib/nas/nasMessage/NAS_IdentityRequest.go:45.17,45.17 0 0
gofree5gc/lib/nas/nasMessage/NAS_PDUSessionModificationCommandReject.go:17.131,20.2 2 0
gofree5gc/lib/nas/nasMessage/NAS_PDUSessionModificationCommandReject.go:26.111,32.54 6 0
gofree5gc/lib/nas/nasMessage/NAS_PDUSessionModificationCommandReject.go:32.54,36.6 3 0
gofree5gc/lib/nas/nasMessage/NAS_PDUSessionModificationCommandReject.go:39.108,46.26 7 0
gofree5gc/lib/nas/nasMessage/NAS_PDUSessionModificationCommandReject.go:46.26,51.25 4 0
gofree5gc/lib/nas/nasMessage/NAS_PDUSessionModificationCommandReject.go:57.9,57.25 1 0
gofree5gc/lib/nas/nasMessage/NAS_PDUSessionModificationCommandReject.go:51.25,53.10 1 0
gofree5gc/lib/nas/nasMessage/NAS_PDUSessionModificationCommandReject.go:53.15,55.10 1 0
gofree5gc/lib/nas/nasMessage/NAS_PDUSessionModificationCommandReject.go:58.90,62.98 4 0
gofree5gc/lib/nas/nasMessage/NAS_PDUSessionModificationCommandReject.go:63.17,63.17 0 0
gofree5gc/lib/nas/nasMessage/NAS_AuthenticationReject.go:15.86,18.2 2 0
gofree5gc/lib/nas/nasMessage/NAS_AuthenticationReject.go:24.81,28.28 4 0
gofree5gc/lib/nas/nasMessage/NAS_AuthenticationReject.go:28.28,32.6 3 0
gofree5gc/lib/nas/nasMessage/NAS_AuthenticationReject.go:35.78,40.26 5 0
gofree5gc/lib/nas/nasMessage/NAS_AuthenticationReject.go:40.26,45.25 4 0
gofree5gc/lib/nas/nasMessage/NAS_AuthenticationReject.go:51.9,51.25 1 0
gofree5gc/lib/nas/nasMessage/NAS_AuthenticationReject.go:45.25,47.10 1 0
gofree5gc/lib/nas/nasMessage/NAS_AuthenticationReject.go:47.15,49.10 1 0
gofree5gc/lib/nas/nasMessage/NAS_AuthenticationReject.go:52.49,56.72 4 0
gofree5gc/lib/nas/nasMessage/NAS_AuthenticationReject.go:57.17,57.17 0 0
gofree5gc/lib/nas/nasMessage/NAS_SecurityModeCommand.go:23.83,26.2 2 0
gofree5gc/lib/nas/nasMessage/NAS_SecurityModeCommand.go:37.79,45.31 8 0
gofree5gc/lib/nas/nasMessage/NAS_SecurityModeCommand.go:49.5,49.50 1 0
gofree5gc/lib/nas/nasMessage/NAS_SecurityModeCommand.go:53.5,53.49 1 0
gofree5gc/lib/nas/nasMessage/NAS_SecurityModeCommand.go:58.5,58.28 1 0
gofree5gc/lib/nas/nasMessage/NAS_SecurityModeCommand.go:63.5,63.22 1 0
gofree5gc/lib/nas/nasMessage/NAS_SecurityModeCommand.go:68.5,68.50 1 0
gofree5gc/lib/nas/nasMessage/NAS_SecurityModeCommand.go:45.31,48.6 2 0
gofree5gc/lib/nas/nasMessage/NAS_SecurityModeCommand.go:49.50,52.6 2 0
gofree5gc/lib/nas/nasMessage/NAS_SecurityModeCommand.go:53.49,57.6 3 0
gofree5gc/lib/nas/nasMessage/NAS_SecurityModeCommand.go:58.28,62.6 3 0
gofree5gc/lib/nas/nasMessage/NAS_SecurityModeCommand.go:63.22,67.6 3 0
gofree5gc/lib/nas/nasMessage/NAS_SecurityModeCommand.go:68.50,72.6 3 0
gofree5gc/lib/nas/nasMessage/NAS_SecurityModeCommand.go:75.76,85.26 10 0
gofree5gc/lib/nas/nasMessage/NAS_SecurityModeCommand.go:85.26,90.25 4 0
gofree5gc/lib/nas/nasMessage/NAS_SecurityModeCommand.go:96.9,96.25 1 0
gofree5gc/lib/nas/nasMessage/NAS_SecurityModeCommand.go:90.25,92.10 1 0
gofree5gc/lib/nas/nasMessage/NAS_SecurityModeCommand.go:92.15,94.10 1 0
gofree5gc/lib/nas/nasMessage/NAS_SecurityModeCommand.go:97.51,99.74 2 0
gofree5gc/lib/nas/nasMessage/NAS_SecurityModeCommand.go:100.70,102.93 2 0
gofree5gc/lib/nas/nasMessage/NAS_SecurityModeCommand.go:103.69,107.92 4 0
gofree5gc/lib/nas/nasMessage/NAS_SecurityModeCommand.go:108.48,112.72 4 0
gofree5gc/lib/nas/nasMessage/NAS_SecurityModeCommand.go:113.42,117.66 4 0
gofree5gc/lib/nas/nasMessage/NAS_SecurityModeCommand.go:118.70,122.93 4 0
gofree5gc/lib/nas/nasMessage/NAS_SecurityModeCommand.go:123.17,123.17 0 0
gofree5gc/lib/nas/nasMessage/NAS_DeregistrationRequestUEOriginatingDeregistration.go:16.170,19.2 2 0
gofree5gc/lib/nas/nasMessage/NAS_DeregistrationRequestUEOriginatingDeregistration.go:21.137,28.2 6 0
gofree5gc/lib/nas/nasMessage/NAS_DeregistrationRequestUEOriginatingDeregistration.go:30.134,39.26 9 0
gofree5gc/lib/nas/nasMessage/NAS_DeregistrationRequestUEOriginatingDeregistration.go:39.26,44.25 4 0
gofree5gc/lib/nas/nasMessage/NAS_DeregistrationRequestUEOriginatingDeregistration.go:50.9,50.25 1 0
gofree5gc/lib/nas/nasMessage/NAS_DeregistrationRequestUEOriginatingDeregistration.go:44.25,46.10 1 0
gofree5gc/lib/nas/nasMessage/NAS_DeregistrationRequestUEOriginatingDeregistration.go:46.15,48.10 1 0
gofree5gc/lib/nas/nasMessage/NAS_DeregistrationRequestUEOriginatingDeregistration.go:51.17,51.17 0 0
gofree5gc/lib/nas/nasMessage/NAS_PDUSessionEstablishmentReject.go:20.113,23.2 2 0
gofree5gc/lib/nas/nasMessage/NAS_PDUSessionEstablishmentReject.go:32.99,38.35 6 0
gofree5gc/lib/nas/nasMessage/NAS_PDUSessionEstablishmentReject.go:43.5,43.32 1 0
gofree5gc/lib/nas/nasMessage/NAS_PDUSessionEstablishmentReject.go:47.5,47.28 1 0
gofree5gc/lib/nas/nasMessage/NAS_PDUSessionEstablishmentReject.go:52.5,52.54 1 0
gofree5gc/lib/nas/nasMessage/NAS_PDUSessionEstablishmentReject.go:38.35,42.6 3 0
gofree5gc/lib/nas/nasMessage/NAS_PDUSessionEstablishmentReject.go:43.32,46.6 2 0
gofree5gc/lib/nas/nasMessage/NAS_PDUSessionEstablishmentReject.go:47.28,51.6 3 0
gofree5gc/lib/nas/nasMessage/NAS_PDUSessionEstablishmentReject.go:52.54,56.6 3 0
gofree5gc/lib/nas/nasMessage/NAS_PDUSessionEstablishmentReject.go:59.96,66.26 7 0
gofree5gc/lib/nas/nasMessage/NAS_PDUSessionEstablishmentReject.go:66.26,71.25 4 0
gofree5gc/lib/nas/nasMessage/NAS_PDUSessionEstablishmentReject.go:77.9,77.25 1 0
gofree5gc/lib/nas/nasMessage/NAS_PDUSessionEstablishmentReject.go:71.25,73.10 1 0
gofree5gc/lib/nas/nasMessage/NAS_PDUSessionEstablishmentReject.go:73.15,75.10 1 0
gofree5gc/lib/nas/nasMessage/NAS_PDUSessionEstablishmentReject.go:78.65,82.78 4 0
gofree5gc/lib/nas/nasMessage/NAS_PDUSessionEstablishmentReject.go:83.62,85.75 2 0
gofree5gc/lib/nas/nasMessage/NAS_PDUSessionEstablishmentReject.go:86.58,90.72 4 0
gofree5gc/lib/nas/nasMessage/NAS_PDUSessionEstablishmentReject.go:91.84,95.98 4 0
gofree5gc/lib/nas/nasMessage/NAS_PDUSessionEstablishmentReject.go:96.17,96.17 0 0
gofree5gc/lib/nas/nasMessage/NAS_PDUSessionReleaseReject.go:17.95,20.2 2 0
gofree5gc/lib/nas/nasMessage/NAS_PDUSessionReleaseReject.go:26.87,32.54 6 0
gofree5gc/lib/nas/nasMessage/NAS_PDUSessionReleaseReject.go:32.54,36.6 3 0
gofree5gc/lib/nas/nasMessage/NAS_PDUSessionReleaseReject.go:39.84,46.26 7 0
gofree5gc/lib/nas/nasMessage/NAS_PDUSessionReleaseReject.go:46.26,51.25 4 0
gofree5gc/lib/nas/nasMessage/NAS_PDUSessionReleaseReject.go:57.9,57.25 1 0
gofree5gc/lib/nas/nasMessage/NAS_PDUSessionReleaseReject.go:51.25,53.10 1 0
gofree5gc/lib/nas/nasMessage/NAS_PDUSessionReleaseReject.go:53.15,55.10 1 0
gofree5gc/lib/nas/nasMessage/NAS_PDUSessionReleaseReject.go:58.78,62.98 4 0
gofree5gc/lib/nas/nasMessage/NAS_PDUSessionReleaseReject.go:63.17,63.17 0 0
gofree5gc/lib/nas/nasMessage/NAS_RegistrationReject.go:18.80,21.2 2 0
gofree5gc/lib/nas/nasMessage/NAS_RegistrationReject.go:29.77,34.28 5 0
gofree5gc/lib/nas/nasMessage/NAS_RegistrationReject.go:39.5,39.28 1 0
gofree5gc/lib/nas/nasMessage/NAS_RegistrationReject.go:44.5,44.28 1 0
gofree5gc/lib/nas/nasMessage/NAS_RegistrationReject.go:34.28,38.6 3 0
gofree5gc/lib/nas/nasMessage/NAS_RegistrationReject.go:39.28,43.6 3 0
gofree5gc/lib/nas/nasMessage/NAS_RegistrationReject.go:44.28,48.6 3 0
gofree5gc/lib/nas/nasMessage/NAS_RegistrationReject.go:51.74,57.26 6 0
gofree5gc/lib/nas/nasMessage/NAS_RegistrationReject.go:57.26,62.25 4 0
gofree5gc/lib/nas/nasMessage/NAS_RegistrationReject.go:68.9,68.25 1 0
gofree5gc/lib/nas/nasMessage/NAS_RegistrationReject.go:62.25,64.10 1 0
gofree5gc/lib/nas/nasMessage/NAS_RegistrationReject.go:64.15,66.10 1 0
gofree5gc/lib/nas/nasMessage/NAS_RegistrationReject.go:69.47,73.71 4 0
gofree5gc/lib/nas/nasMessage/NAS_RegistrationReject.go:74.47,78.71 4 0
gofree5gc/lib/nas/nasMessage/NAS_RegistrationReject.go:79.47,83.72 4 0
gofree5gc/lib/nas/nasMessage/NAS_RegistrationReject.go:84.17,84.17 0 0
gofree5gc/lib/nas/nasMessage/NAS_SecurityModeComplete.go:16.86,19.2 2 0
gofree5gc/lib/nas/nasMessage/NAS_SecurityModeComplete.go:26.81,30.24 4 0
gofree5gc/lib/nas/nasMessage/NAS_SecurityModeComplete.go:35.5,35.37 1 0
gofree5gc/lib/nas/nasMessage/NAS_SecurityModeComplete.go:30.24,34.6 3 0
gofree5gc/lib/nas/nasMessage/NAS_SecurityModeComplete.go:35.37,39.6 3 0
gofree5gc/lib/nas/nasMessage/NAS_SecurityModeComplete.go:42.78,47.26 5 0
gofree5gc/lib/nas/nasMessage/NAS_SecurityModeComplete.go:47.26,52.25 4 0
gofree5gc/lib/nas/nasMessage/NAS_SecurityModeComplete.go:58.9,58.25 1 0
gofree5gc/lib/nas/nasMessage/NAS_SecurityModeComplete.go:52.25,54.10 1 0
gofree5gc/lib/nas/nasMessage/NAS_SecurityModeComplete.go:54.15,56.10 1 0
gofree5gc/lib/nas/nasMessage/NAS_SecurityModeComplete.go:59.45,63.67 4 0
gofree5gc/lib/nas/nasMessage/NAS_SecurityModeComplete.go:64.58,68.81 4 0
gofree5gc/lib/nas/nasMessage/NAS_SecurityModeComplete.go:69.17,69.17 0 0
gofree5gc/lib/nas/nasMessage/NAS_Status5GMM.go:15.56,18.2 2 0
gofree5gc/lib/nas/nasMessage/NAS_Status5GMM.go:20.61,25.2 4 0
gofree5gc/lib/nas/nasMessage/NAS_Status5GMM.go:27.58,33.26 6 0
gofree5gc/lib/nas/nasMessage/NAS_Status5GMM.go:33.26,38.25 4 0
gofree5gc/lib/nas/nasMessage/NAS_Status5GMM.go:44.9,44.25 1 0
gofree5gc/lib/nas/nasMessage/NAS_Status5GMM.go:38.25,40.10 1 0
gofree5gc/lib/nas/nasMessage/NAS_Status5GMM.go:40.15,42.10 1 0
gofree5gc/lib/nas/nasMessage/NAS_Status5GMM.go:45.17,45.17 0 0
gofree5gc/lib/nas/nasMessage/NAS_AuthenticationRequest.go:19.89,22.2 2 0
gofree5gc/lib/nas/nasMessage/NAS_AuthenticationRequest.go:30.83,37.45 7 0
gofree5gc/lib/nas/nasMessage/NAS_AuthenticationRequest.go:41.5,41.45 1 0
gofree5gc/lib/nas/nasMessage/NAS_AuthenticationRequest.go:46.5,46.28 1 0
gofree5gc/lib/nas/nasMessage/NAS_AuthenticationRequest.go:37.45,40.6 2 0
gofree5gc/lib/nas/nasMessage/NAS_AuthenticationRequest.go:41.45,45.6 3 0
gofree5gc/lib/nas/nasMessage/NAS_AuthenticationRequest.go:46.28,50.6 3 0
gofree5gc/lib/nas/nasMessage/NAS_AuthenticationRequest.go:53.80,62.26 9 0
gofree5gc/lib/nas/nasMessage/NAS_AuthenticationRequest.go:62.26,67.25 4 0
gofree5gc/lib/nas/nasMessage/NAS_AuthenticationRequest.go:73.9,73.25 1 0
gofree5gc/lib/nas/nasMessage/NAS_AuthenticationRequest.go:67.25,69.10 1 0
gofree5gc/lib/nas/nasMessage/NAS_AuthenticationRequest.go:69.15,71.10 1 0
gofree5gc/lib/nas/nasMessage/NAS_AuthenticationRequest.go:74.67,76.88 2 0
gofree5gc/lib/nas/nasMessage/NAS_AuthenticationRequest.go:77.67,81.88 4 0
gofree5gc/lib/nas/nasMessage/NAS_AuthenticationRequest.go:82.50,86.72 4 0
gofree5gc/lib/nas/nasMessage/NAS_AuthenticationRequest.go:87.17,87.17 0 0
gofree5gc/lib/nas/nasMessage/NAS_DeregistrationAcceptUETerminatedDeregistration.go:14.164,17.2 2 0
gofree5gc/lib/nas/nasMessage/NAS_DeregistrationAcceptUETerminatedDeregistration.go:19.133,23.2 3 0
gofree5gc/lib/nas/nasMessage/NAS_DeregistrationAcceptUETerminatedDeregistration.go:25.130,30.26 5 0
gofree5gc/lib/nas/nasMessage/NAS_DeregistrationAcceptUETerminatedDeregistration.go:30.26,35.25 4 0
gofree5gc/lib/nas/nasMessage/NAS_DeregistrationAcceptUETerminatedDeregistration.go:41.9,41.25 1 0
gofree5gc/lib/nas/nasMessage/NAS_DeregistrationAcceptUETerminatedDeregistration.go:35.25,37.10 1 0
gofree5gc/lib/nas/nasMessage/NAS_DeregistrationAcceptUETerminatedDeregistration.go:37.15,39.10 1 0
gofree5gc/lib/nas/nasMessage/NAS_DeregistrationAcceptUETerminatedDeregistration.go:42.17,42.17 0 0
gofree5gc/lib/nas/nasMessage/NAS_PDUSessionReleaseCommand.go:19.98,22.2 2 0
gofree5gc/lib/nas/nasMessage/NAS_PDUSessionReleaseCommand.go:30.89,36.35 6 0
gofree5gc/lib/nas/nasMessage/NAS_PDUSessionReleaseCommand.go:41.5,41.28 1 0
gofree5gc/lib/nas/nasMessage/NAS_PDUSessionReleaseCommand.go:46.5,46.54 1 0
gofree5gc/lib/nas/nasMessage/NAS_PDUSessionReleaseCommand.go:36.35,40.6 3 0
gofree5gc/lib/nas/nasMessage/NAS_PDUSessionReleaseCommand.go:41.28,45.6 3 0
gofree5gc/lib/nas/nasMessage/NAS_PDUSessionReleaseCommand.go:46.54,50.6 3 0
gofree5gc/lib/nas/nasMessage/NAS_PDUSessionReleaseCommand.go:53.86,60.26 7 0
gofree5gc/lib/nas/nasMessage/NAS_PDUSessionReleaseCommand.go:60.26,65.25 4 0
gofree5gc/lib/nas/nasMessage/NAS_PDUSessionReleaseCommand.go:71.9,71.25 1 0
gofree5gc/lib/nas/nasMessage/NAS_PDUSessionReleaseCommand.go:65.25,67.10 1 0
gofree5gc/lib/nas/nasMessage/NAS_PDUSessionReleaseCommand.go:67.15,69.10 1 0
gofree5gc/lib/nas/nasMessage/NAS_PDUSessionReleaseCommand.go:72.60,76.78 4 0
gofree5gc/lib/nas/nasMessage/NAS_PDUSessionReleaseCommand.go:77.53,81.72 4 0
gofree5gc/lib/nas/nasMessage/NAS_PDUSessionReleaseCommand.go:82.79,86.98 4 0
gofree5gc/lib/nas/nasMessage/NAS_PDUSessionReleaseCommand.go:87.17,87.17 0 0
gofree5gc/lib/nas/nasMessage/NAS_RegistrationRequest.go:36.83,39.2 2 0
gofree5gc/lib/nas/nasMessage/NAS_RegistrationRequest.go:64.79,71.53 7 0
gofree5gc/lib/nas/nasMessage/NAS_RegistrationRequest.go:75.5,75.32 1 0
gofree5gc/lib/nas/nasMessage/NAS_RegistrationRequest.go:80.5,80.38 1 0
gofree5gc/lib/nas/nasMessage/NAS_RegistrationRequest.go:85.5,85.32 1 0
gofree5gc/lib/nas/nasMessage/NAS_RegistrationRequest.go:90.5,90.42 1 0
gofree5gc/lib/nas/nasMessage/NAS_RegistrationRequest.go:94.5,94.39 1 0
gofree5gc/lib/nas/nasMessage/NAS_RegistrationRequest.go:99.5,99.34 1 0
gofree5gc/lib/nas/nasMessage/NAS_RegistrationRequest.go:104.5,104.34 1 0
gofree5gc/lib/nas/nasMessage/NAS_RegistrationRequest.go:109.5,109.32 1 0
gofree5gc/lib/nas/nasMessage/NAS_RegistrationRequest.go:113.5,113.26 1 0
gofree5gc/lib/nas/nasMessage/NAS_RegistrationRequest.go:118.5,118.32 1 0
gofree5gc/lib/nas/nasMessage/NAS_RegistrationRequest.go:123.5,123.41 1 0
gofree5gc/lib/nas/nasMessage/NAS_RegistrationRequest.go:128.5,128.33 1 0
gofree5gc/lib/nas/nasMessage/NAS_RegistrationRequest.go:133.5,133.40 1 0
gofree5gc/lib/nas/nasMessage/NAS_RegistrationRequest.go:138.5,138.40 1 0
gofree5gc/lib/nas/nasMessage/NAS_RegistrationRequest.go:143.5,143.32 1 0
gofree5gc/lib/nas/nasMessage/NAS_RegistrationRequest.go:148.5,148.34 1 0
gofree5gc/lib/nas/nasMessage/NAS_RegistrationRequest.go:153.5,153.42 1 0
gofree5gc/lib/nas/nasMessage/NAS_RegistrationRequest.go:157.5,157.31 1 0
gofree5gc/lib/nas/nasMessage/NAS_RegistrationRequest.go:162.5,162.37 1 0
gofree5gc/lib/nas/nasMessage/NAS_RegistrationRequest.go:71.53,74.6 2 0
gofree5gc/lib/nas/nasMessage/NAS_RegistrationRequest.go:75.32,79.6 3 0
gofree5gc/lib/nas/nasMessage/NAS_RegistrationRequest.go:80.38,84.6 3 0
gofree5gc/lib/nas/nasMessage/NAS_RegistrationRequest.go:85.32,89.6 3 0
gofree5gc/lib/nas/nasMessage/NAS_RegistrationRequest.go:90.42,93.6 2 0
gofree5gc/lib/nas/nasMessage/NAS_RegistrationRequest.go:94.39,98.6 3 0
gofree5gc/lib/nas/nasMessage/NAS_RegistrationRequest.go:99.34,103.6 3 0
gofree5gc/lib/nas/nasMessage/NAS_RegistrationRequest.go:104.34,108.6 3 0
gofree5gc/lib/nas/nasMessage/NAS_RegistrationRequest.go:109.32,112.6 2 0
gofree5gc/lib/nas/nasMessage/NAS_RegistrationRequest.go:113.26,117.6 3 0
gofree5gc/lib/nas/nasMessage/NAS_RegistrationRequest.go:118.32,122.6 3 0
gofree5gc/lib/nas/nasMessage/NAS_RegistrationRequest.go:123.41,127.6 3 0
gofree5gc/lib/nas/nasMessage/NAS_RegistrationRequest.go:128.33,132.6 3 0
gofree5gc/lib/nas/nasMessage/NAS_RegistrationRequest.go:133.40,137.6 3 0
gofree5gc/lib/nas/nasMessage/NAS_RegistrationRequest.go:138.40,142.6 3 0
gofree5gc/lib/nas/nasMessage/NAS_RegistrationRequest.go:143.32,147.6 3 0
gofree5gc/lib/nas/nasMessage/NAS_RegistrationRequest.go:148.34,152.6 3 0
gofree5gc/lib/nas/nasMessage/NAS_RegistrationRequest.go:153.42,156.6 2 0
gofree5gc/lib/nas/nasMessage/NAS_RegistrationRequest.go:157.31,161.6 3 0
gofree5gc/lib/nas/nasMessage/NAS_RegistrationRequest.go:162.37,166.6 3 0
gofree5gc/lib/nas/nasMessage/NAS_RegistrationRequest.go:169.76,178.26 9 0
gofree5gc/lib/nas/nasMessage/NAS_RegistrationRequest.go:178.26,183.25 4 0
gofree5gc/lib/nas/nasMessage/NAS_RegistrationRequest.go:189.9,189.25 1 0
gofree5gc/lib/nas/nasMessage/NAS_RegistrationRequest.go:183.25,185.10 1 0
gofree5gc/lib/nas/nasMessage/NAS_RegistrationRequest.go:185.15,187.10 1 0
gofree5gc/lib/nas/nasMessage/NAS_RegistrationRequest.go:190.73,192.96 2 0
gofree5gc/lib/nas/nasMessage/NAS_RegistrationRequest.go:193.52,197.75 4 0
gofree5gc/lib/nas/nasMessage/NAS_RegistrationRequest.go:198.58,202.81 4 0
gofree5gc/lib/nas/nasMessage/NAS_RegistrationRequest.go:203.52,207.76 4 0
gofree5gc/lib/nas/nasMessage/NAS_RegistrationRequest.go:208.62,210.85 2 0
gofree5gc/lib/nas/nasMessage/NAS_RegistrationRequest.go:211.59,215.82 4 0
gofree5gc/lib/nas/nasMessage/NAS_RegistrationRequest.go:216.54,220.78 4 0
gofree5gc/lib/nas/nasMessage/NAS_RegistrationRequest.go:221.54,225.78 4 0
gofree5gc/lib/nas/nasMessage/NAS_RegistrationRequest.go:226.52,228.75 2 0
gofree5gc/lib/nas/nasMessage/NAS_RegistrationRequest.go:229.46,233.69 4 0
gofree5gc/lib/nas/nasMessage/NAS_RegistrationRequest.go:234.52,238.75 4 0
gofree5gc/lib/nas/nasMessage/NAS_RegistrationRequest.go:239.61,243.85 4 0
gofree5gc/lib/nas/nasMessage/NAS_RegistrationRequest.go:244.53,248.76 4 0
gofree5gc/lib/nas/nasMessage/NAS_RegistrationRequest.go:249.60,253.83 4 0
gofree5gc/lib/nas/nasMessage/NAS_RegistrationRequest.go:254.60,258.84 4 0
gofree5gc/lib/nas/nasMessage/NAS_RegistrationRequest.go:259.52,263.76 4 0
gofree5gc/lib/nas/nasMessage/NAS_RegistrationRequest.go:264.54,268.78 4 0
gofree5gc/lib/nas/nasMessage/NAS_RegistrationRequest.go:269.62,271.85 2 0
gofree5gc/lib/nas/nasMessage/NAS_RegistrationRequest.go:272.51,276.74 4 0
gofree5gc/lib/nas/nasMessage/NAS_RegistrationRequest.go:277.57,281.81 4 0
gofree5gc/lib/nas/nasMessage/NAS_RegistrationRequest.go:282.17,282.17 0 0
gofree5gc/lib/nas/nasMessage/NAS_PDUSessionModificationReject.go:18.110,21.2 2 0
gofree5gc/lib/nas/nasMessage/NAS_PDUSessionModificationReject.go:28.97,34.35 6 0
gofree5gc/lib/nas/nasMessage/NAS_PDUSessionModificationReject.go:39.5,39.54 1 0
gofree5gc/lib/nas/nasMessage/NAS_PDUSessionModificationReject.go:34.35,38.6 3 0
gofree5gc/lib/nas/nasMessage/NAS_PDUSessionModificationReject.go:39.54,43.6 3 0
gofree5gc/lib/nas/nasMessage/NAS_PDUSessionModificationReject.go:46.94,53.26 7 0
gofree5gc/lib/nas/nasMessage/NAS_PDUSessionModificationReject.go:53.26,58.25 4 0
gofree5gc/lib/nas/nasMessage/NAS_PDUSessionModificationReject.go:64.9,64.25 1 0
gofree5gc/lib/nas/nasMessage/NAS_PDUSessionModificationReject.go:58.25,60.10 1 0
gofree5gc/lib/nas/nasMessage/NAS_PDUSessionModificationReject.go:60.15,62.10 1 0
gofree5gc/lib/nas/nasMessage/NAS_PDUSessionModificationReject.go:65.64,69.78 4 0
gofree5gc/lib/nas/nasMessage/NAS_PDUSessionModificationReject.go:70.83,74.98 4 0
gofree5gc/lib/nas/nasMessage/NAS_PDUSessionModificationReject.go:75.17,75.17 0 0
gofree5gc/lib/nas/nasMessage/NAS_RegistrationComplete.go:15.86,18.2 2 0
gofree5gc/lib/nas/nasMessage/NAS_RegistrationComplete.go:24.81,28.41 4 0
gofree5gc/lib/nas/nasMessage/NAS_RegistrationComplete.go:28.41,32.6 3 0
gofree5gc/lib/nas/nasMessage/NAS_RegistrationComplete.go:35.78,40.26 5 0
gofree5gc/lib/nas/nasMessage/NAS_RegistrationComplete.go:40.26,45.25 4 0
gofree5gc/lib/nas/nasMessage/NAS_RegistrationComplete.go:51.9,51.25 1 0
gofree5gc/lib/nas/nasMessage/NAS_RegistrationComplete.go:45.25,47.10 1 0
gofree5gc/lib/nas/nasMessage/NAS_RegistrationComplete.go:47.15,49.10 1 0
gofree5gc/lib/nas/nasMessage/NAS_RegistrationComplete.go:52.62,56.85 4 0
gofree5gc/lib/nas/nasMessage/NAS_RegistrationComplete.go:57.17,57.17 0 0
gofree5gc/lib/nas/nasMessage/NAS_ServiceRequest.go:20.68,23.2 2 0
gofree5gc/lib/nas/nasMessage/NAS_ServiceRequest.go:32.69,39.34 7 0
gofree5gc/lib/nas/nasMessage/NAS_ServiceRequest.go:44.5,44.34 1 0
gofree5gc/lib/nas/nasMessage/NAS_ServiceRequest.go:49.5,49.41 1 0
gofree5gc/lib/nas/nasMessage/NAS_ServiceRequest.go:54.5,54.37 1 0
gofree5gc/lib/nas/nasMessage/NAS_ServiceRequest.go:39.34,43.6 3 0
gofree5gc/lib/nas/nasMessage/NAS_ServiceRequest.go:44.34,48.6 3 0
gofree5gc/lib/nas/nasMessage/NAS_ServiceRequest.go:49.41,53.6 3 0
gofree5gc/lib/nas/nasMessage/NAS_ServiceRequest.go:54.37,58.6 3 0
gofree5gc/lib/nas/nasMessage/NAS_ServiceRequest.go:61.66,70.26 9 0
gofree5gc/lib/nas/nasMessage/NAS_ServiceRequest.go:70.26,75.25 4 0
gofree5gc/lib/nas/nasMessage/NAS_ServiceRequest.go:81.9,81.25 1 0
gofree5gc/lib/nas/nasMessage/NAS_ServiceRequest.go:75.25,77.10 1 0
gofree5gc/lib/nas/nasMessage/NAS_ServiceRequest.go:77.15,79.10 1 0
gofree5gc/lib/nas/nasMessage/NAS_ServiceRequest.go:82.49,86.78 4 0
gofree5gc/lib/nas/nasMessage/NAS_ServiceRequest.go:87.49,91.78 4 0
gofree5gc/lib/nas/nasMessage/NAS_ServiceRequest.go:92.56,96.85 4 0
gofree5gc/lib/nas/nasMessage/NAS_ServiceRequest.go:97.52,101.81 4 0
gofree5gc/lib/nas/nasMessage/NAS_ServiceRequest.go:102.17,102.17 0 0
gofree5gc/lib/nas/nasMessage/NAS_Status5GSM.go:16.56,19.2 2 0
gofree5gc/lib/nas/nasMessage/NAS_Status5GSM.go:21.61,27.2 5 0
gofree5gc/lib/nas/nasMessage/NAS_Status5GSM.go:29.58,36.26 7 0
gofree5gc/lib/nas/nasMessage/NAS_Status5GSM.go:36.26,41.25 4 0
gofree5gc/lib/nas/nasMessage/NAS_Status5GSM.go:47.9,47.25 1 0
gofree5gc/lib/nas/nasMessage/NAS_Status5GSM.go:41.25,43.10 1 0
gofree5gc/lib/nas/nasMessage/NAS_Status5GSM.go:43.15,45.10 1 0
gofree5gc/lib/nas/nasMessage/NAS_Status5GSM.go:48.17,48.17 0 0
gofree5gc/lib/nas/nasMessage/NAS_AuthenticationFailure.go:16.89,19.2 2 0
gofree5gc/lib/nas/nasMessage/NAS_AuthenticationFailure.go:25.83,30.48 5 0
gofree5gc/lib/nas/nasMessage/NAS_AuthenticationFailure.go:30.48,34.6 3 0
gofree5gc/lib/nas/nasMessage/NAS_AuthenticationFailure.go:37.80,43.26 6 0
gofree5gc/lib/nas/nasMessage/NAS_AuthenticationFailure.go:43.26,48.25 4 0
gofree5gc/lib/nas/nasMessage/NAS_AuthenticationFailure.go:54.9,54.25 1 0
gofree5gc/lib/nas/nasMessage/NAS_AuthenticationFailure.go:48.25,50.10 1 0
gofree5gc/lib/nas/nasMessage/NAS_AuthenticationFailure.go:50.15,52.10 1 0
gofree5gc/lib/nas/nasMessage/NAS_AuthenticationFailure.go:55.70,59.91 4 0
gofree5gc/lib/nas/nasMessage/NAS_AuthenticationFailure.go:60.17,60.17 0 0
gofree5gc/lib/nas/nasMessage/NAS_NotificationResponse.go:15.86,18.2 2 0
gofree5gc/lib/nas/nasMessage/NAS_NotificationResponse.go:24.81,28.34 4 0
gofree5gc/lib/nas/nasMessage/NAS_NotificationResponse.go:28.34,32.6 3 0
gofree5gc/lib/nas/nasMessage/NAS_NotificationResponse.go:35.78,40.26 5 0
gofree5gc/lib/nas/nasMessage/NAS_NotificationResponse.go:40.26,45.25 4 0
gofree5gc/lib/nas/nasMessage/NAS_NotificationResponse.go:51.9,51.25 1 0
gofree5gc/lib/nas/nasMessage/NAS_NotificationResponse.go:45.25,47.10 1 0
gofree5gc/lib/nas/nasMessage/NAS_NotificationResponse.go:47.15,49.10 1 0
gofree5gc/lib/nas/nasMessage/NAS_NotificationResponse.go:52.55,56.78 4 0
gofree5gc/lib/nas/nasMessage/NAS_NotificationResponse.go:57.17,57.17 0 0
gofree5gc/lib/nas/nasMessage/NAS_PDUSessionEstablishmentRequest.go:23.116,26.2 2 0
gofree5gc/lib/nas/nasMessage/NAS_PDUSessionEstablishmentRequest.go:38.101,44.32 6 0
gofree5gc/lib/nas/nasMessage/NAS_PDUSessionEstablishmentRequest.go:48.5,48.25 1 0
gofree5gc/lib/nas/nasMessage/NAS_PDUSessionEstablishmentRequest.go:52.5,52.32 1 0
gofree5gc/lib/nas/nasMessage/NAS_PDUSessionEstablishmentRequest.go:57.5,57.55 1 0
gofree5gc/lib/nas/nasMessage/NAS_PDUSessionEstablishmentRequest.go:61.5,61.45 1 0
gofree5gc/lib/nas/nasMessage/NAS_PDUSessionEstablishmentRequest.go:65.5,65.41 1 0
gofree5gc/lib/nas/nasMessage/NAS_PDUSessionEstablishmentRequest.go:70.5,70.54 1 0
gofree5gc/lib/nas/nasMessage/NAS_PDUSessionEstablishmentRequest.go:44.32,47.6 2 0
gofree5gc/lib/nas/nasMessage/NAS_PDUSessionEstablishmentRequest.go:48.25,51.6 2 0
gofree5gc/lib/nas/nasMessage/NAS_PDUSessionEstablishmentRequest.go:52.32,56.6 3 0
gofree5gc/lib/nas/nasMessage/NAS_PDUSessionEstablishmentRequest.go:57.55,60.6 2 0
gofree5gc/lib/nas/nasMessage/NAS_PDUSessionEstablishmentRequest.go:61.45,64.6 2 0
gofree5gc/lib/nas/nasMessage/NAS_PDUSessionEstablishmentRequest.go:65.41,69.6 3 0
gofree5gc/lib/nas/nasMessage/NAS_PDUSessionEstablishmentRequest.go:70.54,74.6 3 0
gofree5gc/lib/nas/nasMessage/NAS_PDUSessionEstablishmentRequest.go:77.98,84.26 7 0
gofree5gc/lib/nas/nasMessage/NAS_PDUSessionEstablishmentRequest.go:84.26,89.25 4 0
gofree5gc/lib/nas/nasMessage/NAS_PDUSessionEstablishmentRequest.go:95.9,95.25 1 0
gofree5gc/lib/nas/nasMessage/NAS_PDUSessionEstablishmentRequest.go:89.25,91.10 1 0
gofree5gc/lib/nas/nasMessage/NAS_PDUSessionEstablishmentRequest.go:91.15,93.10 1 0
gofree5gc/lib/nas/nasMessage/NAS_PDUSessionEstablishmentRequest.go:96.63,98.75 2 0
gofree5gc/lib/nas/nasMessage/NAS_PDUSessionEstablishmentRequest.go:99.56,101.68 2 0
gofree5gc/lib/nas/nasMessage/NAS_PDUSessionEstablishmentRequest.go:102.63,106.75 4 0
gofree5gc/lib/nas/nasMessage/NAS_PDUSessionEstablishmentRequest.go:107.86,109.98 2 0
gofree5gc/lib/nas/nasMessage/NAS_PDUSessionEstablishmentRequest.go:110.76,112.88 2 0
gofree5gc/lib/nas/nasMessage/NAS_PDUSessionEstablishmentRequest.go:113.72,117.85 4 0
gofree5gc/lib/nas/nasMessage/NAS_PDUSessionEstablishmentRequest.go:118.85,122.98 4 0
gofree5gc/lib/nas/nasMessage/NAS_PDUSessionEstablishmentRequest.go:123.17,123.17 0 0
gofree5gc/lib/nas/nasMessage/NAS_PDUSessionModificationCommand.go:23.113,26.2 2 0
gofree5gc/lib/nas/nasMessage/NAS_PDUSessionModificationCommand.go:39.99,44.27 5 0
gofree5gc/lib/nas/nasMessage/NAS_PDUSessionModificationCommand.go:48.5,48.29 1 0
gofree5gc/lib/nas/nasMessage/NAS_PDUSessionModificationCommand.go:53.5,53.30 1 0
gofree5gc/lib/nas/nasMessage/NAS_PDUSessionModificationCommand.go:57.5,57.46 1 0
gofree5gc/lib/nas/nasMessage/NAS_PDUSessionModificationCommand.go:61.5,61.36 1 0
gofree5gc/lib/nas/nasMessage/NAS_PDUSessionModificationCommand.go:66.5,66.41 1 0
gofree5gc/lib/nas/nasMessage/NAS_PDUSessionModificationCommand.go:71.5,71.47 1 0
gofree5gc/lib/nas/nasMessage/NAS_PDUSessionModificationCommand.go:76.5,76.54 1 0
gofree5gc/lib/nas/nasMessage/NAS_PDUSessionModificationCommand.go:44.27,47.6 2 0
gofree5gc/lib/nas/nasMessage/NAS_PDUSessionModificationCommand.go:48.29,52.6 3 0
gofree5gc/lib/nas/nasMessage/NAS_PDUSessionModificationCommand.go:53.30,56.6 2 0
gofree5gc/lib/nas/nasMessage/NAS_PDUSessionModificationCommand.go:57.46,60.6 2 0
gofree5gc/lib/nas/nasMessage/NAS_PDUSessionModificationCommand.go:61.36,65.6 3 0
gofree5gc/lib/nas/nasMessage/NAS_PDUSessionModificationCommand.go:66.41,70.6 3 0
gofree5gc/lib/nas/nasMessage/NAS_PDUSessionModificationCommand.go:71.47,75.6 3 0
gofree5gc/lib/nas/nasMessage/NAS_PDUSessionModificationCommand.go:76.54,80.6 3 0
gofree5gc/lib/nas/nasMessage/NAS_PDUSessionModificationCommand.go:83.96,89.26 6 0
gofree5gc/lib/nas/nasMessage/NAS_PDUSessionModificationCommand.go:89.26,94.25 4 0
gofree5gc/lib/nas/nasMessage/NAS_PDUSessionModificationCommand.go:100.9,100.25 1 0
gofree5gc/lib/nas/nasMessage/NAS_PDUSessionModificationCommand.go:94.25,96.10 1 0
gofree5gc/lib/nas/nasMessage/NAS_PDUSessionModificationCommand.go:96.15,98.10 1 0
gofree5gc/lib/nas/nasMessage/NAS_PDUSessionModificationCommand.go:101.57,103.70 2 0
gofree5gc/lib/nas/nasMessage/NAS_PDUSessionModificationCommand.go:104.59,108.72 4 0
gofree5gc/lib/nas/nasMessage/NAS_PDUSessionModificationCommand.go:109.60,111.73 2 0
gofree5gc/lib/nas/nasMessage/NAS_PDUSessionModificationCommand.go:112.76,114.89 2 0
gofree5gc/lib/nas/nasMessage/NAS_PDUSessionModificationCommand.go:115.66,119.80 4 0
gofree5gc/lib/nas/nasMessage/NAS_PDUSessionModificationCommand.go:120.71,124.85 4 0
gofree5gc/lib/nas/nasMessage/NAS_PDUSessionModificationCommand.go:125.77,129.91 4 0
gofree5gc/lib/nas/nasMessage/NAS_PDUSessionModificationCommand.go:130.84,134.98 4 0
gofree5gc/lib/nas/nasMessage/NAS_PDUSessionModificationCommand.go:135.17,135.17 0 0
gofree5gc/lib/nas/nasMessage/NAS_ULNASTransport.go:21.68,24.2 2 0
gofree5gc/lib/nas/nasMessage/NAS_ULNASTransport.go:34.69,41.30 7 0
gofree5gc/lib/nas/nasMessage/NAS_ULNASTransport.go:45.5,45.33 1 0
gofree5gc/lib/nas/nasMessage/NAS_ULNASTransport.go:49.5,49.29 1 0
gofree5gc/lib/nas/nasMessage/NAS_ULNASTransport.go:53.5,53.24 1 0
gofree5gc/lib/nas/nasMessage/NAS_ULNASTransport.go:58.5,58.39 1 0
gofree5gc/lib/nas/nasMessage/NAS_ULNASTransport.go:41.30,44.6 2 0
gofree5gc/lib/nas/nasMessage/NAS_ULNASTransport.go:45.33,48.6 2 0
gofree5gc/lib/nas/nasMessage/NAS_ULNASTransport.go:49.29,52.6 2 0
gofree5gc/lib/nas/nasMessage/NAS_ULNASTransport.go:53.24,57.6 3 0
gofree5gc/lib/nas/nasMessage/NAS_ULNASTransport.go:58.39,62.6 3 0
gofree5gc/lib/nas/nasMessage/NAS_ULNASTransport.go:65.66,74.26 9 0
gofree5gc/lib/nas/nasMessage/NAS_ULNASTransport.go:74.26,79.25 4 0
gofree5gc/lib/nas/nasMessage/NAS_ULNASTransport.go:85.9,85.25 1 0
gofree5gc/lib/nas/nasMessage/NAS_ULNASTransport.go:79.25,81.10 1 0
gofree5gc/lib/nas/nasMessage/NAS_ULNASTransport.go:81.15,83.10 1 0
gofree5gc/lib/nas/nasMessage/NAS_ULNASTransport.go:86.48,88.76 2 0
gofree5gc/lib/nas/nasMessage/NAS_ULNASTransport.go:89.44,91.72 2 0
gofree5gc/lib/nas/nasMessage/NAS_ULNASTransport.go:92.39,96.67 4 0
gofree5gc/lib/nas/nasMessage/NAS_ULNASTransport.go:97.54,101.83 4 0
gofree5gc/lib/nas/nasMessage/NAS_ULNASTransport.go:102.17,102.17 0 0
